<?xml version="1.0" encoding="UTF-8"?>
<coverage generated="1784321360566" clover="3.2.0">
  <project timestamp="1784321360566" name="All files">
    <metrics statements="8101" coveredstatements="4079" conditionals="5961" coveredconditionals="1312" methods="3471" coveredmethods="983" elements="17533" coveredelements="6374" complexity="0" loc="8101" ncloc="8101" packages="45" files="251" classes="251"/>
    <package name="ui">
      <metrics statements="7" coveredstatements="0" conditionals="4" coveredconditionals="0" methods="3" coveredmethods="0"/>
      <file name="app.jsx" path="/Users/hsnow/code/seqr/ui/app.jsx">
        <metrics statements="7" coveredstatements="0" conditionals="4" coveredconditionals="0" methods="3" coveredmethods="0"/>
        <line num="29" count="0" type="stmt"/>
        <line num="30" count="0" type="cond" truecount="0" falsecount="4"/>
        <line num="33" count="0" type="stmt"/>
        <line num="37" count="0" type="stmt"/>
        <line num="41" count="0" type="stmt"/>
        <line num="43" count="0" type="stmt"/>
        <line num="61" count="0" type="stmt"/>
      </file>
    </package>
    <package name="ui.@types">
      <metrics statements="0" coveredstatements="0" conditionals="0" coveredconditionals="0" methods="0" coveredmethods="0"/>
      <file name="remove-markdown.d.ts" path="/Users/hsnow/code/seqr/ui/@types/remove-markdown.d.ts">
        <metrics statements="0" coveredstatements="0" conditionals="0" coveredconditionals="0" methods="0" coveredmethods="0"/>
      </file>
      <file name="timeout-as-promise.d.ts" path="/Users/hsnow/code/seqr/ui/@types/timeout-as-promise.d.ts">
        <metrics statements="0" coveredstatements="0" conditionals="0" coveredconditionals="0" methods="0" coveredmethods="0"/>
      </file>
    </package>
    <package name="ui.config">
      <metrics statements="85" coveredstatements="0" conditionals="28" coveredconditionals="0" methods="13" coveredmethods="0"/>
      <file name="d3-bundle.js" path="/Users/hsnow/code/seqr/ui/config/d3-bundle.js">
        <metrics statements="0" coveredstatements="0" conditionals="0" coveredconditionals="0" methods="0" coveredmethods="0"/>
      </file>
      <file name="env.js" path="/Users/hsnow/code/seqr/ui/config/env.js">
        <metrics statements="26" coveredstatements="0" conditionals="12" coveredconditionals="0" methods="7" coveredmethods="0"/>
        <line num="3" count="0" type="stmt"/>
        <line num="4" count="0" type="stmt"/>
        <line num="5" count="0" type="stmt"/>
        <line num="8" count="0" type="stmt"/>
        <line num="10" count="0" type="stmt"/>
        <line num="11" count="0" type="cond" truecount="0" falsecount="2"/>
        <line num="12" count="0" type="stmt"/>
        <line num="18" count="0" type="stmt"/>
        <line num="32" count="0" type="stmt"/>
        <line num="33" count="0" type="cond" truecount="0" falsecount="2"/>
        <line num="34" count="0" type="stmt"/>
        <line num="49" count="0" type="stmt"/>
        <line num="50" count="0" type="cond" truecount="0" falsecount="2"/>
        <line num="52" count="0" type="cond" truecount="0" falsecount="2"/>
        <line num="53" count="0" type="stmt"/>
        <line num="56" count="0" type="stmt"/>
        <line num="60" count="0" type="stmt"/>
        <line num="63" count="0" type="stmt"/>
        <line num="64" count="0" type="stmt"/>
        <line num="67" count="0" type="stmt"/>
        <line num="68" count="0" type="stmt"/>
        <line num="82" count="0" type="stmt"/>
        <line num="84" count="0" type="stmt"/>
        <line num="85" count="0" type="stmt"/>
        <line num="89" count="0" type="stmt"/>
        <line num="92" count="0" type="stmt"/>
      </file>
      <file name="paths.js" path="/Users/hsnow/code/seqr/ui/config/paths.js">
        <metrics statements="18" coveredstatements="0" conditionals="14" coveredconditionals="0" methods="4" coveredmethods="0"/>
        <line num="3" count="0" type="stmt"/>
        <line num="4" count="0" type="stmt"/>
        <line num="5" count="0" type="stmt"/>
        <line num="9" count="0" type="stmt"/>
        <line num="10" count="0" type="stmt"/>
        <line num="12" count="0" type="stmt"/>
        <line num="15" count="0" type="stmt"/>
        <line num="16" count="0" type="cond" truecount="0" falsecount="4"/>
        <line num="17" count="0" type="stmt"/>
        <line num="18" count="0" type="cond" truecount="0" falsecount="4"/>
        <line num="19" count="0" type="stmt"/>
        <line num="21" count="0" type="stmt"/>
        <line num="25" count="0" type="stmt"/>
        <line num="26" count="0" type="cond" truecount="0" falsecount="2"/>
        <line num="35" count="0" type="stmt"/>
        <line num="37" count="0" type="cond" truecount="0" falsecount="4"/>
        <line num="38" count="0" type="stmt"/>
        <line num="42" count="0" type="stmt"/>
      </file>
      <file name="webpack.config.dev.js" path="/Users/hsnow/code/seqr/ui/config/webpack.config.dev.js">
        <metrics statements="15" coveredstatements="0" conditionals="0" coveredconditionals="0" methods="1" coveredmethods="0"/>
        <line num="1" count="0" type="stmt"/>
        <line num="2" count="0" type="stmt"/>
        <line num="3" count="0" type="stmt"/>
        <line num="4" count="0" type="stmt"/>
        <line num="5" count="0" type="stmt"/>
        <line num="6" count="0" type="stmt"/>
        <line num="7" count="0" type="stmt"/>
        <line num="8" count="0" type="stmt"/>
        <line num="9" count="0" type="stmt"/>
        <line num="10" count="0" type="stmt"/>
        <line num="11" count="0" type="stmt"/>
        <line num="16" count="0" type="stmt"/>
        <line num="35" count="0" type="stmt"/>
        <line num="109" count="0" type="stmt"/>
        <line num="110" count="0" type="stmt"/>
      </file>
      <file name="webpack.config.prod.js" path="/Users/hsnow/code/seqr/ui/config/webpack.config.prod.js">
        <metrics statements="23" coveredstatements="0" conditionals="2" coveredconditionals="0" methods="0" coveredmethods="0"/>
        <line num="3" count="0" type="stmt"/>
        <line num="4" count="0" type="stmt"/>
        <line num="5" count="0" type="stmt"/>
        <line num="6" count="0" type="stmt"/>
        <line num="7" count="0" type="stmt"/>
        <line num="8" count="0" type="stmt"/>
        <line num="9" count="0" type="stmt"/>
        <line num="10" count="0" type="stmt"/>
        <line num="11" count="0" type="stmt"/>
        <line num="12" count="0" type="stmt"/>
        <line num="13" count="0" type="stmt"/>
        <line num="14" count="0" type="stmt"/>
        <line num="15" count="0" type="stmt"/>
        <line num="16" count="0" type="stmt"/>
        <line num="17" count="0" type="stmt"/>
        <line num="21" count="0" type="stmt"/>
        <line num="25" count="0" type="stmt"/>
        <line num="27" count="0" type="stmt"/>
        <line num="31" count="0" type="cond" truecount="0" falsecount="2"/>
        <line num="32" count="0" type="stmt"/>
        <line num="36" count="0" type="stmt"/>
        <line num="38" count="0" type="stmt"/>
        <line num="58" count="0" type="stmt"/>
      </file>
      <file name="webpackDevServer.config.js" path="/Users/hsnow/code/seqr/ui/config/webpackDevServer.config.js">
        <metrics statements="3" coveredstatements="0" conditionals="0" coveredconditionals="0" methods="1" coveredmethods="0"/>
        <line num="1" count="0" type="stmt"/>
        <line num="3" count="0" type="stmt"/>
        <line num="4" count="0" type="stmt"/>
      </file>
    </package>
    <package name="ui.config.jest">
      <metrics statements="6" coveredstatements="2" conditionals="0" coveredconditionals="0" methods="3" coveredmethods="0"/>
      <file name="cssTransform.js" path="/Users/hsnow/code/seqr/ui/config/jest/cssTransform.js">
        <metrics statements="3" coveredstatements="0" conditionals="0" coveredconditionals="0" methods="2" coveredmethods="0"/>
        <line num="6" count="0" type="stmt"/>
        <line num="8" count="0" type="stmt"/>
        <line num="12" count="0" type="stmt"/>
      </file>
      <file name="fileTransform.js" path="/Users/hsnow/code/seqr/ui/config/jest/fileTransform.js">
        <metrics statements="3" coveredstatements="2" conditionals="0" coveredconditionals="0" methods="1" coveredmethods="0"/>
        <line num="3" count="2" type="stmt"/>
        <line num="8" count="2" type="stmt"/>
        <line num="10" count="0" type="stmt"/>
      </file>
    </package>
    <package name="ui.coverage.lcov-report">
      <metrics statements="106" coveredstatements="0" conditionals="323" coveredconditionals="0" methods="52" coveredmethods="0"/>
      <file name="block-navigation.js" path="/Users/hsnow/code/seqr/ui/coverage/lcov-report/block-navigation.js">
        <metrics statements="28" coveredstatements="0" conditionals="15" coveredconditionals="0" methods="6" coveredmethods="0"/>
        <line num="2" count="0" type="stmt"/>
        <line num="4" count="0" type="stmt"/>
        <line num="7" count="0" type="stmt"/>
        <line num="10" count="0" type="stmt"/>
        <line num="14" count="0" type="stmt"/>
        <line num="20" count="0" type="stmt"/>
        <line num="25" count="0" type="stmt"/>
        <line num="28" count="0" type="stmt"/>
        <line num="32" count="0" type="stmt"/>
        <line num="33" count="0" type="stmt"/>
        <line num="34" count="0" type="stmt"/>
        <line num="42" count="0" type="stmt"/>
        <line num="43" count="0" type="cond" truecount="0" falsecount="4"/>
        <line num="44" count="0" type="stmt"/>
        <line num="45" count="0" type="cond" truecount="0" falsecount="2"/>
        <line num="46" count="0" type="stmt"/>
        <line num="49" count="0" type="stmt"/>
        <line num="53" count="0" type="stmt"/>
        <line num="55" count="0" type="cond" truecount="0" falsecount="2"/>
        <line num="59" count="0" type="stmt"/>
        <line num="62" count="0" type="stmt"/>
        <line num="65" count="0" type="stmt"/>
        <line num="66" count="0" type="cond" truecount="0" falsecount="5"/>
        <line num="69" count="0" type="stmt"/>
        <line num="70" count="0" type="stmt"/>
        <line num="74" count="0" type="stmt"/>
        <line num="75" count="0" type="stmt"/>
        <line num="79" count="0" type="stmt"/>
      </file>
      <file name="prettify.js" path="/Users/hsnow/code/seqr/ui/coverage/lcov-report/prettify.js">
        <metrics statements="1" coveredstatements="0" conditionals="286" coveredconditionals="0" methods="29" coveredmethods="0"/>
        <line num="2" count="0" type="cond" truecount="0" falsecount="286"/>
      </file>
      <file name="sorter.js" path="/Users/hsnow/code/seqr/ui/coverage/lcov-report/sorter.js">
        <metrics statements="77" coveredstatements="0" conditionals="22" coveredconditionals="0" methods="17" coveredmethods="0"/>
        <line num="2" count="0" type="stmt"/>
        <line num="5" count="0" type="stmt"/>
        <line num="12" count="0" type="stmt"/>
        <line num="16" count="0" type="stmt"/>
        <line num="20" count="0" type="stmt"/>
        <line num="24" count="0" type="stmt"/>
        <line num="29" count="0" type="stmt"/>
        <line num="31" count="0" type="stmt"/>
        <line num="35" count="0" type="stmt"/>
        <line num="36" count="0" type="stmt"/>
        <line num="37" count="0" type="stmt"/>
        <line num="42" count="0" type="stmt"/>
        <line num="43" count="0" type="cond" truecount="0" falsecount="2"/>
        <line num="44" count="0" type="stmt"/>
        <line num="45" count="0" type="stmt"/>
        <line num="49" count="0" type="stmt"/>
        <line num="54" count="0" type="stmt"/>
        <line num="57" count="0" type="stmt"/>
        <line num="60" count="0" type="stmt"/>
        <line num="61" count="0" type="stmt"/>
        <line num="62" count="0" type="stmt"/>
        <line num="63" count="0" type="stmt"/>
        <line num="64" count="0" type="cond" truecount="0" falsecount="2"/>
        <line num="65" count="0" type="stmt"/>
        <line num="67" count="0" type="stmt"/>
        <line num="69" count="0" type="stmt"/>
        <line num="73" count="0" type="stmt"/>
        <line num="76" count="0" type="stmt"/>
        <line num="77" count="0" type="stmt"/>
        <line num="82" count="0" type="stmt"/>
        <line num="83" count="0" type="stmt"/>
        <line num="84" count="0" type="stmt"/>
        <line num="85" count="0" type="stmt"/>
        <line num="86" count="0" type="cond" truecount="0" falsecount="4"/>
        <line num="88" count="0" type="stmt"/>
        <line num="89" count="0" type="stmt"/>
        <line num="90" count="0" type="stmt"/>
        <line num="91" count="0" type="stmt"/>
        <line num="94" count="0" type="cond" truecount="0" falsecount="2"/>
        <line num="95" count="0" type="stmt"/>
        <line num="96" count="0" type="stmt"/>
        <line num="100" count="0" type="stmt"/>
        <line num="101" count="0" type="stmt"/>
        <line num="102" count="0" type="stmt"/>
        <line num="105" count="0" type="stmt"/>
        <line num="107" count="0" type="stmt"/>
        <line num="108" count="0" type="stmt"/>
        <line num="113" count="0" type="stmt"/>
        <line num="114" count="0" type="stmt"/>
        <line num="116" count="0" type="stmt"/>
        <line num="117" count="0" type="stmt"/>
        <line num="121" count="0" type="cond" truecount="0" falsecount="2"/>
        <line num="129" count="0" type="stmt"/>
        <line num="130" count="0" type="stmt"/>
        <line num="132" count="0" type="stmt"/>
        <line num="133" count="0" type="stmt"/>
        <line num="135" count="0" type="cond" truecount="0" falsecount="2"/>
        <line num="136" count="0" type="stmt"/>
        <line num="138" count="0" type="stmt"/>
        <line num="139" count="0" type="stmt"/>
        <line num="140" count="0" type="stmt"/>
        <line num="141" count="0" type="stmt"/>
        <line num="142" count="0" type="stmt"/>
        <line num="145" count="0" type="stmt"/>
        <line num="146" count="0" type="cond" truecount="0" falsecount="2"/>
        <line num="149" count="0" type="stmt"/>
        <line num="150" count="0" type="cond" truecount="0" falsecount="2"/>
        <line num="151" count="0" type="stmt"/>
        <line num="153" count="0" type="stmt"/>
        <line num="159" count="0" type="stmt"/>
        <line num="160" count="0" type="cond" truecount="0" falsecount="2"/>
        <line num="161" count="0" type="stmt"/>
        <line num="163" count="0" type="stmt"/>
        <line num="164" count="0" type="stmt"/>
        <line num="165" count="0" type="stmt"/>
        <line num="166" count="0" type="stmt"/>
        <line num="170" count="0" type="stmt"/>
      </file>
    </package>
    <package name="ui.pages.AnvilWorkspace">
      <metrics statements="7" coveredstatements="0" conditionals="0" coveredconditionals="0" methods="3" coveredmethods="0"/>
      <file name="LoadWorkspaceData.jsx" path="/Users/hsnow/code/seqr/ui/pages/AnvilWorkspace/LoadWorkspaceData.jsx">
        <metrics statements="7" coveredstatements="0" conditionals="0" coveredconditionals="0" methods="3" coveredmethods="0"/>
        <line num="7" count="0" type="stmt"/>
        <line num="8" count="0" type="stmt"/>
        <line num="16" count="0" type="stmt"/>
        <line num="22" count="0" type="stmt"/>
        <line num="26" count="0" type="stmt"/>
        <line num="27" count="0" type="stmt"/>
        <line num="32" count="0" type="stmt"/>
      </file>
    </package>
    <package name="ui.pages.Dashboard">
      <metrics statements="77" coveredstatements="46" conditionals="46" coveredconditionals="11" methods="26" coveredmethods="9"/>
      <file name="Dashboard.jsx" path="/Users/hsnow/code/seqr/ui/pages/Dashboard/Dashboard.jsx">
        <metrics statements="41" coveredstatements="16" conditionals="35" coveredconditionals="4" methods="15" coveredmethods="2"/>
        <line num="24" count="1" type="stmt"/>
        <line num="45" count="1" type="stmt"/>
        <line num="49" count="0" type="stmt"/>
        <line num="58" count="0" type="stmt"/>
        <line num="71" count="0" type="cond" truecount="0" falsecount="2"/>
        <line num="72" count="0" type="stmt"/>
        <line num="74" count="0" type="stmt"/>
        <line num="75" count="0" type="stmt"/>
        <line num="86" count="0" type="stmt"/>
        <line num="109" count="0" type="cond" truecount="0" falsecount="2"/>
        <line num="110" count="0" type="stmt"/>
        <line num="112" count="0" type="cond" truecount="0" falsecount="2"/>
        <line num="113" count="0" type="stmt"/>
        <line num="114" count="0" type="stmt"/>
        <line num="117" count="0" type="stmt"/>
        <line num="119" count="0" type="cond" truecount="0" falsecount="5"/>
        <line num="120" count="0" type="stmt"/>
        <line num="147" count="0" type="cond" truecount="0" falsecount="2"/>
        <line num="148" count="0" type="stmt"/>
        <line num="150" count="0" type="stmt"/>
        <line num="152" count="0" type="cond" truecount="0" falsecount="2"/>
        <line num="157" count="0" type="cond" truecount="0" falsecount="2"/>
        <line num="158" count="0" type="stmt"/>
        <line num="160" count="0" type="stmt"/>
        <line num="167" count="0" type="stmt"/>
        <line num="173" count="1" type="stmt"/>
        <line num="174" count="1" type="stmt"/>
        <line num="179" count="0" type="cond" truecount="0" falsecount="2"/>
        <line num="183" count="1" type="stmt"/>
        <line num="184" count="1" type="stmt"/>
        <line num="186" count="1" type="stmt"/>
        <line num="187" count="1" type="stmt"/>
        <line num="189" count="1" type="stmt"/>
        <line num="190" count="1" type="cond" truecount="2" falsecount="2"/>
        <line num="191" count="0" type="cond" truecount="0" falsecount="2"/>
        <line num="193" count="1" type="cond" truecount="1" falsecount="1"/>
        <line num="196" count="1" type="stmt"/>
        <line num="197" count="1" type="stmt"/>
        <line num="222" count="1" type="stmt"/>
        <line num="232" count="1" type="stmt"/>
        <line num="239" count="1" type="stmt"/>
      </file>
      <file name="constants.js" path="/Users/hsnow/code/seqr/ui/pages/Dashboard/constants.js">
        <metrics statements="10" coveredstatements="10" conditionals="0" coveredconditionals="0" methods="0" coveredmethods="0"/>
        <line num="2" count="43" type="stmt"/>
        <line num="3" count="43" type="stmt"/>
        <line num="5" count="43" type="stmt"/>
        <line num="6" count="43" type="stmt"/>
        <line num="7" count="43" type="stmt"/>
        <line num="8" count="43" type="stmt"/>
        <line num="9" count="43" type="stmt"/>
        <line num="10" count="43" type="stmt"/>
        <line num="11" count="43" type="stmt"/>
        <line num="12" count="43" type="stmt"/>
      </file>
      <file name="fixtures.js" path="/Users/hsnow/code/seqr/ui/pages/Dashboard/fixtures.js">
        <metrics statements="2" coveredstatements="2" conditionals="0" coveredconditionals="0" methods="0" coveredmethods="0"/>
        <line num="5" count="5" type="stmt"/>
        <line num="6" count="5" type="stmt"/>
      </file>
      <file name="reducers.js" path="/Users/hsnow/code/seqr/ui/pages/Dashboard/reducers.js">
        <metrics statements="4" coveredstatements="4" conditionals="0" coveredconditionals="0" methods="1" coveredmethods="0"/>
        <line num="10" count="42" type="stmt"/>
        <line num="13" count="42" type="stmt"/>
        <line num="16" count="42" type="stmt"/>
        <line num="19" count="42" type="stmt"/>
      </file>
      <file name="selectors.js" path="/Users/hsnow/code/seqr/ui/pages/Dashboard/selectors.js">
        <metrics statements="20" coveredstatements="14" conditionals="11" coveredconditionals="7" methods="10" coveredmethods="7"/>
        <line num="6" count="6" type="stmt"/>
        <line num="8" count="6" type="stmt"/>
        <line num="9" count="8" type="cond" truecount="1" falsecount="1"/>
        <line num="10" count="8" type="stmt"/>
        <line num="12" count="0" type="cond" truecount="0" falsecount="2"/>
        <line num="13" count="0" type="stmt"/>
        <line num="15" count="0" type="stmt"/>
        <line num="24" count="6" type="stmt"/>
        <line num="30" count="2" type="stmt"/>
        <line num="31" count="2" type="stmt"/>
        <line num="33" count="4" type="cond" truecount="2" falsecount="0"/>
        <line num="35" count="2" type="stmt"/>
        <line num="36" count="6" type="cond" truecount="2" falsecount="0"/>
        <line num="37" count="2" type="cond" truecount="2" falsecount="1"/>
        <line num="39" count="6" type="stmt"/>
        <line num="44" count="6" type="stmt"/>
        <line num="46" count="0" type="stmt"/>
        <line num="47" count="0" type="stmt"/>
        <line num="51" count="6" type="stmt"/>
        <line num="53" count="0" type="stmt"/>
      </file>
    </package>
    <package name="ui.pages.Dashboard.components">
      <metrics statements="44" coveredstatements="34" conditionals="14" coveredconditionals="7" methods="19" coveredmethods="5"/>
      <file name="CategoryIndicator.jsx" path="/Users/hsnow/code/seqr/ui/pages/Dashboard/components/CategoryIndicator.jsx">
        <metrics statements="6" coveredstatements="6" conditionals="4" coveredconditionals="4" methods="3" coveredmethods="2"/>
        <line num="8" count="2" type="stmt"/>
        <line num="10" count="2" type="stmt"/>
        <line num="11" count="2" type="cond" truecount="2" falsecount="0"/>
        <line num="12" count="1" type="stmt"/>
        <line num="18" count="2" type="stmt"/>
        <line num="37" count="2" type="stmt"/>
      </file>
      <file name="ComputedColoredIcon.jsx" path="/Users/hsnow/code/seqr/ui/pages/Dashboard/components/ComputedColoredIcon.jsx">
        <metrics statements="4" coveredstatements="0" conditionals="2" coveredconditionals="0" methods="3" coveredmethods="0"/>
        <line num="6" count="0" type="stmt"/>
        <line num="7" count="0" type="cond" truecount="0" falsecount="2"/>
        <line num="10" count="0" type="stmt"/>
        <line num="11" count="0" type="stmt"/>
      </file>
      <file name="CreateProjectButton.jsx" path="/Users/hsnow/code/seqr/ui/pages/Dashboard/components/CreateProjectButton.jsx">
        <metrics statements="8" coveredstatements="7" conditionals="2" coveredconditionals="0" methods="2" coveredmethods="0"/>
        <line num="12" count="1" type="stmt"/>
        <line num="19" count="1" type="stmt"/>
        <line num="24" count="1" type="stmt"/>
        <line num="28" count="1" type="stmt"/>
        <line num="29" count="0" type="stmt"/>
        <line num="42" count="1" type="stmt"/>
        <line num="47" count="1" type="stmt"/>
        <line num="51" count="1" type="stmt"/>
      </file>
      <file name="EditProjectCategoriesModal.jsx" path="/Users/hsnow/code/seqr/ui/pages/Dashboard/components/EditProjectCategoriesModal.jsx">
        <metrics statements="7" coveredstatements="6" conditionals="0" coveredconditionals="0" methods="3" coveredmethods="1"/>
        <line num="12" count="4" type="stmt"/>
        <line num="20" count="4" type="stmt"/>
        <line num="21" count="1" type="stmt"/>
        <line num="38" count="4" type="stmt"/>
        <line num="47" count="4" type="stmt"/>
        <line num="51" count="4" type="stmt"/>
        <line num="52" count="0" type="stmt"/>
      </file>
      <file name="FilterSelector.jsx" path="/Users/hsnow/code/seqr/ui/pages/Dashboard/components/FilterSelector.jsx">
        <metrics statements="6" coveredstatements="6" conditionals="0" coveredconditionals="0" methods="3" coveredmethods="1"/>
        <line num="10" count="2" type="stmt"/>
        <line num="14" count="2" type="stmt"/>
        <line num="15" count="1" type="stmt"/>
        <line num="27" count="2" type="stmt"/>
        <line num="33" count="2" type="stmt"/>
        <line num="38" count="2" type="stmt"/>
      </file>
      <file name="ProjectEllipsisMenu.jsx" path="/Users/hsnow/code/seqr/ui/pages/Dashboard/components/ProjectEllipsisMenu.jsx">
        <metrics statements="13" coveredstatements="9" conditionals="6" coveredconditionals="3" methods="5" coveredmethods="1"/>
        <line num="15" count="2" type="stmt"/>
        <line num="27" count="2" type="stmt"/>
        <line num="28" count="2" type="stmt"/>
        <line num="45" count="1" type="cond" truecount="1" falsecount="1"/>
        <line num="46" count="0" type="stmt"/>
        <line num="58" count="1" type="cond" truecount="1" falsecount="1"/>
        <line num="59" count="0" type="stmt"/>
        <line num="73" count="1" type="stmt"/>
        <line num="84" count="2" type="stmt"/>
        <line num="92" count="2" type="stmt"/>
        <line num="97" count="2" type="stmt"/>
        <line num="99" count="0" type="stmt"/>
        <line num="102" count="0" type="stmt"/>
      </file>
    </package>
    <package name="ui.pages.DataManagement">
      <metrics statements="50" coveredstatements="30" conditionals="16" coveredconditionals="0" methods="25" coveredmethods="0"/>
      <file name="DataManagement.jsx" path="/Users/hsnow/code/seqr/ui/pages/DataManagement/DataManagement.jsx">
        <metrics statements="21" coveredstatements="13" conditionals="12" coveredconditionals="0" methods="6" coveredmethods="0"/>
        <line num="16" count="1" type="stmt"/>
        <line num="18" count="1" type="stmt"/>
        <line num="23" count="1" type="stmt"/>
        <line num="27" count="1" type="stmt"/>
        <line num="32" count="1" type="stmt"/>
        <line num="38" count="1" type="stmt"/>
        <line num="40" count="1" type="stmt"/>
        <line num="45" count="1" type="stmt"/>
        <line num="47" count="0" type="stmt"/>
        <line num="51" count="1" type="stmt"/>
        <line num="56" count="1" type="stmt"/>
        <line num="57" count="0" type="cond" truecount="0" falsecount="2"/>
        <line num="58" count="0" type="cond" truecount="0" falsecount="2"/>
        <line num="60" count="0" type="cond" truecount="0" falsecount="2"/>
        <line num="63" count="1" type="stmt"/>
        <line num="64" count="0" type="cond" truecount="0" falsecount="4"/>
        <line num="67" count="0" type="cond" truecount="0" falsecount="2"/>
        <line num="74" count="1" type="stmt"/>
        <line num="80" count="1" type="stmt"/>
        <line num="81" count="0" type="stmt"/>
        <line num="82" count="0" type="stmt"/>
      </file>
      <file name="reducers.js" path="/Users/hsnow/code/seqr/ui/pages/DataManagement/reducers.js">
        <metrics statements="24" coveredstatements="12" conditionals="4" coveredconditionals="0" methods="14" coveredmethods="0"/>
        <line num="7" count="41" type="stmt"/>
        <line num="8" count="41" type="stmt"/>
        <line num="9" count="41" type="stmt"/>
        <line num="10" count="41" type="stmt"/>
        <line num="11" count="41" type="stmt"/>
        <line num="14" count="41" type="stmt"/>
        <line num="15" count="0" type="stmt"/>
        <line num="16" count="0" type="cond" truecount="0" falsecount="4"/>
        <line num="17" count="0" type="stmt"/>
        <line num="20" count="0" type="stmt"/>
        <line num="21" count="0" type="stmt"/>
        <line num="23" count="0" type="stmt"/>
        <line num="26" count="0" type="stmt"/>
        <line num="30" count="41" type="stmt"/>
        <line num="33" count="0" type="stmt"/>
        <line num="37" count="41" type="stmt"/>
        <line num="39" count="0" type="stmt"/>
        <line num="43" count="0" type="stmt"/>
        <line num="47" count="41" type="stmt"/>
        <line num="49" count="0" type="stmt"/>
        <line num="53" count="0" type="stmt"/>
        <line num="56" count="41" type="stmt"/>
        <line num="60" count="41" type="stmt"/>
        <line num="68" count="41" type="stmt"/>
      </file>
      <file name="selectors.js" path="/Users/hsnow/code/seqr/ui/pages/DataManagement/selectors.js">
        <metrics statements="5" coveredstatements="5" conditionals="0" coveredconditionals="0" methods="5" coveredmethods="0"/>
        <line num="1" count="1" type="stmt"/>
        <line num="2" count="1" type="stmt"/>
        <line num="3" count="1" type="stmt"/>
        <line num="4" count="1" type="stmt"/>
        <line num="5" count="1" type="stmt"/>
      </file>
    </package>
    <package name="ui.pages.DataManagement.components">
      <metrics statements="68" coveredstatements="49" conditionals="25" coveredconditionals="0" methods="32" coveredmethods="5"/>
      <file name="AddIGV.jsx" path="/Users/hsnow/code/seqr/ui/pages/DataManagement/components/AddIGV.jsx">
        <metrics statements="2" coveredstatements="2" conditionals="0" coveredconditionals="0" methods="1" coveredmethods="0"/>
        <line num="9" count="1" type="stmt"/>
        <line num="14" count="1" type="stmt"/>
      </file>
      <file name="LoadData.jsx" path="/Users/hsnow/code/seqr/ui/pages/DataManagement/components/LoadData.jsx">
        <metrics statements="21" coveredstatements="17" conditionals="12" coveredconditionals="0" methods="10" coveredmethods="2"/>
        <line num="21" count="1" type="stmt"/>
        <line num="27" count="0" type="stmt"/>
        <line num="31" count="1" type="stmt"/>
        <line num="33" count="1" type="stmt"/>
        <line num="34" count="1" type="stmt"/>
        <line num="35" count="0" type="stmt"/>
        <line num="37" count="0" type="stmt"/>
        <line num="51" count="1" type="stmt"/>
        <line num="56" count="1" type="stmt"/>
        <line num="61" count="2" type="stmt"/>
        <line num="103" count="1" type="stmt"/>
        <line num="118" count="1" type="stmt"/>
        <line num="134" count="3" type="stmt"/>
        <line num="153" count="1" type="stmt"/>
        <line num="166" count="1" type="stmt"/>
        <line num="167" count="1" type="stmt"/>
        <line num="169" count="1" type="stmt"/>
        <line num="171" count="1" type="stmt"/>
        <line num="172" count="0" type="stmt"/>
        <line num="183" count="1" type="stmt"/>
        <line num="187" count="1" type="stmt"/>
      </file>
      <file name="PhenotypePrioritization.jsx" path="/Users/hsnow/code/seqr/ui/pages/DataManagement/components/PhenotypePrioritization.jsx">
        <metrics statements="3" coveredstatements="3" conditionals="0" coveredconditionals="0" methods="1" coveredmethods="0"/>
        <line num="9" count="1" type="stmt"/>
        <line num="18" count="1" type="stmt"/>
        <line num="23" count="1" type="stmt"/>
      </file>
      <file name="RnaSeq.jsx" path="/Users/hsnow/code/seqr/ui/pages/DataManagement/components/RnaSeq.jsx">
        <metrics statements="2" coveredstatements="2" conditionals="0" coveredconditionals="0" methods="1" coveredmethods="0"/>
        <line num="9" count="1" type="stmt"/>
        <line num="14" count="1" type="stmt"/>
      </file>
      <file name="TriggerSearchDataUpdatePages.jsx" path="/Users/hsnow/code/seqr/ui/pages/DataManagement/components/TriggerSearchDataUpdatePages.jsx">
        <metrics statements="11" coveredstatements="8" conditionals="0" coveredconditionals="0" methods="4" coveredmethods="1"/>
        <line num="15" count="1" type="stmt"/>
        <line num="21" count="3" type="stmt"/>
        <line num="24" count="1" type="stmt"/>
        <line num="36" count="1" type="stmt"/>
        <line num="48" count="1" type="stmt"/>
        <line num="49" count="0" type="stmt"/>
        <line num="56" count="1" type="stmt"/>
        <line num="61" count="1" type="stmt"/>
        <line num="62" count="0" type="stmt"/>
        <line num="65" count="1" type="stmt"/>
        <line num="66" count="0" type="stmt"/>
      </file>
      <file name="Users.jsx" path="/Users/hsnow/code/seqr/ui/pages/DataManagement/components/Users.jsx">
        <metrics statements="29" coveredstatements="17" conditionals="13" coveredconditionals="0" methods="15" coveredmethods="2"/>
        <line num="12" count="1" type="stmt"/>
        <line num="13" count="1" type="stmt"/>
        <line num="15" count="1" type="stmt"/>
        <line num="16" count="2" type="cond" truecount="0" falsecount="2"/>
        <line num="19" count="1" type="stmt"/>
        <line num="20" count="4" type="cond" truecount="0" falsecount="3"/>
        <line num="23" count="1" type="stmt"/>
        <line num="27" count="0" type="cond" truecount="0" falsecount="2"/>
        <line num="28" count="0" type="cond" truecount="0" falsecount="2"/>
        <line num="37" count="1" type="stmt"/>
        <line num="38" count="1" type="stmt"/>
        <line num="40" count="1" type="stmt"/>
        <line num="41" count="0" type="stmt"/>
        <line num="42" count="0" type="stmt"/>
        <line num="43" count="0" type="stmt"/>
        <line num="44" count="0" type="stmt"/>
        <line num="53" count="0" type="stmt"/>
        <line num="56" count="1" type="stmt"/>
        <line num="58" count="0" type="stmt"/>
        <line num="61" count="1" type="stmt"/>
        <line num="62" count="0" type="cond" truecount="0" falsecount="2"/>
        <line num="63" count="0" type="stmt"/>
        <line num="65" count="0" type="cond" truecount="0" falsecount="2"/>
        <line num="68" count="1" type="stmt"/>
        <line num="70" count="1" type="stmt"/>
        <line num="71" count="0" type="stmt"/>
        <line num="86" count="1" type="stmt"/>
        <line num="94" count="1" type="stmt"/>
        <line num="101" count="1" type="stmt"/>
      </file>
    </package>
    <package name="ui.pages.Login">
      <metrics statements="12" coveredstatements="6" conditionals="4" coveredconditionals="0" methods="14" coveredmethods="1"/>
      <file name="Login.jsx" path="/Users/hsnow/code/seqr/ui/pages/Login/Login.jsx">
        <metrics statements="4" coveredstatements="0" conditionals="2" coveredconditionals="0" methods="2" coveredmethods="0"/>
        <line num="13" count="0" type="stmt"/>
        <line num="14" count="0" type="stmt"/>
        <line num="26" count="0" type="stmt"/>
        <line num="31" count="0" type="stmt"/>
      </file>
      <file name="reducers.js" path="/Users/hsnow/code/seqr/ui/pages/Login/reducers.js">
        <metrics statements="7" coveredstatements="5" conditionals="2" coveredconditionals="0" methods="11" coveredmethods="0"/>
        <line num="5" count="4" type="stmt"/>
        <line num="7" count="0" type="cond" truecount="0" falsecount="2"/>
        <line num="12" count="4" type="stmt"/>
        <line num="14" count="4" type="stmt"/>
        <line num="19" count="4" type="stmt"/>
        <line num="23" count="0" type="stmt"/>
        <line num="27" count="4" type="stmt"/>
      </file>
      <file name="selectors.js" path="/Users/hsnow/code/seqr/ui/pages/Login/selectors.js">
        <metrics statements="1" coveredstatements="1" conditionals="0" coveredconditionals="0" methods="1" coveredmethods="1"/>
        <line num="2" count="1" type="stmt"/>
      </file>
    </package>
    <package name="ui.pages.Login.components">
      <metrics statements="44" coveredstatements="25" conditionals="18" coveredconditionals="0" methods="14" coveredmethods="2"/>
      <file name="AcceptPolicies.jsx" path="/Users/hsnow/code/seqr/ui/pages/Login/components/AcceptPolicies.jsx">
        <metrics statements="5" coveredstatements="4" conditionals="0" coveredconditionals="0" methods="1" coveredmethods="0"/>
        <line num="12" count="1" type="stmt"/>
        <line num="28" count="1" type="stmt"/>
        <line num="29" count="0" type="stmt"/>
        <line num="38" count="1" type="stmt"/>
        <line num="42" count="1" type="stmt"/>
      </file>
      <file name="ForgotPassword.jsx" path="/Users/hsnow/code/seqr/ui/pages/Login/components/ForgotPassword.jsx">
        <metrics statements="5" coveredstatements="4" conditionals="0" coveredconditionals="0" methods="1" coveredmethods="0"/>
        <line num="9" count="1" type="stmt"/>
        <line num="13" count="1" type="stmt"/>
        <line num="14" count="0" type="stmt"/>
        <line num="24" count="1" type="stmt"/>
        <line num="28" count="1" type="stmt"/>
      </file>
      <file name="Login.jsx" path="/Users/hsnow/code/seqr/ui/pages/Login/components/Login.jsx">
        <metrics statements="5" coveredstatements="4" conditionals="0" coveredconditionals="0" methods="1" coveredmethods="0"/>
        <line num="10" count="1" type="stmt"/>
        <line num="15" count="1" type="stmt"/>
        <line num="16" count="0" type="stmt"/>
        <line num="27" count="1" type="stmt"/>
        <line num="31" count="1" type="stmt"/>
      </file>
      <file name="LoginError.jsx" path="/Users/hsnow/code/seqr/ui/pages/Login/components/LoginError.jsx">
        <metrics statements="6" coveredstatements="0" conditionals="2" coveredconditionals="0" methods="2" coveredmethods="0"/>
        <line num="9" count="0" type="stmt"/>
        <line num="11" count="0" type="stmt"/>
        <line num="32" count="0" type="stmt"/>
        <line num="33" count="0" type="stmt"/>
        <line num="46" count="0" type="stmt"/>
        <line num="52" count="0" type="stmt"/>
      </file>
      <file name="SetPassword.jsx" path="/Users/hsnow/code/seqr/ui/pages/Login/components/SetPassword.jsx">
        <metrics statements="16" coveredstatements="8" conditionals="16" coveredconditionals="0" methods="6" coveredmethods="2"/>
        <line num="12" count="1" type="stmt"/>
        <line num="13" count="0" type="cond" truecount="0" falsecount="4"/>
        <line num="14" count="0" type="stmt"/>
        <line num="16" count="0" type="cond" truecount="0" falsecount="4"/>
        <line num="17" count="0" type="stmt"/>
        <line num="19" count="0" type="stmt"/>
        <line num="22" count="1" type="cond" truecount="0" falsecount="2"/>
        <line num="24" count="1" type="stmt"/>
        <line num="42" count="1" type="stmt"/>
        <line num="44" count="1" type="stmt"/>
        <line num="45" count="0" type="stmt"/>
        <line num="46" count="0" type="stmt"/>
        <line num="58" count="1" type="stmt"/>
        <line num="64" count="1" type="stmt"/>
        <line num="68" count="1" type="stmt"/>
        <line num="69" count="0" type="stmt"/>
      </file>
      <file name="UserFormLayout.jsx" path="/Users/hsnow/code/seqr/ui/pages/Login/components/UserFormLayout.jsx">
        <metrics statements="7" coveredstatements="5" conditionals="0" coveredconditionals="0" methods="3" coveredmethods="0"/>
        <line num="8" count="4" type="stmt"/>
        <line num="9" count="0" type="stmt"/>
        <line num="22" count="4" type="stmt"/>
        <line num="28" count="4" type="stmt"/>
        <line num="30" count="4" type="stmt"/>
        <line num="31" count="0" type="stmt"/>
        <line num="36" count="4" type="stmt"/>
      </file>
    </package>
    <package name="ui.pages.Project">
      <metrics statements="686" coveredstatements="423" conditionals="456" coveredconditionals="169" methods="390" coveredmethods="171"/>
      <file name="Project.jsx" path="/Users/hsnow/code/seqr/ui/pages/Project/Project.jsx">
        <metrics statements="13" coveredstatements="0" conditionals="9" coveredconditionals="0" methods="4" coveredmethods="0"/>
        <line num="19" count="0" type="stmt"/>
        <line num="28" count="0" type="stmt"/>
        <line num="30" count="0" type="stmt"/>
        <line num="34" count="0" type="stmt"/>
        <line num="35" count="0" type="stmt"/>
        <line num="39" count="0" type="stmt"/>
        <line num="40" count="0" type="cond" truecount="0" falsecount="2"/>
        <line num="41" count="0" type="stmt"/>
        <line num="53" count="0" type="cond" truecount="0" falsecount="2"/>
        <line num="54" count="0" type="stmt"/>
        <line num="56" count="0" type="stmt"/>
        <line num="61" count="0" type="stmt"/>
        <line num="65" count="0" type="stmt"/>
      </file>
      <file name="constants.js" path="/Users/hsnow/code/seqr/ui/pages/Project/constants.js">
        <metrics statements="126" coveredstatements="98" conditionals="78" coveredconditionals="31" methods="81" coveredmethods="39"/>
        <line num="47" count="60" type="stmt"/>
        <line num="49" count="60" type="stmt"/>
        <line num="50" count="60" type="stmt"/>
        <line num="51" count="60" type="stmt"/>
        <line num="52" count="60" type="stmt"/>
        <line num="53" count="60" type="stmt"/>
        <line num="54" count="60" type="stmt"/>
        <line num="55" count="60" type="stmt"/>
        <line num="56" count="60" type="stmt"/>
        <line num="57" count="60" type="stmt"/>
        <line num="58" count="60" type="stmt"/>
        <line num="60" count="60" type="stmt"/>
        <line num="73" count="60" type="stmt"/>
        <line num="74" count="600" type="stmt"/>
        <line num="80" count="60" type="stmt"/>
        <line num="94" count="660" type="stmt"/>
        <line num="96" count="60" type="stmt"/>
        <line num="111" count="60" type="stmt"/>
        <line num="112" count="780" type="stmt"/>
        <line num="115" count="60" type="stmt"/>
        <line num="125" count="60" type="stmt"/>
        <line num="127" count="60" type="stmt"/>
        <line num="141" count="24" type="cond" truecount="2" falsecount="0"/>
        <line num="142" count="24" type="cond" truecount="2" falsecount="0"/>
        <line num="149" count="660" type="stmt"/>
        <line num="150" count="24" type="stmt"/>
        <line num="175" count="780" type="stmt"/>
        <line num="176" count="24" type="cond" truecount="2" falsecount="0"/>
        <line num="182" count="420" type="stmt"/>
        <line num="189" count="24" type="cond" truecount="2" falsecount="0"/>
        <line num="196" count="24" type="cond" truecount="2" falsecount="0"/>
        <line num="226" count="24" type="cond" truecount="2" falsecount="0"/>
        <line num="232" count="24" type="cond" truecount="3" falsecount="1"/>
        <line num="239" count="24" type="cond" truecount="2" falsecount="2"/>
        <line num="244" count="60" type="stmt"/>
        <line num="245" count="60" type="stmt"/>
        <line num="247" count="60" type="stmt"/>
        <line num="248" count="60" type="stmt"/>
        <line num="250" count="60" type="stmt"/>
        <line num="252" count="60" type="stmt"/>
        <line num="253" count="2" type="stmt"/>
        <line num="254" count="6" type="cond" truecount="1" falsecount="1"/>
        <line num="255" count="6" type="stmt"/>
        <line num="256" count="2" type="cond" truecount="1" falsecount="1"/>
        <line num="259" count="540" type="stmt"/>
        <line num="261" count="2" type="stmt"/>
        <line num="263" count="60" type="stmt"/>
        <line num="264" count="0" type="stmt"/>
        <line num="267" count="60" type="stmt"/>
        <line num="268" count="1080" type="stmt"/>
        <line num="269" count="240" type="cond" truecount="2" falsecount="0"/>
        <line num="271" count="60" type="stmt"/>
        <line num="272" count="0" type="stmt"/>
        <line num="273" count="0" type="cond" truecount="0" falsecount="4"/>
        <line num="274" count="0" type="cond" truecount="0" falsecount="2"/>
        <line num="278" count="60" type="stmt"/>
        <line num="279" count="60" type="stmt"/>
        <line num="284" count="60" type="stmt"/>
        <line num="290" count="60" type="stmt"/>
        <line num="292" count="60" type="stmt"/>
        <line num="296" count="120" type="stmt"/>
        <line num="308" count="0" type="stmt"/>
        <line num="311" count="120" type="stmt"/>
        <line num="317" count="60" type="stmt"/>
        <line num="322" count="0" type="cond" truecount="0" falsecount="2"/>
        <line num="328" count="600" type="cond" truecount="2" falsecount="0"/>
        <line num="329" count="480" type="stmt"/>
        <line num="337" count="60" type="stmt"/>
        <line num="338" count="780" type="stmt"/>
        <line num="344" count="60" type="stmt"/>
        <line num="345" count="60" type="stmt"/>
        <line num="346" count="60" type="stmt"/>
        <line num="347" count="60" type="stmt"/>
        <line num="348" count="60" type="stmt"/>
        <line num="349" count="60" type="stmt"/>
        <line num="350" count="60" type="stmt"/>
        <line num="352" count="60" type="stmt"/>
        <line num="353" count="1020" type="stmt"/>
        <line num="356" count="60" type="stmt"/>
        <line num="360" count="2" type="stmt"/>
        <line num="365" count="0" type="stmt"/>
        <line num="370" count="0" type="stmt"/>
        <line num="371" count="0" type="cond" truecount="0" falsecount="2"/>
        <line num="377" count="0" type="stmt"/>
        <line num="378" count="0" type="cond" truecount="0" falsecount="2"/>
        <line num="384" count="0" type="cond" truecount="0" falsecount="2"/>
        <line num="389" count="0" type="cond" truecount="0" falsecount="2"/>
        <line num="390" count="0" type="stmt"/>
        <line num="396" count="0" type="stmt"/>
        <line num="397" count="0" type="stmt"/>
        <line num="398" count="0" type="cond" truecount="0" falsecount="2"/>
        <line num="399" count="0" type="stmt"/>
        <line num="400" count="0" type="cond" truecount="0" falsecount="2"/>
        <line num="401" count="0" type="cond" truecount="0" falsecount="2"/>
        <line num="407" count="180" type="stmt"/>
        <line num="408" count="720" type="cond" truecount="1" falsecount="0"/>
        <line num="409" count="720" type="stmt"/>
        <line num="412" count="60" type="cond" truecount="0" falsecount="2"/>
        <line num="414" count="60" type="stmt"/>
        <line num="418" count="0" type="cond" truecount="0" falsecount="2"/>
        <line num="421" count="0" type="cond" truecount="0" falsecount="2"/>
        <line num="423" count="0" type="cond" truecount="0" falsecount="2"/>
        <line num="424" count="0" type="stmt"/>
        <line num="429" count="4" type="cond" truecount="0" falsecount="2"/>
        <line num="431" count="180" type="stmt"/>
        <line num="432" count="840" type="stmt"/>
        <line num="434" count="60" type="stmt"/>
        <line num="438" count="60" type="stmt"/>
        <line num="451" count="60" type="stmt"/>
        <line num="460" count="60" type="stmt"/>
        <line num="470" count="60" type="stmt"/>
        <line num="477" count="60" type="stmt"/>
        <line num="480" count="1080" type="cond" truecount="5" falsecount="0"/>
        <line num="481" count="360" type="stmt"/>
        <line num="483" count="720" type="cond" truecount="2" falsecount="0"/>
        <line num="484" count="720" type="stmt"/>
        <line num="488" count="60" type="stmt"/>
        <line num="494" count="60" type="stmt"/>
        <line num="496" count="60" type="stmt"/>
        <line num="498" count="0" type="stmt"/>
        <line num="504" count="60" type="stmt"/>
        <line num="512" count="60" type="stmt"/>
        <line num="514" count="60" type="stmt"/>
        <line num="518" count="0" type="cond" truecount="0" falsecount="2"/>
        <line num="519" count="0" type="cond" truecount="0" falsecount="2"/>
        <line num="520" count="0" type="cond" truecount="0" falsecount="4"/>
      </file>
      <file name="fixtures.js" path="/Users/hsnow/code/seqr/ui/pages/Project/fixtures.js">
        <metrics statements="3" coveredstatements="3" conditionals="0" coveredconditionals="0" methods="0" coveredmethods="0"/>
        <line num="3" count="34" type="stmt"/>
        <line num="153" count="34" type="stmt"/>
        <line num="1145" count="34" type="stmt"/>
      </file>
      <file name="reducers.js" path="/Users/hsnow/code/seqr/ui/pages/Project/reducers.js">
        <metrics statements="194" coveredstatements="66" conditionals="79" coveredconditionals="0" methods="114" coveredmethods="0"/>
        <line num="15" count="56" type="stmt"/>
        <line num="16" count="56" type="stmt"/>
        <line num="17" count="56" type="stmt"/>
        <line num="18" count="56" type="stmt"/>
        <line num="19" count="56" type="stmt"/>
        <line num="20" count="56" type="stmt"/>
        <line num="21" count="56" type="stmt"/>
        <line num="22" count="56" type="stmt"/>
        <line num="23" count="56" type="stmt"/>
        <line num="24" count="56" type="stmt"/>
        <line num="25" count="56" type="stmt"/>
        <line num="26" count="56" type="stmt"/>
        <line num="27" count="56" type="stmt"/>
        <line num="28" count="56" type="stmt"/>
        <line num="29" count="56" type="stmt"/>
        <line num="30" count="56" type="stmt"/>
        <line num="31" count="56" type="stmt"/>
        <line num="32" count="56" type="stmt"/>
        <line num="33" count="56" type="stmt"/>
        <line num="34" count="56" type="stmt"/>
        <line num="35" count="56" type="stmt"/>
        <line num="36" count="56" type="stmt"/>
        <line num="37" count="56" type="stmt"/>
        <line num="41" count="56" type="stmt"/>
        <line num="42" count="0" type="stmt"/>
        <line num="43" count="0" type="stmt"/>
        <line num="46" count="56" type="stmt"/>
        <line num="47" count="0" type="stmt"/>
        <line num="48" count="0" type="stmt"/>
        <line num="51" count="56" type="stmt"/>
        <line num="53" count="56" type="stmt"/>
        <line num="55" count="56" type="stmt"/>
        <line num="57" count="56" type="stmt"/>
        <line num="59" count="56" type="stmt"/>
        <line num="64" count="56" type="stmt"/>
        <line num="66" count="56" type="stmt"/>
        <line num="67" count="0" type="stmt"/>
        <line num="68" count="0" type="cond" truecount="0" falsecount="2"/>
        <line num="69" count="0" type="stmt"/>
        <line num="70" count="0" type="stmt"/>
        <line num="72" count="0" type="stmt"/>
        <line num="73" count="0" type="stmt"/>
        <line num="76" count="0" type="stmt"/>
        <line num="81" count="56" type="stmt"/>
        <line num="82" count="0" type="cond" truecount="0" falsecount="2"/>
        <line num="87" count="56" type="stmt"/>
        <line num="88" count="0" type="stmt"/>
        <line num="89" count="0" type="stmt"/>
        <line num="92" count="56" type="stmt"/>
        <line num="94" count="56" type="stmt"/>
        <line num="98" count="56" type="stmt"/>
        <line num="99" count="0" type="stmt"/>
        <line num="100" count="0" type="stmt"/>
        <line num="102" count="0" type="stmt"/>
        <line num="104" count="0" type="cond" truecount="0" falsecount="2"/>
        <line num="108" count="0" type="cond" truecount="0" falsecount="2"/>
        <line num="109" count="0" type="cond" truecount="0" falsecount="2"/>
        <line num="110" count="0" type="stmt"/>
        <line num="112" count="0" type="stmt"/>
        <line num="114" count="0" type="stmt"/>
        <line num="115" count="0" type="cond" truecount="0" falsecount="4"/>
        <line num="116" count="0" type="stmt"/>
        <line num="117" count="0" type="stmt"/>
        <line num="118" count="0" type="stmt"/>
        <line num="121" count="0" type="cond" truecount="0" falsecount="6"/>
        <line num="122" count="0" type="cond" truecount="0" falsecount="2"/>
        <line num="123" count="0" type="cond" truecount="0" falsecount="3"/>
        <line num="125" count="0" type="stmt"/>
        <line num="129" count="0" type="stmt"/>
        <line num="131" count="0" type="stmt"/>
        <line num="136" count="0" type="cond" truecount="0" falsecount="2"/>
        <line num="137" count="0" type="stmt"/>
        <line num="138" count="0" type="cond" truecount="0" falsecount="2"/>
        <line num="139" count="0" type="stmt"/>
        <line num="142" count="0" type="stmt"/>
        <line num="143" count="0" type="stmt"/>
        <line num="145" count="0" type="cond" truecount="0" falsecount="4"/>
        <line num="146" count="0" type="stmt"/>
        <line num="149" count="0" type="stmt"/>
        <line num="153" count="0" type="stmt"/>
        <line num="156" count="0" type="stmt"/>
        <line num="160" count="56" type="stmt"/>
        <line num="162" count="56" type="stmt"/>
        <line num="164" count="56" type="stmt"/>
        <line num="167" count="0" type="stmt"/>
        <line num="171" count="56" type="stmt"/>
        <line num="172" count="0" type="cond" truecount="0" falsecount="2"/>
        <line num="173" count="0" type="stmt"/>
        <line num="175" count="0" type="stmt"/>
        <line num="179" count="56" type="stmt"/>
        <line num="180" count="0" type="stmt"/>
        <line num="181" count="0" type="cond" truecount="0" falsecount="2"/>
        <line num="183" count="0" type="stmt"/>
        <line num="184" count="0" type="cond" truecount="0" falsecount="2"/>
        <line num="186" count="0" type="stmt"/>
        <line num="187" count="0" type="cond" truecount="0" falsecount="2"/>
        <line num="189" count="0" type="stmt"/>
        <line num="192" count="0" type="stmt"/>
        <line num="194" count="0" type="stmt"/>
        <line num="198" count="56" type="stmt"/>
        <line num="201" count="0" type="stmt"/>
        <line num="205" count="56" type="stmt"/>
        <line num="206" count="0" type="stmt"/>
        <line num="208" count="0" type="stmt"/>
        <line num="213" count="56" type="stmt"/>
        <line num="214" count="0" type="stmt"/>
        <line num="216" count="0" type="stmt"/>
        <line num="217" count="0" type="stmt"/>
        <line num="219" count="0" type="cond" truecount="0" falsecount="4"/>
        <line num="222" count="0" type="cond" truecount="0" falsecount="2"/>
        <line num="223" count="0" type="stmt"/>
        <line num="224" count="0" type="stmt"/>
        <line num="225" count="0" type="stmt"/>
        <line num="230" count="56" type="stmt"/>
        <line num="232" count="0" type="stmt"/>
        <line num="236" count="0" type="stmt"/>
        <line num="240" count="56" type="stmt"/>
        <line num="241" count="0" type="stmt"/>
        <line num="242" count="0" type="cond" truecount="0" falsecount="2"/>
        <line num="243" count="0" type="stmt"/>
        <line num="245" count="0" type="stmt"/>
        <line num="249" count="56" type="stmt"/>
        <line num="250" count="0" type="stmt"/>
        <line num="251" count="0" type="stmt"/>
        <line num="253" count="0" type="stmt"/>
        <line num="257" count="56" type="stmt"/>
        <line num="258" count="0" type="stmt"/>
        <line num="261" count="56" type="stmt"/>
        <line num="262" count="0" type="stmt"/>
        <line num="265" count="56" type="stmt"/>
        <line num="266" count="0" type="cond" truecount="0" falsecount="2"/>
        <line num="269" count="56" type="stmt"/>
        <line num="270" count="0" type="stmt"/>
        <line num="271" count="0" type="stmt"/>
        <line num="272" count="0" type="cond" truecount="0" falsecount="4"/>
        <line num="273" count="0" type="stmt"/>
        <line num="274" count="0" type="stmt"/>
        <line num="276" count="0" type="stmt"/>
        <line num="280" count="0" type="stmt"/>
        <line num="283" count="0" type="stmt"/>
        <line num="288" count="56" type="stmt"/>
        <line num="289" count="0" type="stmt"/>
        <line num="290" count="0" type="stmt"/>
        <line num="291" count="0" type="stmt"/>
        <line num="293" count="0" type="stmt"/>
        <line num="295" count="0" type="stmt"/>
        <line num="298" count="0" type="stmt"/>
        <line num="299" count="0" type="stmt"/>
        <line num="301" count="0" type="stmt"/>
        <line num="303" count="0" type="stmt"/>
        <line num="306" count="0" type="stmt"/>
        <line num="308" count="0" type="stmt"/>
        <line num="310" count="0" type="stmt"/>
        <line num="313" count="0" type="stmt"/>
        <line num="314" count="0" type="stmt"/>
        <line num="317" count="0" type="stmt"/>
        <line num="324" count="0" type="stmt"/>
        <line num="328" count="56" type="stmt"/>
        <line num="329" count="0" type="cond" truecount="0" falsecount="2"/>
        <line num="331" count="0" type="cond" truecount="0" falsecount="6"/>
        <line num="332" count="0" type="stmt"/>
        <line num="334" count="0" type="stmt"/>
        <line num="335" count="0" type="stmt"/>
        <line num="337" count="0" type="stmt"/>
        <line num="342" count="0" type="stmt"/>
        <line num="347" count="56" type="stmt"/>
        <line num="349" count="56" type="stmt"/>
        <line num="350" count="0" type="stmt"/>
        <line num="351" count="0" type="stmt"/>
        <line num="352" count="0" type="cond" truecount="0" falsecount="2"/>
        <line num="354" count="0" type="stmt"/>
        <line num="362" count="0" type="cond" truecount="0" falsecount="2"/>
        <line num="363" count="0" type="stmt"/>
        <line num="364" count="0" type="stmt"/>
        <line num="366" count="0" type="stmt"/>
        <line num="371" count="0" type="stmt"/>
        <line num="376" count="56" type="stmt"/>
        <line num="377" count="0" type="cond" truecount="0" falsecount="2"/>
        <line num="378" count="0" type="stmt"/>
        <line num="380" count="0" type="stmt"/>
        <line num="383" count="56" type="stmt"/>
        <line num="387" count="56" type="stmt"/>
        <line num="391" count="56" type="stmt"/>
        <line num="394" count="0" type="stmt"/>
        <line num="398" count="56" type="stmt"/>
        <line num="401" count="0" type="stmt"/>
        <line num="406" count="56" type="stmt"/>
        <line num="407" count="0" type="cond" truecount="0" falsecount="2"/>
        <line num="410" count="56" type="stmt"/>
        <line num="411" count="0" type="stmt"/>
        <line num="412" count="0" type="stmt"/>
        <line num="415" count="56" type="stmt"/>
        <line num="419" count="56" type="stmt"/>
        <line num="457" count="56" type="stmt"/>
      </file>
      <file name="selectors.js" path="/Users/hsnow/code/seqr/ui/pages/Project/selectors.js">
        <metrics statements="350" coveredstatements="256" conditionals="290" coveredconditionals="138" methods="191" coveredmethods="132"/>
        <line num="44" count="31" type="stmt"/>
        <line num="45" count="217" type="stmt"/>
        <line num="53" count="60" type="stmt"/>
        <line num="54" count="31" type="stmt"/>
        <line num="55" count="31" type="stmt"/>
        <line num="56" count="31" type="stmt"/>
        <line num="57" count="31" type="stmt"/>
        <line num="58" count="31" type="stmt"/>
        <line num="59" count="31" type="stmt"/>
        <line num="60" count="31" type="stmt"/>
        <line num="61" count="31" type="stmt"/>
        <line num="62" count="31" type="stmt"/>
        <line num="63" count="31" type="stmt"/>
        <line num="64" count="31" type="stmt"/>
        <line num="65" count="31" type="stmt"/>
        <line num="66" count="31" type="stmt"/>
        <line num="67" count="31" type="stmt"/>
        <line num="68" count="31" type="stmt"/>
        <line num="69" count="31" type="stmt"/>
        <line num="70" count="31" type="stmt"/>
        <line num="71" count="31" type="stmt"/>
        <line num="73" count="31" type="stmt"/>
        <line num="74" count="17" type="stmt"/>
        <line num="78" count="31" type="cond" truecount="2" falsecount="0"/>
        <line num="79" count="31" type="stmt"/>
        <line num="82" count="31" type="stmt"/>
        <line num="85" count="5" type="stmt"/>
        <line num="91" count="31" type="stmt"/>
        <line num="94" count="4" type="stmt"/>
        <line num="97" count="31" type="stmt"/>
        <line num="101" count="9" type="cond" truecount="2" falsecount="0"/>
        <line num="102" count="7" type="stmt"/>
        <line num="104" count="2" type="stmt"/>
        <line num="105" count="2" type="stmt"/>
        <line num="110" count="31" type="stmt"/>
        <line num="111" count="3" type="stmt"/>
        <line num="113" count="0" type="cond" truecount="0" falsecount="4"/>
        <line num="114" count="0" type="cond" truecount="0" falsecount="2"/>
        <line num="115" count="0" type="stmt"/>
        <line num="118" count="0" type="stmt"/>
        <line num="119" count="0" type="stmt"/>
        <line num="122" count="3" type="cond" truecount="2" falsecount="0"/>
        <line num="123" count="3" type="stmt"/>
        <line num="124" count="3" type="cond" truecount="0" falsecount="2"/>
        <line num="125" count="3" type="cond" truecount="1" falsecount="1"/>
        <line num="126" count="3" type="cond" truecount="1" falsecount="1"/>
        <line num="127" count="0" type="stmt"/>
        <line num="128" count="3" type="cond" truecount="1" falsecount="1"/>
        <line num="129" count="0" type="stmt"/>
        <line num="130" count="3" type="cond" truecount="1" falsecount="1"/>
        <line num="131" count="0" type="stmt"/>
        <line num="133" count="3" type="stmt"/>
        <line num="136" count="31" type="stmt"/>
        <line num="138" count="2" type="stmt"/>
        <line num="144" count="31" type="stmt"/>
        <line num="147" count="1" type="stmt"/>
        <line num="148" count="2" type="cond" truecount="1" falsecount="1"/>
        <line num="149" count="2" type="cond" truecount="2" falsecount="0"/>
        <line num="151" count="0" type="stmt"/>
        <line num="152" count="0" type="stmt"/>
        <line num="153" count="0" type="cond" truecount="0" falsecount="5"/>
        <line num="154" count="0" type="stmt"/>
        <line num="159" count="0" type="stmt"/>
        <line num="162" count="2" type="stmt"/>
        <line num="166" count="2" type="stmt"/>
        <line num="169" count="31" type="stmt"/>
        <line num="172" count="7" type="stmt"/>
        <line num="175" count="21" type="stmt"/>
        <line num="180" count="31" type="stmt"/>
        <line num="185" count="1" type="stmt"/>
        <line num="188" count="1" type="stmt"/>
        <line num="189" count="1" type="cond" truecount="1" falsecount="1"/>
        <line num="190" count="1" type="stmt"/>
        <line num="192" count="1" type="cond" truecount="2" falsecount="2"/>
        <line num="193" count="1" type="cond" truecount="1" falsecount="1"/>
        <line num="194" count="0" type="stmt"/>
        <line num="196" count="1" type="cond" truecount="1" falsecount="1"/>
        <line num="197" count="1" type="stmt"/>
        <line num="199" count="1" type="stmt"/>
        <line num="203" count="31" type="stmt"/>
        <line num="206" count="1" type="cond" truecount="2" falsecount="0"/>
        <line num="207" count="0" type="stmt"/>
        <line num="210" count="0" type="cond" truecount="0" falsecount="4"/>
        <line num="212" count="0" type="stmt"/>
        <line num="216" count="31" type="stmt"/>
        <line num="222" count="0" type="stmt"/>
        <line num="224" count="0" type="stmt"/>
        <line num="227" count="0" type="stmt"/>
        <line num="228" count="0" type="stmt"/>
        <line num="229" count="0" type="cond" truecount="0" falsecount="2"/>
        <line num="234" count="0" type="cond" truecount="0" falsecount="6"/>
        <line num="241" count="31" type="stmt"/>
        <line num="245" count="2" type="stmt"/>
        <line num="246" count="10" type="stmt"/>
        <line num="248" count="8" type="stmt"/>
        <line num="249" count="10" type="stmt"/>
        <line num="250" count="8" type="cond" truecount="2" falsecount="0"/>
        <line num="251" count="8" type="stmt"/>
        <line num="252" count="8" type="cond" truecount="2" falsecount="0"/>
        <line num="253" count="4" type="stmt"/>
        <line num="255" count="8" type="stmt"/>
        <line num="257" count="8" type="stmt"/>
        <line num="261" count="31" type="stmt"/>
        <line num="263" count="0" type="stmt"/>
        <line num="266" count="0" type="stmt"/>
        <line num="267" count="0" type="cond" truecount="0" falsecount="2"/>
        <line num="268" count="0" type="stmt"/>
        <line num="269" count="0" type="stmt"/>
        <line num="274" count="31" type="stmt"/>
        <line num="276" count="1" type="stmt"/>
        <line num="277" count="2" type="stmt"/>
        <line num="280" count="4" type="stmt"/>
        <line num="281" count="4" type="cond" truecount="1" falsecount="1"/>
        <line num="282" count="0" type="cond" truecount="0" falsecount="2"/>
        <line num="284" count="4" type="stmt"/>
        <line num="285" count="5" type="cond" truecount="1" falsecount="1"/>
        <line num="286" count="5" type="cond" truecount="2" falsecount="0"/>
        <line num="288" count="5" type="stmt"/>
        <line num="290" count="4" type="stmt"/>
        <line num="296" count="31" type="stmt"/>
        <line num="299" count="1" type="stmt"/>
        <line num="300" count="4" type="cond" truecount="2" falsecount="0"/>
        <line num="302" count="5" type="cond" truecount="1" falsecount="0"/>
        <line num="308" count="31" type="stmt"/>
        <line num="311" count="0" type="cond" truecount="0" falsecount="2"/>
        <line num="312" count="0" type="cond" truecount="0" falsecount="2"/>
        <line num="313" count="0" type="cond" truecount="0" falsecount="2"/>
        <line num="318" count="31" type="stmt"/>
        <line num="320" count="3" type="stmt"/>
        <line num="323" count="31" type="cond" truecount="1" falsecount="1"/>
        <line num="325" count="31" type="stmt"/>
        <line num="328" count="1" type="stmt"/>
        <line num="330" count="1" type="stmt"/>
        <line num="331" count="1" type="cond" truecount="1" falsecount="1"/>
        <line num="332" count="2" type="stmt"/>
        <line num="336" count="2" type="stmt"/>
        <line num="345" count="31" type="stmt"/>
        <line num="348" count="0" type="stmt"/>
        <line num="349" count="0" type="stmt"/>
        <line num="353" count="31" type="stmt"/>
        <line num="356" count="0" type="stmt"/>
        <line num="359" count="0" type="stmt"/>
        <line num="361" count="0" type="cond" truecount="0" falsecount="2"/>
        <line num="363" count="0" type="cond" truecount="0" falsecount="2"/>
        <line num="364" count="0" type="cond" truecount="0" falsecount="2"/>
        <line num="367" count="0" type="stmt"/>
        <line num="372" count="31" type="stmt"/>
        <line num="373" count="5" type="cond" truecount="4" falsecount="0"/>
        <line num="374" count="4" type="stmt"/>
        <line num="377" count="31" type="stmt"/>
        <line num="379" count="3" type="cond" truecount="2" falsecount="0"/>
        <line num="381" count="31" type="stmt"/>
        <line num="383" count="1" type="cond" truecount="1" falsecount="1"/>
        <line num="385" count="31" type="stmt"/>
        <line num="387" count="2" type="cond" truecount="1" falsecount="1"/>
        <line num="390" count="31" type="stmt"/>
        <line num="392" count="1" type="stmt"/>
        <line num="395" count="31" type="stmt"/>
        <line num="397" count="0" type="stmt"/>
        <line num="400" count="31" type="stmt"/>
        <line num="404" count="1" type="cond" truecount="1" falsecount="1"/>
        <line num="405" count="1" type="stmt"/>
        <line num="408" count="0" type="stmt"/>
        <line num="409" count="0" type="stmt"/>
        <line num="413" count="31" type="stmt"/>
        <line num="415" count="1" type="stmt"/>
        <line num="416" count="2" type="cond" truecount="1" falsecount="1"/>
        <line num="420" count="31" type="stmt"/>
        <line num="422" count="0" type="stmt"/>
        <line num="426" count="0" type="stmt"/>
        <line num="431" count="31" type="stmt"/>
        <line num="434" count="1" type="cond" truecount="1" falsecount="1"/>
        <line num="437" count="31" type="stmt"/>
        <line num="438" count="4" type="stmt"/>
        <line num="439" count="4" type="stmt"/>
        <line num="447" count="3" type="stmt"/>
        <line num="448" count="6" type="cond" truecount="2" falsecount="0"/>
        <line num="449" count="2" type="stmt"/>
        <line num="452" count="4" type="cond" truecount="2" falsecount="0"/>
        <line num="453" count="4" type="cond" truecount="2" falsecount="2"/>
        <line num="454" count="0" type="cond" truecount="0" falsecount="2"/>
        <line num="456" count="0" type="stmt"/>
        <line num="458" count="4" type="stmt"/>
        <line num="462" count="31" type="stmt"/>
        <line num="469" count="3" type="cond" truecount="1" falsecount="1"/>
        <line num="470" count="0" type="stmt"/>
        <line num="471" count="0" type="stmt"/>
        <line num="472" count="3" type="cond" truecount="1" falsecount="1"/>
        <line num="473" count="6" type="stmt"/>
        <line num="475" count="18" type="stmt"/>
        <line num="486" count="31" type="stmt"/>
        <line num="493" count="1" type="cond" truecount="4" falsecount="1"/>
        <line num="494" count="2" type="stmt"/>
        <line num="495" count="0" type="stmt"/>
        <line num="498" count="1" type="stmt"/>
        <line num="499" count="1" type="stmt"/>
        <line num="503" count="31" type="stmt"/>
        <line num="505" count="153" type="stmt"/>
        <line num="506" count="44" type="stmt"/>
        <line num="507" count="680" type="stmt"/>
        <line num="508" count="680" type="cond" truecount="2" falsecount="0"/>
        <line num="512" count="31" type="stmt"/>
        <line num="516" count="2" type="stmt"/>
        <line num="519" count="6" type="cond" truecount="2" falsecount="0"/>
        <line num="524" count="31" type="stmt"/>
        <line num="528" count="2" type="stmt"/>
        <line num="529" count="6" type="cond" truecount="1" falsecount="1"/>
        <line num="536" count="31" type="stmt"/>
        <line num="540" count="0" type="stmt"/>
        <line num="541" count="0" type="cond" truecount="0" falsecount="2"/>
        <line num="542" count="0" type="cond" truecount="0" falsecount="2"/>
        <line num="550" count="31" type="stmt"/>
        <line num="551" count="1" type="stmt"/>
        <line num="552" count="1" type="cond" truecount="1" falsecount="1"/>
        <line num="555" count="1" type="stmt"/>
        <line num="556" count="1" type="stmt"/>
        <line num="557" count="1" type="stmt"/>
        <line num="560" count="1" type="stmt"/>
        <line num="570" count="1" type="stmt"/>
        <line num="580" count="0" type="stmt"/>
        <line num="587" count="31" type="stmt"/>
        <line num="591" count="2" type="stmt"/>
        <line num="592" count="12" type="cond" truecount="1" falsecount="1"/>
        <line num="596" count="20" type="cond" truecount="2" falsecount="0"/>
        <line num="600" count="31" type="stmt"/>
        <line num="603" count="2" type="stmt"/>
        <line num="607" count="1" type="stmt"/>
        <line num="608" count="17" type="cond" truecount="2" falsecount="0"/>
        <line num="613" count="31" type="stmt"/>
        <line num="615" count="1" type="stmt"/>
        <line num="617" count="2" type="cond" truecount="2" falsecount="0"/>
        <line num="624" count="31" type="stmt"/>
        <line num="627" count="1" type="stmt"/>
        <line num="628" count="2" type="stmt"/>
        <line num="629" count="2" type="cond" truecount="2" falsecount="0"/>
        <line num="630" count="1" type="stmt"/>
        <line num="632" count="2" type="stmt"/>
        <line num="633" count="2" type="cond" truecount="4" falsecount="0"/>
        <line num="634" count="1" type="stmt"/>
        <line num="636" count="1" type="stmt"/>
        <line num="638" count="2" type="stmt"/>
        <line num="642" count="31" type="stmt"/>
        <line num="648" count="1" type="stmt"/>
        <line num="650" count="1" type="stmt"/>
        <line num="653" count="1" type="stmt"/>
        <line num="655" count="1" type="cond" truecount="1" falsecount="1"/>
        <line num="656" count="2" type="cond" truecount="1" falsecount="1"/>
        <line num="659" count="1" type="cond" truecount="2" falsecount="2"/>
        <line num="660" count="1" type="cond" truecount="2" falsecount="0"/>
        <line num="663" count="1" type="cond" truecount="1" falsecount="1"/>
        <line num="664" count="2" type="stmt"/>
        <line num="667" count="1" type="cond" truecount="1" falsecount="1"/>
        <line num="668" count="3" type="cond" truecount="2" falsecount="0"/>
        <line num="669" count="2" type="stmt"/>
        <line num="670" count="1" type="stmt"/>
        <line num="671" count="1" type="cond" truecount="1" falsecount="1"/>
        <line num="672" count="0" type="stmt"/>
        <line num="674" count="1" type="cond" truecount="1" falsecount="1"/>
        <line num="676" count="1" type="stmt"/>
        <line num="678" count="2" type="stmt"/>
        <line num="681" count="1" type="stmt"/>
        <line num="684" count="3" type="stmt"/>
        <line num="691" count="31" type="stmt"/>
        <line num="693" count="31" type="stmt"/>
        <line num="695" count="0" type="stmt"/>
        <line num="697" count="0" type="stmt"/>
        <line num="700" count="0" type="cond" truecount="0" falsecount="2"/>
        <line num="701" count="0" type="cond" truecount="0" falsecount="2"/>
        <line num="708" count="31" type="stmt"/>
        <line num="710" count="0" type="stmt"/>
        <line num="711" count="0" type="stmt"/>
        <line num="715" count="31" type="stmt"/>
        <line num="717" count="1" type="stmt"/>
        <line num="718" count="1" type="cond" truecount="2" falsecount="0"/>
        <line num="721" count="31" type="stmt"/>
        <line num="723" count="1" type="stmt"/>
        <line num="724" count="1" type="cond" truecount="2" falsecount="0"/>
        <line num="727" count="31" type="stmt"/>
        <line num="732" count="1" type="cond" truecount="2" falsecount="0"/>
        <line num="733" count="1" type="stmt"/>
        <line num="735" count="1" type="cond" truecount="1" falsecount="1"/>
        <line num="736" count="0" type="stmt"/>
        <line num="739" count="1" type="cond" truecount="1" falsecount="1"/>
        <line num="740" count="0" type="stmt"/>
        <line num="742" count="1" type="cond" truecount="1" falsecount="1"/>
        <line num="743" count="0" type="stmt"/>
        <line num="747" count="0" type="stmt"/>
        <line num="748" count="0" type="cond" truecount="0" falsecount="2"/>
        <line num="749" count="0" type="cond" truecount="0" falsecount="2"/>
        <line num="750" count="0" type="cond" truecount="0" falsecount="2"/>
        <line num="751" count="0" type="stmt"/>
        <line num="753" count="0" type="stmt"/>
        <line num="756" count="0" type="stmt"/>
        <line num="758" count="1" type="cond" truecount="1" falsecount="1"/>
        <line num="759" count="0" type="cond" truecount="0" falsecount="2"/>
        <line num="761" count="1" type="cond" truecount="1" falsecount="1"/>
        <line num="762" count="0" type="stmt"/>
        <line num="763" count="0" type="stmt"/>
        <line num="764" count="0" type="stmt"/>
        <line num="765" count="0" type="cond" truecount="0" falsecount="2"/>
        <line num="766" count="0" type="stmt"/>
        <line num="767" count="0" type="cond" truecount="0" falsecount="2"/>
        <line num="768" count="0" type="cond" truecount="0" falsecount="2"/>
        <line num="769" count="0" type="cond" truecount="0" falsecount="2"/>
        <line num="770" count="0" type="stmt"/>
        <line num="772" count="0" type="cond" truecount="0" falsecount="2"/>
        <line num="773" count="0" type="cond" truecount="0" falsecount="2"/>
        <line num="774" count="0" type="cond" truecount="0" falsecount="2"/>
        <line num="775" count="0" type="stmt"/>
        <line num="777" count="0" type="cond" truecount="0" falsecount="2"/>
        <line num="778" count="0" type="stmt"/>
        <line num="780" count="0" type="stmt"/>
        <line num="783" count="1" type="stmt"/>
        <line num="787" count="31" type="stmt"/>
        <line num="788" count="1" type="cond" truecount="3" falsecount="1"/>
        <line num="789" count="0" type="stmt"/>
        <line num="791" count="1" type="cond" truecount="3" falsecount="1"/>
        <line num="792" count="0" type="stmt"/>
        <line num="794" count="1" type="stmt"/>
        <line num="797" count="31" type="stmt"/>
        <line num="801" count="1" type="stmt"/>
        <line num="805" count="1" type="cond" truecount="1" falsecount="1"/>
        <line num="806" count="0" type="stmt"/>
        <line num="809" count="1" type="stmt"/>
        <line num="810" count="1" type="cond" truecount="1" falsecount="1"/>
        <line num="811" count="0" type="stmt"/>
        <line num="812" count="1" type="cond" truecount="1" falsecount="1"/>
        <line num="813" count="0" type="stmt"/>
        <line num="816" count="1" type="cond" truecount="1" falsecount="1"/>
        <line num="817" count="1" type="stmt"/>
        <line num="818" count="2" type="stmt"/>
        <line num="820" count="1" type="stmt"/>
        <line num="829" count="1" type="cond" truecount="1" falsecount="1"/>
        <line num="830" count="0" type="stmt"/>
        <line num="836" count="1" type="stmt"/>
        <line num="840" count="31" type="stmt"/>
        <line num="845" count="2" type="cond" truecount="1" falsecount="1"/>
        <line num="847" count="2" type="stmt"/>
        <line num="849" count="2" type="stmt"/>
        <line num="851" count="2" type="stmt"/>
        <line num="859" count="31" type="stmt"/>
        <line num="862" count="2" type="cond" truecount="1" falsecount="1"/>
        <line num="863" count="2" type="stmt"/>
        <line num="866" count="3" type="stmt"/>
        <line num="870" count="2" type="stmt"/>
        <line num="872" count="3" type="stmt"/>
        <line num="881" count="31" type="stmt"/>
        <line num="883" count="2" type="stmt"/>
        <line num="884" count="2" type="stmt"/>
        <line num="886" count="4" type="stmt"/>
      </file>
    </package>
    <package name="ui.pages.Project.components">
      <metrics statements="774" coveredstatements="513" conditionals="525" coveredconditionals="161" methods="333" coveredmethods="118"/>
      <file name="AnalysisGroupButtons.jsx" path="/Users/hsnow/code/seqr/ui/pages/Project/components/AnalysisGroupButtons.jsx">
        <metrics statements="59" coveredstatements="29" conditionals="58" coveredconditionals="9" methods="28" coveredmethods="7"/>
        <line num="27" count="5" type="stmt"/>
        <line num="33" count="0" type="stmt"/>
        <line num="38" count="5" type="stmt"/>
        <line num="39" count="0" type="cond" truecount="0" falsecount="2"/>
        <line num="40" count="0" type="stmt"/>
        <line num="43" count="0" type="cond" truecount="0" falsecount="2"/>
        <line num="44" count="0" type="stmt"/>
        <line num="45" count="0" type="stmt"/>
        <line num="47" count="0" type="stmt"/>
        <line num="49" count="0" type="cond" truecount="0" falsecount="2"/>
        <line num="50" count="0" type="stmt"/>
        <line num="51" count="0" type="cond" truecount="0" falsecount="2"/>
        <line num="52" count="0" type="stmt"/>
        <line num="53" count="0" type="stmt"/>
        <line num="55" count="0" type="stmt"/>
        <line num="59" count="0" type="stmt"/>
        <line num="62" count="5" type="stmt"/>
        <line num="63" count="5" type="stmt"/>
        <line num="65" count="5" type="stmt"/>
        <line num="66" count="0" type="stmt"/>
        <line num="75" count="5" type="stmt"/>
[...]
        <line num="1373" count="85" type="stmt"/>
        <line num="1374" count="1" type="stmt"/>
        <line num="1375" count="0" type="stmt"/>
        <line num="1380" count="0" type="cond" truecount="0" falsecount="2"/>
        <line num="1381" count="0" type="cond" truecount="0" falsecount="2"/>
        <line num="1383" count="0" type="cond" truecount="0" falsecount="2"/>
        <line num="1389" count="0" type="stmt"/>
        <line num="1393" count="0" type="stmt"/>
        <line num="1403" count="0" type="stmt"/>
        <line num="1409" count="0" type="stmt"/>
        <line num="1416" count="0" type="cond" truecount="0" falsecount="2"/>
        <line num="1417" count="0" type="cond" truecount="0" falsecount="2"/>
        <line num="1419" count="0" type="cond" truecount="0" falsecount="2"/>
        <line num="1426" count="0" type="stmt"/>
        <line num="1433" count="0" type="stmt"/>
        <line num="1438" count="0" type="stmt"/>
        <line num="1439" count="0" type="cond" truecount="0" falsecount="4"/>
        <line num="1441" count="0" type="cond" truecount="0" falsecount="4"/>
        <line num="1445" count="85" type="stmt"/>
        <line num="1447" count="85" type="stmt"/>
        <line num="1448" count="1615" type="stmt"/>
        <line num="1454" count="85" type="stmt"/>
        <line num="1462" count="85" type="stmt"/>
        <line num="1463" count="85" type="stmt"/>
        <line num="1464" count="85" type="stmt"/>
        <line num="1470" count="85" type="stmt"/>
        <line num="1476" count="85" type="stmt"/>
        <line num="1482" count="85" type="stmt"/>
        <line num="1491" count="85" type="stmt"/>
        <line num="1498" count="0" type="stmt"/>
        <line num="1500" count="85" type="stmt"/>
        <line num="1509" count="85" type="stmt"/>
        <line num="1516" count="85" type="stmt"/>
        <line num="1523" count="85" type="stmt"/>
        <line num="1524" count="85" type="stmt"/>
        <line num="1525" count="85" type="stmt"/>
        <line num="1526" count="85" type="stmt"/>
        <line num="1527" count="85" type="stmt"/>
        <line num="1528" count="85" type="stmt"/>
        <line num="1529" count="85" type="stmt"/>
        <line num="1531" count="85" type="stmt"/>
        <line num="1532" count="85" type="stmt"/>
        <line num="1533" count="85" type="stmt"/>
        <line num="1535" count="85" type="stmt"/>
        <line num="1548" count="0" type="stmt"/>
        <line num="1589" count="146" type="cond" truecount="2" falsecount="0"/>
        <line num="1590" count="85" type="stmt"/>
        <line num="1591" count="0" type="cond" truecount="0" falsecount="2"/>
        <line num="1592" count="0" type="cond" truecount="0" falsecount="2"/>
        <line num="1593" count="0" type="cond" truecount="0" falsecount="4"/>
        <line num="1594" count="0" type="cond" truecount="0" falsecount="6"/>
        <line num="1598" count="0" type="cond" truecount="0" falsecount="2"/>
        <line num="1600" count="85" type="stmt"/>
        <line num="1603" count="0" type="cond" truecount="0" falsecount="2"/>
        <line num="1604" count="0" type="cond" truecount="0" falsecount="4"/>
        <line num="1605" count="0" type="cond" truecount="0" falsecount="2"/>
        <line num="1608" count="0" type="stmt"/>
        <line num="1609" count="0" type="cond" truecount="0" falsecount="4"/>
        <line num="1610" count="0" type="stmt"/>
        <line num="1615" count="0" type="cond" truecount="0" falsecount="2"/>
        <line num="1617" count="85" type="stmt"/>
        <line num="1618" count="38" type="stmt"/>
        <line num="1620" count="228" type="stmt"/>
        <line num="1622" count="228" type="cond" truecount="2" falsecount="0"/>
        <line num="1623" count="112" type="cond" truecount="2" falsecount="0"/>
        <line num="1624" count="74" type="stmt"/>
        <line num="1626" count="38" type="stmt"/>
        <line num="1627" count="38" type="cond" truecount="2" falsecount="0"/>
        <line num="1628" count="2" type="stmt"/>
        <line num="1630" count="116" type="cond" truecount="2" falsecount="0"/>
        <line num="1631" count="38" type="stmt"/>
        <line num="1632" count="78" type="cond" truecount="2" falsecount="0"/>
        <line num="1633" count="8" type="stmt"/>
        <line num="1635" count="70" type="stmt"/>
        <line num="1636" count="70" type="cond" truecount="2" falsecount="0"/>
        <line num="1637" count="2" type="stmt"/>
        <line num="1640" count="146" type="cond" truecount="2" falsecount="0"/>
        <line num="1641" count="6" type="stmt"/>
        <line num="1643" count="146" type="stmt"/>
        <line num="1662" count="85" type="cond" truecount="0" falsecount="1"/>
        <line num="1663" count="2" type="cond" truecount="4" falsecount="0"/>
        <line num="1664" count="1" type="cond" truecount="1" falsecount="1"/>
        <line num="1665" count="1" type="cond" truecount="2" falsecount="0"/>
        <line num="1668" count="1" type="stmt"/>
        <line num="1669" count="1" type="cond" truecount="2" falsecount="3"/>
        <line num="1670" count="0" type="stmt"/>
        <line num="1672" count="1" type="stmt"/>
        <line num="1675" count="85" type="cond" truecount="3" falsecount="0"/>
        <line num="1677" count="0" type="cond" truecount="0" falsecount="2"/>
        <line num="1679" count="85" type="stmt"/>
        <line num="1680" count="2" type="stmt"/>
        <line num="1681" count="2" type="cond" truecount="2" falsecount="0"/>
        <line num="1682" count="2" type="cond" truecount="2" falsecount="0"/>
        <line num="1683" count="4" type="cond" truecount="4" falsecount="0"/>
        <line num="1684" count="2" type="cond" truecount="1" falsecount="1"/>
        <line num="1685" count="2" type="stmt"/>
        <line num="1686" count="2" type="cond" truecount="1" falsecount="1"/>
        <line num="1687" count="2" type="cond" truecount="2" falsecount="2"/>
        <line num="1688" count="2" type="cond" truecount="1" falsecount="1"/>
        <line num="1689" count="2" type="cond" truecount="2" falsecount="0"/>
        <line num="1690" count="1" type="stmt"/>
        <line num="1691" count="1" type="cond" truecount="1" falsecount="1"/>
        <line num="1692" count="1" type="stmt"/>
        <line num="1695" count="2" type="cond" truecount="2" falsecount="0"/>
        <line num="1696" count="2" type="cond" truecount="2" falsecount="2"/>
        <line num="1699" count="340" type="stmt"/>
        <line num="1700" count="0" type="cond" truecount="0" falsecount="2"/>
        <line num="1701" count="0" type="cond" truecount="0" falsecount="2"/>
        <line num="1704" count="85" type="stmt"/>
        <line num="1705" count="0" type="stmt"/>
        <line num="1706" count="0" type="cond" truecount="0" falsecount="2"/>
        <line num="1709" count="85" type="stmt"/>
        <line num="1715" count="0" type="stmt"/>
        <line num="1716" count="0" type="stmt"/>
        <line num="1721" count="0" type="cond" truecount="0" falsecount="2"/>
        <line num="1722" count="0" type="cond" truecount="0" falsecount="2"/>
        <line num="1723" count="0" type="cond" truecount="0" falsecount="2"/>
        <line num="1724" count="0" type="cond" truecount="0" falsecount="2"/>
        <line num="1725" count="0" type="cond" truecount="0" falsecount="2"/>
        <line num="1726" count="0" type="cond" truecount="0" falsecount="2"/>
        <line num="1727" count="0" type="cond" truecount="0" falsecount="4"/>
        <line num="1728" count="0" type="cond" truecount="0" falsecount="2"/>
        <line num="1729" count="0" type="stmt"/>
        <line num="1730" count="0" type="stmt"/>
        <line num="1731" count="0" type="stmt"/>
        <line num="1732" count="0" type="cond" truecount="0" falsecount="2"/>
        <line num="1733" count="0" type="cond" truecount="0" falsecount="2"/>
        <line num="1736" count="0" type="stmt"/>
        <line num="1737" count="0" type="cond" truecount="0" falsecount="2"/>
        <line num="1740" count="0" type="stmt"/>
        <line num="1741" count="0" type="stmt"/>
        <line num="1742" count="0" type="stmt"/>
        <line num="1747" count="85" type="stmt"/>
        <line num="1749" count="85" type="stmt"/>
        <line num="1750" count="85" type="stmt"/>
        <line num="1751" count="85" type="stmt"/>
        <line num="1752" count="85" type="stmt"/>
        <line num="1780" count="85" type="stmt"/>
        <line num="1788" count="85" type="stmt"/>
        <line num="1789" count="85" type="stmt"/>
        <line num="1790" count="85" type="stmt"/>
        <line num="1806" count="85" type="stmt"/>
        <line num="1808" count="85" type="stmt"/>
        <line num="1809" count="595" type="stmt"/>
        <line num="1810" count="510" type="stmt"/>
        <line num="1816" count="85" type="stmt"/>
        <line num="1822" count="85" type="stmt"/>
        <line num="1830" count="85" type="stmt"/>
        <line num="1838" count="85" type="stmt"/>
        <line num="1839" count="425" type="stmt"/>
        <line num="1842" count="85" type="stmt"/>
        <line num="1843" count="85" type="stmt"/>
        <line num="1844" count="85" type="stmt"/>
        <line num="1845" count="85" type="stmt"/>
        <line num="1846" count="85" type="stmt"/>
        <line num="1848" count="85" type="stmt"/>
        <line num="1871" count="85" type="stmt"/>
        <line num="1887" count="85" type="stmt"/>
        <line num="1927" count="85" type="stmt"/>
        <line num="1932" count="85" type="stmt"/>
        <line num="1955" count="85" type="stmt"/>
        <line num="1963" count="85" type="stmt"/>
        <line num="1977" count="85" type="stmt"/>
        <line num="1983" count="85" type="stmt"/>
        <line num="2001" count="85" type="stmt"/>
        <line num="2054" count="85" type="stmt"/>
        <line num="2072" count="4" type="cond" truecount="2" falsecount="0"/>
        <line num="2080" count="85" type="stmt"/>
        <line num="2090" count="2" type="stmt"/>
        <line num="2099" count="85" type="stmt"/>
        <line num="2108" count="85" type="stmt"/>
        <line num="2114" count="85" type="stmt"/>
        <line num="2116" count="85" type="stmt"/>
        <line num="2117" count="85" type="stmt"/>
        <line num="2118" count="85" type="stmt"/>
        <line num="2119" count="85" type="stmt"/>
        <line num="2120" count="85" type="stmt"/>
        <line num="2121" count="85" type="stmt"/>
      </file>
      <file name="httpRequestHelper.ts" path="/Users/hsnow/code/seqr/ui/shared/utils/httpRequestHelper.ts">
        <metrics statements="63" coveredstatements="5" conditionals="37" coveredconditionals="1" methods="27" coveredmethods="1"/>
        <line num="4" count="65" type="stmt"/>
        <line num="6" count="65" type="stmt"/>
        <line num="7" count="0" type="stmt"/>
        <line num="9" count="0" type="cond" truecount="0" falsecount="2"/>
        <line num="48" count="0" type="stmt"/>
        <line num="49" count="0" type="stmt"/>
        <line num="50" count="0" type="stmt"/>
        <line num="51" count="0" type="stmt"/>
        <line num="52" count="0" type="stmt"/>
        <line num="53" count="0" type="stmt"/>
        <line num="61" count="0" type="cond" truecount="0" falsecount="2"/>
        <line num="62" count="0" type="stmt"/>
        <line num="64" count="0" type="stmt"/>
        <line num="70" count="0" type="stmt"/>
        <line num="77" count="0" type="cond" truecount="0" falsecount="1"/>
        <line num="78" count="0" type="stmt"/>
        <line num="79" count="0" type="stmt"/>
        <line num="86" count="0" type="stmt"/>
        <line num="94" count="0" type="stmt"/>
        <line num="95" count="0" type="cond" truecount="0" falsecount="4"/>
        <line num="96" count="0" type="stmt"/>
        <line num="97" count="0" type="stmt"/>
        <line num="98" count="0" type="stmt"/>
        <line num="101" count="0" type="cond" truecount="0" falsecount="2"/>
        <line num="103" count="0" type="stmt"/>
        <line num="104" count="0" type="cond" truecount="0" falsecount="3"/>
        <line num="105" count="0" type="stmt"/>
        <line num="108" count="0" type="stmt"/>
        <line num="109" count="0" type="stmt"/>
        <line num="111" count="0" type="stmt"/>
        <line num="113" count="0" type="stmt"/>
        <line num="114" count="0" type="stmt"/>
        <line num="116" count="0" type="stmt"/>
        <line num="120" count="0" type="cond" truecount="0" falsecount="2"/>
        <line num="121" count="0" type="stmt"/>
        <line num="124" count="0" type="cond" truecount="0" falsecount="2"/>
        <line num="125" count="0" type="stmt"/>
        <line num="126" count="0" type="stmt"/>
        <line num="128" count="0" type="stmt"/>
        <line num="132" count="0" type="cond" truecount="0" falsecount="2"/>
        <line num="133" count="0" type="stmt"/>
        <line num="135" count="0" type="stmt"/>
        <line num="138" count="0" type="cond" truecount="0" falsecount="2"/>
        <line num="141" count="0" type="cond" truecount="0" falsecount="4"/>
        <line num="142" count="0" type="stmt"/>
        <line num="148" count="65" type="stmt"/>
        <line num="149" count="0" type="stmt"/>
        <line num="152" count="0" type="cond" truecount="0" falsecount="4"/>
        <line num="156" count="65" type="stmt"/>
        <line num="162" count="82" type="stmt"/>
        <line num="163" count="0" type="stmt"/>
        <line num="164" count="0" type="stmt"/>
        <line num="167" count="0" type="stmt"/>
        <line num="170" count="0" type="stmt"/>
        <line num="171" count="0" type="stmt"/>
        <line num="172" count="0" type="stmt"/>
        <line num="173" count="0" type="stmt"/>
        <line num="174" count="0" type="cond" truecount="0" falsecount="2"/>
        <line num="175" count="0" type="stmt"/>
        <line num="178" count="0" type="stmt"/>
        <line num="183" count="0" type="stmt"/>
        <line num="185" count="0" type="stmt"/>
        <line num="186" count="0" type="stmt"/>
      </file>
      <file name="localStorage.ts" path="/Users/hsnow/code/seqr/ui/shared/utils/localStorage.ts">
        <metrics statements="14" coveredstatements="0" conditionals="2" coveredconditionals="0" methods="2" coveredmethods="0"/>
        <line num="8" count="0" type="stmt"/>
        <line num="9" count="0" type="stmt"/>
        <line num="10" count="0" type="stmt"/>
        <line num="11" count="0" type="stmt"/>
        <line num="13" count="0" type="stmt"/>
        <line num="15" count="0" type="stmt"/>
        <line num="25" count="0" type="stmt"/>
        <line num="26" count="0" type="stmt"/>
        <line num="27" count="0" type="stmt"/>
        <line num="28" count="0" type="cond" truecount="0" falsecount="2"/>
        <line num="29" count="0" type="stmt"/>
        <line num="31" count="0" type="stmt"/>
        <line num="33" count="0" type="stmt"/>
        <line num="34" count="0" type="stmt"/>
      </file>
      <file name="panelAppUtils.ts" path="/Users/hsnow/code/seqr/ui/shared/utils/panelAppUtils.ts">
        <metrics statements="39" coveredstatements="35" conditionals="42" coveredconditionals="35" methods="7" coveredmethods="6"/>
        <line num="10" count="12" type="cond" truecount="1" falsecount="0"/>
        <line num="11" count="41" type="cond" truecount="2" falsecount="0"/>
        <line num="12" count="3" type="stmt"/>
        <line num="15" count="38" type="stmt"/>
        <line num="17" count="38" type="cond" truecount="2" falsecount="0"/>
        <line num="18" count="12" type="cond" truecount="2" falsecount="0"/>
        <line num="19" count="5" type="cond" truecount="2" falsecount="0"/>
        <line num="21" count="7" type="cond" truecount="2" falsecount="0"/>
        <line num="22" count="2" type="cond" truecount="1" falsecount="1"/>
        <line num="24" count="5" type="stmt"/>
        <line num="26" count="26" type="cond" truecount="4" falsecount="0"/>
        <line num="27" count="5" type="cond" truecount="2" falsecount="0"/>
        <line num="28" count="2" type="stmt"/>
        <line num="30" count="3" type="cond" truecount="1" falsecount="1"/>
        <line num="31" count="3" type="stmt"/>
        <line num="34" count="21" type="cond" truecount="2" falsecount="0"/>
        <line num="35" count="2" type="stmt"/>
        <line num="37" count="19" type="cond" truecount="2" falsecount="0"/>
        <line num="38" count="4" type="stmt"/>
        <line num="41" count="15" type="cond" truecount="2" falsecount="0"/>
        <line num="44" count="12" type="stmt"/>
        <line num="57" count="12" type="stmt"/>
        <line num="62" count="5" type="cond" truecount="4" falsecount="1"/>
        <line num="63" count="0" type="stmt"/>
        <line num="65" count="5" type="stmt"/>
        <line num="67" count="5" type="stmt"/>
        <line num="87" count="12" type="stmt"/>
        <line num="91" count="3" type="cond" truecount="2" falsecount="0"/>
        <line num="92" count="2" type="stmt"/>
        <line num="95" count="1" type="stmt"/>
        <line num="96" count="4" type="cond" truecount="2" falsecount="2"/>
        <line num="97" count="4" type="stmt"/>
        <line num="99" count="0" type="stmt"/>
        <line num="100" count="0" type="stmt"/>
        <line num="103" count="1" type="stmt"/>
        <line num="104" count="4" type="cond" truecount="1" falsecount="1"/>
        <line num="105" count="0" type="stmt"/>
        <line num="107" count="4" type="cond" truecount="1" falsecount="1"/>
        <line num="108" count="8" type="stmt"/>
      </file>
      <file name="sortUtils.ts" path="/Users/hsnow/code/seqr/ui/shared/utils/sortUtils.ts">
        <metrics statements="18" coveredstatements="18" conditionals="22" coveredconditionals="21" methods="3" coveredmethods="3"/>
        <line num="14" count="81" type="stmt"/>
        <line num="15" count="27" type="cond" truecount="6" falsecount="0"/>
        <line num="16" count="17" type="cond" truecount="2" falsecount="0"/>
        <line num="17" count="4" type="stmt"/>
        <line num="18" count="13" type="cond" truecount="2" falsecount="0"/>
        <line num="19" count="7" type="stmt"/>
        <line num="21" count="6" type="stmt"/>
        <line num="24" count="10" type="cond" truecount="4" falsecount="0"/>
        <line num="25" count="3" type="stmt"/>
        <line num="26" count="7" type="cond" truecount="4" falsecount="0"/>
        <line num="27" count="4" type="stmt"/>
        <line num="29" count="3" type="stmt"/>
        <line num="45" count="81" type="stmt"/>
        <line num="46" count="6" type="stmt"/>
        <line num="47" count="6" type="stmt"/>
        <line num="48" count="6" type="cond" truecount="2" falsecount="0"/>
        <line num="49" count="6" type="cond" truecount="1" falsecount="1"/>
        <line num="51" count="6" type="stmt"/>
      </file>
      <file name="stringUtils.ts" path="/Users/hsnow/code/seqr/ui/shared/utils/stringUtils.ts">
        <metrics statements="10" coveredstatements="10" conditionals="14" coveredconditionals="13" methods="10" coveredmethods="10"/>
        <line num="14" count="194" type="cond" truecount="2" falsecount="0"/>
        <line num="26" count="1432" type="cond" truecount="1" falsecount="1"/>
        <line num="38" count="87" type="cond" truecount="2" falsecount="0"/>
        <line num="50" count="87" type="cond" truecount="2" falsecount="0"/>
        <line num="51" count="10" type="cond" truecount="4" falsecount="0"/>
        <line num="64" count="87" type="cond" truecount="2" falsecount="0"/>
        <line num="76" count="87" type="stmt"/>
        <line num="77" count="7" type="stmt"/>
        <line num="78" count="19" type="stmt"/>
        <line num="80" count="7" type="stmt"/>
      </file>
    </package>
  </project>
</coverage>
