TN:
SF:app.jsx
FN:29,(anonymous_0)
FN:37,(anonymous_1)
FN:61,(anonymous_2)
FNF:3
FNH:0
FNDA:0,(anonymous_0)
FNDA:0,(anonymous_1)
FNDA:0,(anonymous_2)
DA:29,0
DA:30,0
DA:33,0
DA:37,0
DA:41,0
DA:43,0
DA:61,0
LF:7
LH:0
BRDA:30,0,0,0
BRDA:30,0,1,0
BRDA:30,1,0,0
BRDA:30,1,1,0
BRF:4
BRH:0
end_of_record
TN:
SF:@types/remove-markdown.d.ts
FNF:0
FNH:0
LF:0
LH:0
BRF:0
BRH:0
end_of_record
TN:
SF:@types/timeout-as-promise.d.ts
FNF:0
FNH:0
LF:0
LH:0
BRF:0
BRH:0
end_of_record
TN:
SF:config/d3-bundle.js
FNF:0
FNH:0
LF:0
LH:0
BRF:0
BRH:0
end_of_record
TN:
SF:config/env.js
FN:32,(anonymous_0)
FN:52,(anonymous_1)
FN:53,(anonymous_2)
FN:62,getClientEnvironment
FN:64,(anonymous_4)
FN:66,(anonymous_5)
FN:83,(anonymous_6)
FNF:7
FNH:0
FNDA:0,(anonymous_0)
FNDA:0,(anonymous_1)
FNDA:0,(anonymous_2)
FNDA:0,getClientEnvironment
FNDA:0,(anonymous_4)
FNDA:0,(anonymous_5)
FNDA:0,(anonymous_6)
DA:3,0
DA:4,0
DA:5,0
DA:8,0
DA:10,0
DA:11,0
DA:12,0
DA:18,0
DA:32,0
DA:33,0
DA:34,0
DA:49,0
DA:50,0
DA:52,0
DA:53,0
DA:56,0
DA:60,0
DA:63,0
DA:64,0
DA:67,0
DA:68,0
DA:82,0
DA:84,0
DA:85,0
DA:89,0
DA:92,0
LF:26
LH:0
BRDA:11,0,0,0
BRDA:11,0,1,0
BRDA:24,1,0,0
BRDA:24,1,1,0
BRDA:33,2,0,0
BRDA:33,2,1,0
BRDA:50,3,0,0
BRDA:50,3,1,0
BRDA:52,4,0,0
BRDA:52,4,1,0
BRDA:73,5,0,0
BRDA:73,5,1,0
BRF:12
BRH:0
end_of_record
TN:
SF:config/paths.js
FN:10,(anonymous_0)
FN:14,ensureSlash
FN:25,(anonymous_2)
FN:34,getServedPath
FNF:4
FNH:0
FNDA:0,(anonymous_0)
FNDA:0,ensureSlash
FNDA:0,(anonymous_2)
FNDA:0,getServedPath
DA:3,0
DA:4,0
DA:5,0
DA:9,0
DA:10,0
DA:12,0
DA:15,0
DA:16,0
DA:17,0
DA:18,0
DA:19,0
DA:21,0
DA:25,0
DA:26,0
DA:35,0
DA:37,0
DA:38,0
DA:42,0
LF:18
LH:0
BRDA:16,0,0,0
BRDA:16,0,1,0
BRDA:16,1,0,0
BRDA:16,1,1,0
BRDA:18,2,0,0
BRDA:18,2,1,0
BRDA:18,3,0,0
BRDA:18,3,1,0
BRDA:26,4,0,0
BRDA:26,4,1,0
BRDA:37,5,0,0
BRDA:37,5,1,0
BRDA:37,6,0,0
BRDA:37,6,1,0
BRF:14
BRH:0
end_of_record
TN:
SF:config/webpack.config.dev.js
FN:108,(anonymous_0)
FNF:1
FNH:0
FNDA:0,(anonymous_0)
DA:1,0
DA:2,0
DA:3,0
DA:4,0
DA:5,0
DA:6,0
DA:7,0
DA:8,0
DA:9,0
DA:10,0
DA:11,0
DA:16,0
DA:35,0
DA:109,0
DA:110,0
LF:15
LH:0
BRF:0
BRH:0
end_of_record
TN:
SF:config/webpack.config.prod.js
FNF:0
FNH:0
DA:3,0
DA:4,0
DA:5,0
DA:6,0
DA:7,0
DA:8,0
DA:9,0
DA:10,0
DA:11,0
DA:12,0
DA:13,0
DA:14,0
DA:15,0
DA:16,0
DA:17,0
DA:21,0
DA:25,0
DA:27,0
DA:31,0
DA:32,0
DA:36,0
DA:38,0
DA:58,0
LF:23
LH:0
BRDA:31,0,0,0
BRDA:31,0,1,0
BRF:2
BRH:0
end_of_record
TN:
SF:config/webpackDevServer.config.js
FN:3,(anonymous_0)
FNF:1
FNH:0
FNDA:0,(anonymous_0)
DA:1,0
DA:3,0
DA:4,0
LF:3
LH:0
BRF:0
BRH:0
end_of_record
TN:
SF:config/jest/cssTransform.js
FN:7,(anonymous_0)
FN:10,(anonymous_1)
FNF:2
FNH:0
FNDA:0,(anonymous_0)
FNDA:0,(anonymous_1)
DA:6,0
DA:8,0
DA:12,0
LF:3
LH:0
BRF:0
BRH:0
end_of_record
TN:
SF:config/jest/fileTransform.js
FN:9,(anonymous_0)
FNF:1
FNH:0
FNDA:0,(anonymous_0)
DA:3,2
DA:8,2
DA:10,0
LF:3
LH:2
BRF:0
BRH:0
end_of_record
TN:
SF:coverage/lcov-report/block-navigation.js
FN:2,init
FN:24,toggleClass
FN:31,makeCurrent
FN:41,goToPrevious
FN:52,goToNext
FN:65,jump
FNF:6
FNH:0
FNDA:0,init
FNDA:0,toggleClass
FNDA:0,makeCurrent
FNDA:0,goToPrevious
FNDA:0,goToNext
FNDA:0,jump
DA:2,0
DA:4,0
DA:7,0
DA:10,0
DA:14,0
DA:20,0
DA:25,0
DA:28,0
DA:32,0
DA:33,0
DA:34,0
DA:42,0
DA:43,0
DA:44,0
DA:45,0
DA:46,0
DA:49,0
DA:53,0
DA:55,0
DA:59,0
DA:62,0
DA:65,0
DA:66,0
DA:69,0
DA:70,0
DA:74,0
DA:75,0
DA:79,0
LF:28
LH:0
BRDA:43,0,0,0
BRDA:43,0,1,0
BRDA:43,1,0,0
BRDA:43,1,1,0
BRDA:45,2,0,0
BRDA:45,2,1,0
BRDA:55,3,0,0
BRDA:55,3,1,0
BRDA:56,4,0,0
BRDA:56,4,1,0
BRDA:66,5,0,0
BRDA:66,5,1,0
BRDA:66,5,2,0
BRDA:66,5,3,0
BRDA:66,5,4,0
BRF:15
BRH:0
end_of_record
TN:
SF:coverage/lcov-report/prettify.js
FN:2,(anonymous_0)
FN:2,k
FN:2,ab
FN:2,T
FN:2,X
FN:2,(anonymous_5)
FN:2,W
FN:2,(anonymous_7)
FN:2,a
FN:2,aa
FN:2,B
FN:2,o
FN:2,g
FN:2,(anonymous_13)
FN:2,(anonymous_14)
FN:2,i
FN:2,Q
FN:2,ae
FN:2,ad
FN:2,ai
FN:2,D
FN:2,c
FN:2,q
FN:2,d
FN:2,y
FN:2,b
FN:2,Y
FN:2,(anonymous_27)
FN:2,U
FNF:29
FNH:0
FNDA:0,(anonymous_0)
FNDA:0,k
FNDA:0,ab
FNDA:0,T
FNDA:0,X
FNDA:0,(anonymous_5)
FNDA:0,W
FNDA:0,(anonymous_7)
FNDA:0,a
FNDA:0,aa
FNDA:0,B
FNDA:0,o
FNDA:0,g
FNDA:0,(anonymous_13)
FNDA:0,(anonymous_14)
FNDA:0,i
FNDA:0,Q
FNDA:0,ae
FNDA:0,ad
FNDA:0,ai
FNDA:0,D
FNDA:0,c
FNDA:0,q
FNDA:0,d
FNDA:0,y
FNDA:0,b
FNDA:0,Y
FNDA:0,(anonymous_27)
FNDA:0,U
DA:2,0
LF:1
LH:0
BRDA:2,0,0,0
BRDA:2,0,1,0
BRDA:2,1,0,0
BRDA:2,1,1,0
BRDA:2,2,0,0
BRDA:2,2,1,0
BRDA:2,3,0,0
BRDA:2,3,1,0
BRDA:2,4,0,0
BRDA:2,4,1,0
BRDA:2,5,0,0
BRDA:2,5,1,0
BRDA:2,6,0,0
BRDA:2,6,1,0
BRDA:2,7,0,0
BRDA:2,7,1,0
BRDA:2,8,0,0
BRDA:2,8,1,0
BRDA:2,9,0,0
BRDA:2,9,1,0
BRDA:2,10,0,0
BRDA:2,10,1,0
BRDA:2,11,0,0
BRDA:2,11,1,0
BRDA:2,11,2,0
BRDA:2,11,3,0
BRDA:2,12,0,0
BRDA:2,12,1,0
BRDA:2,13,0,0
BRDA:2,13,1,0
BRDA:2,14,0,0
BRDA:2,14,1,0
BRDA:2,15,0,0
BRDA:2,15,1,0
BRDA:2,16,0,0
BRDA:2,16,1,0
BRDA:2,17,0,0
BRDA:2,17,1,0
BRDA:2,18,0,0
BRDA:2,18,1,0
BRDA:2,19,0,0
BRDA:2,19,1,0
BRDA:2,20,0,0
BRDA:2,20,1,0
BRDA:2,21,0,0
BRDA:2,21,1,0
BRDA:2,22,0,0
BRDA:2,22,1,0
BRDA:2,23,0,0
BRDA:2,23,1,0
BRDA:2,24,0,0
BRDA:2,24,1,0
BRDA:2,25,0,0
BRDA:2,25,1,0
BRDA:2,26,0,0
BRDA:2,26,1,0
BRDA:2,27,0,0
BRDA:2,27,1,0
BRDA:2,28,0,0
BRDA:2,28,1,0
BRDA:2,29,0,0
BRDA:2,29,1,0
BRDA:2,30,0,0
BRDA:2,30,1,0
BRDA:2,31,0,0
BRDA:2,31,1,0
BRDA:2,32,0,0
BRDA:2,32,1,0
BRDA:2,33,0,0
BRDA:2,33,1,0
BRDA:2,34,0,0
BRDA:2,34,1,0
BRDA:2,35,0,0
BRDA:2,35,1,0
BRDA:2,36,0,0
BRDA:2,36,1,0
BRDA:2,37,0,0
BRDA:2,37,1,0
BRDA:2,38,0,0
BRDA:2,38,1,0
BRDA:2,39,0,0
BRDA:2,39,1,0
BRDA:2,40,0,0
BRDA:2,40,1,0
BRDA:2,41,0,0
BRDA:2,41,1,0
BRDA:2,42,0,0
BRDA:2,42,1,0
BRDA:2,43,0,0
BRDA:2,43,1,0
BRDA:2,44,0,0
BRDA:2,44,1,0
BRDA:2,45,0,0
BRDA:2,45,1,0
BRDA:2,46,0,0
BRDA:2,46,1,0
BRDA:2,47,0,0
BRDA:2,47,1,0
BRDA:2,48,0,0
BRDA:2,48,1,0
BRDA:2,49,0,0
BRDA:2,49,1,0
BRDA:2,50,0,0
BRDA:2,50,1,0
BRDA:2,50,2,0
BRDA:2,51,0,0
BRDA:2,51,1,0
BRDA:2,52,0,0
BRDA:2,52,1,0
BRDA:2,53,0,0
BRDA:2,53,1,0
BRDA:2,54,0,0
BRDA:2,54,1,0
BRDA:2,55,0,0
BRDA:2,55,1,0
BRDA:2,56,0,0
BRDA:2,56,1,0
BRDA:2,57,0,0
BRDA:2,57,1,0
BRDA:2,58,0,0
BRDA:2,58,1,0
BRDA:2,59,0,0
BRDA:2,59,1,0
BRDA:2,60,0,0
BRDA:2,60,1,0
BRDA:2,61,0,0
BRDA:2,61,1,0
BRDA:2,62,0,0
BRDA:2,62,1,0
BRDA:2,63,0,0
BRDA:2,63,1,0
BRDA:2,64,0,0
BRDA:2,64,1,0
BRDA:2,65,0,0
BRDA:2,65,1,0
BRDA:2,66,0,0
BRDA:2,66,1,0
BRDA:2,67,0,0
BRDA:2,67,1,0
BRDA:2,68,0,0
BRDA:2,68,1,0
BRDA:2,69,0,0
BRDA:2,69,1,0
BRDA:2,70,0,0
BRDA:2,70,1,0
BRDA:2,71,0,0
BRDA:2,71,1,0
BRDA:2,72,0,0
BRDA:2,72,1,0
BRDA:2,73,0,0
BRDA:2,73,1,0
BRDA:2,74,0,0
BRDA:2,74,1,0
BRDA:2,75,0,0
BRDA:2,75,1,0
BRDA:2,76,0,0
BRDA:2,76,1,0
BRDA:2,77,0,0
BRDA:2,77,1,0
BRDA:2,78,0,0
BRDA:2,78,1,0
BRDA:2,79,0,0
BRDA:2,79,1,0
BRDA:2,80,0,0
BRDA:2,80,1,0
BRDA:2,81,0,0
BRDA:2,81,1,0
BRDA:2,82,0,0
BRDA:2,82,1,0
BRDA:2,83,0,0
BRDA:2,83,1,0
BRDA:2,84,0,0
BRDA:2,84,1,0
BRDA:2,85,0,0
BRDA:2,85,1,0
BRDA:2,86,0,0
BRDA:2,86,1,0
BRDA:2,87,0,0
BRDA:2,87,1,0
BRDA:2,88,0,0
BRDA:2,88,1,0
BRDA:2,89,0,0
BRDA:2,89,1,0
BRDA:2,89,2,0
BRDA:2,90,0,0
BRDA:2,90,1,0
BRDA:2,91,0,0
BRDA:2,91,1,0
BRDA:2,92,0,0
BRDA:2,92,1,0
BRDA:2,93,0,0
BRDA:2,93,1,0
BRDA:2,94,0,0
BRDA:2,94,1,0
BRDA:2,95,0,0
BRDA:2,95,1,0
BRDA:2,96,0,0
BRDA:2,96,1,0
BRDA:2,97,0,0
BRDA:2,97,1,0
BRDA:2,98,0,0
BRDA:2,98,1,0
BRDA:2,99,0,0
BRDA:2,99,1,0
BRDA:2,100,0,0
BRDA:2,100,1,0
BRDA:2,101,0,0
BRDA:2,101,1,0
BRDA:2,102,0,0
BRDA:2,102,1,0
BRDA:2,103,0,0
BRDA:2,103,1,0
BRDA:2,104,0,0
BRDA:2,104,1,0
BRDA:2,105,0,0
BRDA:2,105,1,0
BRDA:2,106,0,0
BRDA:2,106,1,0
BRDA:2,107,0,0
BRDA:2,107,1,0
BRDA:2,108,0,0
BRDA:2,108,1,0
BRDA:2,109,0,0
BRDA:2,109,1,0
BRDA:2,110,0,0
BRDA:2,110,1,0
BRDA:2,111,0,0
BRDA:2,111,1,0
BRDA:2,112,0,0
BRDA:2,112,1,0
BRDA:2,113,0,0
BRDA:2,113,1,0
BRDA:2,114,0,0
BRDA:2,114,1,0
BRDA:2,115,0,0
BRDA:2,115,1,0
BRDA:2,116,0,0
BRDA:2,116,1,0
BRDA:2,117,0,0
BRDA:2,117,1,0
BRDA:2,118,0,0
BRDA:2,118,1,0
BRDA:2,119,0,0
BRDA:2,119,1,0
BRDA:2,120,0,0
BRDA:2,120,1,0
BRDA:2,121,0,0
BRDA:2,121,1,0
BRDA:2,122,0,0
BRDA:2,122,1,0
BRDA:2,123,0,0
BRDA:2,123,1,0
BRDA:2,124,0,0
BRDA:2,124,1,0
BRDA:2,125,0,0
BRDA:2,125,1,0
BRDA:2,126,0,0
BRDA:2,126,1,0
BRDA:2,127,0,0
BRDA:2,127,1,0
BRDA:2,128,0,0
BRDA:2,128,1,0
BRDA:2,128,2,0
BRDA:2,129,0,0
BRDA:2,129,1,0
BRDA:2,130,0,0
BRDA:2,130,1,0
BRDA:2,131,0,0
BRDA:2,131,1,0
BRDA:2,131,2,0
BRDA:2,131,3,0
BRDA:2,131,4,0
BRDA:2,132,0,0
BRDA:2,132,1,0
BRDA:2,133,0,0
BRDA:2,133,1,0
BRDA:2,134,0,0
BRDA:2,134,1,0
BRDA:2,135,0,0
BRDA:2,135,1,0
BRDA:2,136,0,0
BRDA:2,136,1,0
BRDA:2,137,0,0
BRDA:2,137,1,0
BRDA:2,138,0,0
BRDA:2,138,1,0
BRF:286
BRH:0
end_of_record
TN:
SF:coverage/lcov-report/sorter.js
FN:2,(anonymous_0)
FN:11,getTable
FN:15,getTableHeader
FN:19,getTableBody
FN:23,getNthColumn
FN:28,loadColumns
FN:53,loadRowData
FN:72,loadData
FN:81,sortByIndex
FN:83,(anonymous_9)
FN:95,(anonymous_10)
FN:112,removeSortIndicators
FN:120,addSortIndicators
FN:126,enableUI
FN:129,ithSorter
FN:132,(anonymous_15)
FN:159,(anonymous_16)
FNF:17
FNH:0
FNDA:0,(anonymous_0)
FNDA:0,getTable
FNDA:0,getTableHeader
FNDA:0,getTableBody
FNDA:0,getNthColumn
FNDA:0,loadColumns
FNDA:0,loadRowData
FNDA:0,loadData
FNDA:0,sortByIndex
FNDA:0,(anonymous_9)
FNDA:0,(anonymous_10)
FNDA:0,removeSortIndicators
FNDA:0,addSortIndicators
FNDA:0,enableUI
FNDA:0,ithSorter
FNDA:0,(anonymous_15)
FNDA:0,(anonymous_16)
DA:2,0
DA:5,0
DA:12,0
DA:16,0
DA:20,0
DA:24,0
DA:29,0
DA:31,0
DA:35,0
DA:36,0
DA:37,0
DA:42,0
DA:43,0
DA:44,0
DA:45,0
DA:49,0
DA:54,0
DA:57,0
DA:60,0
DA:61,0
DA:62,0
DA:63,0
DA:64,0
DA:65,0
DA:67,0
DA:69,0
DA:73,0
DA:76,0
DA:77,0
DA:82,0
DA:83,0
DA:84,0
DA:85,0
DA:86,0
DA:88,0
DA:89,0
DA:90,0
DA:91,0
DA:94,0
DA:95,0
DA:96,0
DA:100,0
DA:101,0
DA:102,0
DA:105,0
DA:107,0
DA:108,0
DA:113,0
DA:114,0
DA:116,0
DA:117,0
DA:121,0
DA:129,0
DA:130,0
DA:132,0
DA:133,0
DA:135,0
DA:136,0
DA:138,0
DA:139,0
DA:140,0
DA:141,0
DA:142,0
DA:145,0
DA:146,0
DA:149,0
DA:150,0
DA:151,0
DA:153,0
DA:159,0
DA:160,0
DA:161,0
DA:163,0
DA:164,0
DA:165,0
DA:166,0
DA:170,0
LF:77
LH:0
BRDA:40,0,0,0
BRDA:40,0,1,0
BRDA:43,1,0,0
BRDA:43,1,1,0
BRDA:64,2,0,0
BRDA:64,2,1,0
BRDA:86,3,0,0
BRDA:86,3,1,0
BRDA:86,4,0,0
BRDA:86,4,1,0
BRDA:94,5,0,0
BRDA:94,5,1,0
BRDA:121,6,0,0
BRDA:121,6,1,0
BRDA:135,7,0,0
BRDA:135,7,1,0
BRDA:146,8,0,0
BRDA:146,8,1,0
BRDA:150,9,0,0
BRDA:150,9,1,0
BRDA:160,10,0,0
BRDA:160,10,1,0
BRF:22
BRH:0
end_of_record
TN:
SF:pages/AnvilWorkspace/LoadWorkspaceData.jsx
FN:7,(anonymous_0)
FN:16,(anonymous_1)
FN:26,(anonymous_2)
FNF:3
FNH:0
FNDA:0,(anonymous_0)
FNDA:0,(anonymous_1)
FNDA:0,(anonymous_2)
DA:7,0
DA:8,0
DA:16,0
DA:22,0
DA:26,0
DA:27,0
DA:32,0
LF:7
LH:0
BRF:0
BRH:0
end_of_record
TN:
SF:pages/Dashboard/Dashboard.jsx
FN:49,(anonymous_0)
FN:57,(anonymous_1)
FN:70,(anonymous_2)
FN:86,(anonymous_3)
FN:108,(anonymous_4)
FN:114,(anonymous_5)
FN:118,(anonymous_6)
FN:146,(anonymous_7)
FN:151,(anonymous_8)
FN:158,(anonymous_9)
FN:167,(anonymous_10)
FN:179,(anonymous_11)
FN:189,(anonymous_12)
FN:196,(anonymous_13)
FN:232,(anonymous_14)
FNF:15
FNH:2
FNDA:0,(anonymous_0)
FNDA:0,(anonymous_1)
FNDA:0,(anonymous_2)
FNDA:0,(anonymous_3)
FNDA:0,(anonymous_4)
FNDA:0,(anonymous_5)
FNDA:0,(anonymous_6)
FNDA:0,(anonymous_7)
FNDA:0,(anonymous_8)
FNDA:0,(anonymous_9)
FNDA:0,(anonymous_10)
FNDA:0,(anonymous_11)
FNDA:1,(anonymous_12)
FNDA:1,(anonymous_13)
FNDA:0,(anonymous_14)
DA:24,1
DA:45,1
DA:49,0
DA:58,0
DA:71,0
DA:72,0
DA:74,0
DA:75,0
DA:86,0
DA:109,0
DA:110,0
DA:112,0
DA:113,0
DA:114,0
DA:117,0
DA:119,0
DA:120,0
DA:147,0
DA:148,0
DA:150,0
DA:152,0
DA:157,0
DA:158,0
DA:160,0
DA:167,0
DA:173,1
DA:174,1
DA:179,0
DA:183,1
DA:184,1
DA:186,1
DA:187,1
DA:189,1
DA:190,1
DA:191,0
DA:193,1
DA:196,1
DA:197,1
DA:222,1
DA:232,1
DA:239,1
LF:41
LH:16
BRDA:59,0,0,0
BRDA:59,0,1,0
BRDA:71,1,0,0
BRDA:71,1,1,0
BRDA:76,2,0,0
BRDA:76,2,1,0
BRDA:109,3,0,0
BRDA:109,3,1,0
BRDA:112,4,0,0
BRDA:112,4,1,0
BRDA:119,5,0,0
BRDA:119,5,1,0
BRDA:119,5,2,0
BRDA:119,5,3,0
BRDA:119,5,4,0
BRDA:127,6,0,0
BRDA:127,6,1,0
BRDA:147,7,0,0
BRDA:147,7,1,0
BRDA:152,8,0,0
BRDA:152,8,1,0
BRDA:157,9,0,0
BRDA:157,9,1,0
BRDA:179,10,0,0
BRDA:179,10,1,0
BRDA:190,11,0,0
BRDA:190,11,1,1
BRDA:190,12,0,1
BRDA:190,12,1,0
BRDA:191,13,0,0
BRDA:191,13,1,0
BRDA:193,14,0,0
BRDA:193,14,1,1
BRDA:214,15,0,0
BRDA:214,15,1,1
BRF:35
BRH:4
end_of_record
TN:
SF:pages/Dashboard/constants.js
FNF:0
FNH:0
DA:2,43
DA:3,43
DA:5,43
DA:6,43
DA:7,43
DA:8,43
DA:9,43
DA:10,43
DA:11,43
DA:12,43
LF:10
LH:10
BRF:0
BRH:0
end_of_record
TN:
SF:pages/Dashboard/fixtures.js
FNF:0
FNH:0
DA:5,5
DA:6,5
LF:2
LH:2
BRF:0
BRH:0
end_of_record
TN:
SF:pages/Dashboard/reducers.js
FN:13,(anonymous_0)
FNF:1
FNH:0
FNDA:0,(anonymous_0)
DA:10,42
DA:13,42
DA:16,42
DA:19,42
LF:4
LH:4
BRF:0
BRH:0
end_of_record
TN:
SF:pages/Dashboard/selectors.js
FN:6,(anonymous_0)
FN:8,(anonymous_1)
FN:8,(anonymous_2)
FN:29,(anonymous_3)
FN:33,(anonymous_4)
FN:35,(anonymous_5)
FN:37,(anonymous_6)
FN:46,(anonymous_7)
FN:47,(anonymous_8)
FN:53,(anonymous_9)
FNF:10
FNH:7
FNDA:2,(anonymous_0)
FNDA:3,(anonymous_1)
FNDA:8,(anonymous_2)
FNDA:2,(anonymous_3)
FNDA:4,(anonymous_4)
FNDA:6,(anonymous_5)
FNDA:2,(anonymous_6)
FNDA:0,(anonymous_7)
FNDA:0,(anonymous_8)
FNDA:0,(anonymous_9)
DA:6,6
DA:8,6
DA:9,8
DA:10,8
DA:12,0
DA:13,0
DA:15,0
DA:24,6
DA:30,2
DA:31,2
DA:33,4
DA:35,2
DA:36,6
DA:37,2
DA:39,6
DA:44,6
DA:46,0
DA:47,0
DA:51,6
DA:53,0
LF:20
LH:14
BRDA:9,0,0,8
BRDA:9,0,1,0
BRDA:12,1,0,0
BRDA:12,1,1,0
BRDA:33,2,0,4
BRDA:33,2,1,4
BRDA:36,3,0,6
BRDA:36,3,1,2
BRDA:37,4,0,2
BRDA:37,4,1,2
BRDA:37,4,2,0
BRF:11
BRH:7
end_of_record
TN:
SF:pages/Dashboard/components/CategoryIndicator.jsx
FN:8,(anonymous_0)
FN:10,(anonymous_1)
FN:12,(anonymous_2)
FNF:3
FNH:2
FNDA:0,(anonymous_0)
FNDA:2,(anonymous_1)
FNDA:1,(anonymous_2)
DA:8,2
DA:10,2
DA:11,2
DA:12,1
DA:18,2
DA:37,2
LF:6
LH:6
BRDA:11,0,0,1
BRDA:11,0,1,1
BRDA:25,1,0,1
BRDA:25,1,1,1
BRF:4
BRH:4
end_of_record
TN:
SF:pages/Dashboard/components/ComputedColoredIcon.jsx
FN:6,(anonymous_0)
FN:10,(anonymous_1)
FN:11,(anonymous_2)
FNF:3
FNH:0
FNDA:0,(anonymous_0)
FNDA:0,(anonymous_1)
FNDA:0,(anonymous_2)
DA:6,0
DA:7,0
DA:10,0
DA:11,0
LF:4
LH:0
BRDA:7,0,0,0
BRDA:7,0,1,0
BRF:2
BRH:0
end_of_record
TN:
SF:pages/Dashboard/components/CreateProjectButton.jsx
FN:28,(anonymous_0)
FN:47,(anonymous_1)
FNF:2
FNH:0
FNDA:0,(anonymous_0)
FNDA:0,(anonymous_1)
DA:12,1
DA:19,1
DA:24,1
DA:28,1
DA:29,0
DA:42,1
DA:47,1
DA:51,1
LF:8
LH:7
BRDA:37,0,0,0
BRDA:37,0,1,0
BRF:2
BRH:0
end_of_record
TN:
SF:pages/Dashboard/components/EditProjectCategoriesModal.jsx
FN:20,(anonymous_0)
FN:47,(anonymous_1)
FN:52,(anonymous_2)
FNF:3
FNH:1
FNDA:1,(anonymous_0)
FNDA:0,(anonymous_1)
FNDA:0,(anonymous_2)
DA:12,4
DA:20,4
DA:21,1
DA:38,4
DA:47,4
DA:51,4
DA:52,0
LF:7
LH:6
BRF:0
BRH:0
end_of_record
TN:
SF:pages/Dashboard/components/FilterSelector.jsx
FN:14,(anonymous_0)
FN:33,(anonymous_1)
FN:38,(anonymous_2)
FNF:3
FNH:1
FNDA:1,(anonymous_0)
FNDA:0,(anonymous_1)
FNDA:0,(anonymous_2)
DA:10,2
DA:14,2
DA:15,1
DA:27,2
DA:33,2
DA:38,2
LF:6
LH:6
BRF:0
BRH:0
end_of_record
TN:
SF:pages/Dashboard/components/ProjectEllipsisMenu.jsx
FN:27,(anonymous_0)
FN:92,(anonymous_1)
FN:97,(anonymous_2)
FN:98,(anonymous_3)
FN:101,(anonymous_4)
FNF:5
FNH:1
FNDA:2,(anonymous_0)
FNDA:0,(anonymous_1)
FNDA:0,(anonymous_2)
FNDA:0,(anonymous_3)
FNDA:0,(anonymous_4)
DA:15,2
DA:27,2
DA:28,2
DA:45,1
DA:46,0
DA:58,1
DA:59,0
DA:73,1
DA:84,2
DA:92,2
DA:97,2
DA:99,0
DA:102,0
LF:13
LH:9
BRDA:29,0,0,0
BRDA:29,0,1,1
BRDA:45,1,0,0
BRDA:45,1,1,1
BRDA:58,2,0,0
BRDA:58,2,1,1
BRF:6
BRH:3
end_of_record
TN:
SF:pages/DataManagement/DataManagement.jsx
FN:38,(anonymous_0)
FN:47,(anonymous_1)
FN:56,(anonymous_2)
FN:63,(anonymous_3)
FN:66,(anonymous_4)
FN:80,(anonymous_5)
FNF:6
FNH:0
FNDA:0,(anonymous_0)
FNDA:0,(anonymous_1)
FNDA:0,(anonymous_2)
FNDA:0,(anonymous_3)
FNDA:0,(anonymous_4)
FNDA:0,(anonymous_5)
DA:16,1
DA:18,1
DA:23,1
DA:27,1
DA:32,1
DA:38,1
DA:40,1
DA:45,1
DA:47,0
DA:51,1
DA:56,1
DA:57,0
DA:58,0
DA:60,0
DA:63,1
DA:64,0
DA:67,0
DA:74,1
DA:80,1
DA:81,0
DA:82,0
LF:21
LH:13
BRDA:57,0,0,0
BRDA:57,0,1,0
BRDA:58,1,0,0
BRDA:58,1,1,0
BRDA:60,2,0,0
BRDA:60,2,1,0
BRDA:64,3,0,0
BRDA:64,3,1,0
BRDA:64,4,0,0
BRDA:64,4,1,0
BRDA:67,5,0,0
BRDA:67,5,1,0
BRF:12
BRH:0
end_of_record
TN:
SF:pages/DataManagement/reducers.js
FN:14,(anonymous_0)
FN:14,(anonymous_1)
FN:22,(anonymous_2)
FN:25,(anonymous_3)
FN:30,(anonymous_4)
FN:30,(anonymous_5)
FN:32,(anonymous_6)
FN:39,(anonymous_7)
FN:39,(anonymous_8)
FN:43,(anonymous_9)
FN:49,(anonymous_10)
FN:49,(anonymous_11)
FN:53,(anonymous_12)
FN:56,(anonymous_13)
FNF:14
FNH:0
FNDA:0,(anonymous_0)
FNDA:0,(anonymous_1)
FNDA:0,(anonymous_2)
FNDA:0,(anonymous_3)
FNDA:0,(anonymous_4)
FNDA:0,(anonymous_5)
FNDA:0,(anonymous_6)
FNDA:0,(anonymous_7)
FNDA:0,(anonymous_8)
FNDA:0,(anonymous_9)
FNDA:0,(anonymous_10)
FNDA:0,(anonymous_11)
FNDA:0,(anonymous_12)
FNDA:0,(anonymous_13)
DA:7,41
DA:8,41
DA:9,41
DA:10,41
DA:11,41
DA:14,41
DA:15,0
DA:16,0
DA:17,0
DA:20,0
DA:21,0
DA:23,0
DA:26,0
DA:30,41
DA:33,0
DA:37,41
DA:39,0
DA:43,0
DA:47,41
DA:49,0
DA:53,0
DA:56,41
DA:60,41
DA:68,41
LF:24
LH:12
BRDA:16,0,0,0
BRDA:16,0,1,0
BRDA:16,1,0,0
BRDA:16,1,1,0
BRF:4
BRH:0
end_of_record
TN:
SF:pages/DataManagement/selectors.js
FN:1,(anonymous_0)
FN:2,(anonymous_1)
FN:3,(anonymous_2)
FN:4,(anonymous_3)
FN:5,(anonymous_4)
FNF:5
FNH:0
FNDA:0,(anonymous_0)
FNDA:0,(anonymous_1)
FNDA:0,(anonymous_2)
FNDA:0,(anonymous_3)
FNDA:0,(anonymous_4)
DA:1,1
DA:2,1
DA:3,1
DA:4,1
DA:5,1
LF:5
LH:5
BRF:0
BRH:0
end_of_record
TN:
SF:pages/DataManagement/components/AddIGV.jsx
FN:9,(anonymous_0)
FNF:1
FNH:0
FNDA:0,(anonymous_0)
DA:9,1
DA:14,1
LF:2
LH:2
BRF:0
BRH:0
end_of_record
TN:
SF:pages/DataManagement/components/LoadData.jsx
FN:21,(anonymous_0)
FN:27,(anonymous_1)
FN:31,(anonymous_2)
FN:34,(anonymous_3)
FN:36,(anonymous_4)
FN:61,(anonymous_5)
FN:134,(anonymous_6)
FN:169,(anonymous_7)
FN:171,(anonymous_8)
FN:187,(anonymous_9)
FNF:10
FNH:2
FNDA:0,(anonymous_0)
FNDA:0,(anonymous_1)
FNDA:0,(anonymous_2)
FNDA:0,(anonymous_3)
FNDA:0,(anonymous_4)
FNDA:2,(anonymous_5)
FNDA:3,(anonymous_6)
FNDA:0,(anonymous_7)
FNDA:0,(anonymous_8)
FNDA:0,(anonymous_9)
DA:21,1
DA:27,0
DA:31,1
DA:33,1
DA:34,1
DA:35,0
DA:37,0
DA:51,1
DA:56,1
DA:61,2
DA:103,1
DA:118,1
DA:134,3
DA:153,1
DA:166,1
DA:167,1
DA:169,1
DA:171,1
DA:172,0
DA:183,1
DA:187,1
LF:21
LH:17
BRDA:25,0,0,0
BRDA:25,0,1,0
BRDA:26,1,0,0
BRDA:26,1,1,0
BRDA:28,2,0,0
BRDA:28,2,1,0
BRDA:38,3,0,0
BRDA:38,3,1,0
BRDA:173,4,0,0
BRDA:173,4,1,0
BRDA:175,5,0,0
BRDA:175,5,1,0
BRF:12
BRH:0
end_of_record
TN:
SF:pages/DataManagement/components/PhenotypePrioritization.jsx
FN:18,(anonymous_0)
FNF:1
FNH:0
FNDA:0,(anonymous_0)
DA:9,1
DA:18,1
DA:23,1
LF:3
LH:3
BRF:0
BRH:0
end_of_record
TN:
SF:pages/DataManagement/components/RnaSeq.jsx
FN:9,(anonymous_0)
FNF:1
FNH:0
FNDA:0,(anonymous_0)
DA:9,1
DA:14,1
LF:2
LH:2
BRF:0
BRH:0
end_of_record
TN:
SF:pages/DataManagement/components/TriggerSearchDataUpdatePages.jsx
FN:21,(anonymous_0)
FN:48,(anonymous_1)
FN:61,(anonymous_2)
FN:65,(anonymous_3)
FNF:4
FNH:1
FNDA:3,(anonymous_0)
FNDA:0,(anonymous_1)
FNDA:0,(anonymous_2)
FNDA:0,(anonymous_3)
DA:15,1
DA:21,3
DA:24,1
DA:36,1
DA:48,1
DA:49,0
DA:56,1
DA:61,1
DA:62,0
DA:65,1
DA:66,0
LF:11
LH:8
BRF:0
BRH:0
end_of_record
TN:
SF:pages/DataManagement/components/Users.jsx
FN:12,(anonymous_0)
FN:13,(anonymous_1)
FN:15,(anonymous_2)
FN:16,(anonymous_3)
FN:19,(anonymous_4)
FN:20,(anonymous_5)
FN:27,(anonymous_6)
FN:28,(anonymous_7)
FN:40,(anonymous_8)
FN:53,(anonymous_9)
FN:58,(anonymous_10)
FN:61,(anonymous_11)
FN:68,(anonymous_12)
FN:70,(anonymous_13)
FN:94,(anonymous_14)
FNF:15
FNH:2
FNDA:0,(anonymous_0)
FNDA:0,(anonymous_1)
FNDA:2,(anonymous_2)
FNDA:0,(anonymous_3)
FNDA:4,(anonymous_4)
FNDA:0,(anonymous_5)
FNDA:0,(anonymous_6)
FNDA:0,(anonymous_7)
FNDA:0,(anonymous_8)
FNDA:0,(anonymous_9)
FNDA:0,(anonymous_10)
FNDA:0,(anonymous_11)
FNDA:0,(anonymous_12)
FNDA:0,(anonymous_13)
FNDA:0,(anonymous_14)
DA:12,1
DA:13,1
DA:15,1
DA:16,2
DA:19,1
DA:20,4
DA:23,1
DA:27,0
DA:28,0
DA:37,1
DA:38,1
DA:40,1
DA:41,0
DA:42,0
DA:43,0
DA:44,0
DA:53,0
DA:56,1
DA:58,0
DA:61,1
DA:62,0
DA:63,0
DA:65,0
DA:68,1
DA:70,1
DA:71,0
DA:86,1
DA:94,1
DA:101,1
LF:29
LH:17
BRDA:16,0,0,0
BRDA:16,0,1,0
BRDA:20,1,0,0
BRDA:20,1,1,0
BRDA:20,1,2,0
BRDA:27,2,0,0
BRDA:27,2,1,0
BRDA:28,3,0,0
BRDA:28,3,1,0
BRDA:62,4,0,0
BRDA:62,4,1,0
BRDA:65,5,0,0
BRDA:65,5,1,0
BRF:13
BRH:0
end_of_record
TN:
SF:pages/Login/Login.jsx
FN:13,(anonymous_0)
FN:31,(anonymous_1)
FNF:2
FNH:0
FNDA:0,(anonymous_0)
FNDA:0,(anonymous_1)
DA:13,0
DA:14,0
DA:26,0
DA:31,0
LF:4
LH:0
BRDA:15,0,0,0
BRDA:15,0,1,0
BRF:2
BRH:0
end_of_record
TN:
SF:pages/Login/reducers.js
FN:5,(anonymous_0)
FN:12,(anonymous_1)
FN:12,(anonymous_2)
FN:14,(anonymous_3)
FN:14,(anonymous_4)
FN:16,(anonymous_5)
FN:19,(anonymous_6)
FN:19,(anonymous_7)
FN:21,(anonymous_8)
FN:27,(anonymous_9)
FN:27,(anonymous_10)
FNF:11
FNH:0
FNDA:0,(anonymous_0)
FNDA:0,(anonymous_1)
FNDA:0,(anonymous_2)
FNDA:0,(anonymous_3)
FNDA:0,(anonymous_4)
FNDA:0,(anonymous_5)
FNDA:0,(anonymous_6)
FNDA:0,(anonymous_7)
FNDA:0,(anonymous_8)
FNDA:0,(anonymous_9)
FNDA:0,(anonymous_10)
DA:5,4
DA:7,0
DA:12,4
DA:14,4
DA:19,4
DA:23,0
DA:27,4
LF:7
LH:5
BRDA:7,0,0,0
BRDA:7,0,1,0
BRF:2
BRH:0
end_of_record
TN:
SF:pages/Login/selectors.js
FN:2,(anonymous_0)
FNF:1
FNH:1
FNDA:1,(anonymous_0)
DA:2,1
LF:1
LH:1
BRF:0
BRH:0
end_of_record
TN:
SF:pages/Login/components/AcceptPolicies.jsx
FN:28,(anonymous_0)
FNF:1
FNH:0
FNDA:0,(anonymous_0)
DA:12,1
DA:28,1
DA:29,0
DA:38,1
DA:42,1
LF:5
LH:4
BRF:0
BRH:0
end_of_record
TN:
SF:pages/Login/components/ForgotPassword.jsx
FN:13,(anonymous_0)
FNF:1
FNH:0
FNDA:0,(anonymous_0)
DA:9,1
DA:13,1
DA:14,0
DA:24,1
DA:28,1
LF:5
LH:4
BRF:0
BRH:0
end_of_record
TN:
SF:pages/Login/components/Login.jsx
FN:15,(anonymous_0)
FNF:1
FNH:0
FNDA:0,(anonymous_0)
DA:10,1
DA:15,1
DA:16,0
DA:27,1
DA:31,1
LF:5
LH:4
BRF:0
BRH:0
end_of_record
TN:
SF:pages/Login/components/LoginError.jsx
FN:32,(anonymous_0)
FN:52,(anonymous_1)
FNF:2
FNH:0
FNDA:0,(anonymous_0)
FNDA:0,(anonymous_1)
DA:9,0
DA:11,0
DA:32,0
DA:33,0
DA:46,0
DA:52,0
LF:6
LH:0
BRDA:35,0,0,0
BRDA:35,0,1,0
BRF:2
BRH:0
end_of_record
TN:
SF:pages/Login/components/SetPassword.jsx
FN:12,(anonymous_0)
FN:22,(anonymous_1)
FN:44,(anonymous_2)
FN:64,(anonymous_3)
FN:68,(anonymous_4)
FN:69,(anonymous_5)
FNF:6
FNH:2
FNDA:0,(anonymous_0)
FNDA:0,(anonymous_1)
FNDA:0,(anonymous_2)
FNDA:1,(anonymous_3)
FNDA:1,(anonymous_4)
FNDA:0,(anonymous_5)
DA:12,1
DA:13,0
DA:14,0
DA:16,0
DA:17,0
DA:19,0
DA:22,1
DA:24,1
DA:42,1
DA:44,1
DA:45,0
DA:46,0
DA:58,1
DA:64,1
DA:68,1
DA:69,0
LF:16
LH:8
BRDA:13,0,0,0
BRDA:13,0,1,0
BRDA:13,1,0,0
BRDA:13,1,1,0
BRDA:16,2,0,0
BRDA:16,2,1,0
BRDA:16,3,0,0
BRDA:16,3,1,0
BRDA:22,4,0,0
BRDA:22,4,1,0
BRDA:48,5,0,0
BRDA:48,5,1,0
BRDA:49,6,0,0
BRDA:49,6,1,0
BRDA:52,7,0,0
BRDA:52,7,1,0
BRF:16
BRH:0
end_of_record
TN:
SF:pages/Login/components/UserFormLayout.jsx
FN:8,(anonymous_0)
FN:28,(anonymous_1)
FN:30,(anonymous_2)
FNF:3
FNH:0
FNDA:0,(anonymous_0)
FNDA:0,(anonymous_1)
FNDA:0,(anonymous_2)
DA:8,4
DA:9,0
DA:22,4
DA:28,4
DA:30,4
DA:31,0
DA:36,4
LF:7
LH:5
BRF:0
BRH:0
end_of_record
TN:
SF:pages/Project/Project.jsx
FN:27,(anonymous_0)
FN:33,(anonymous_1)
FN:38,(anonymous_2)
FN:65,(anonymous_3)
FNF:4
FNH:0
FNDA:0,(anonymous_0)
FNDA:0,(anonymous_1)
FNDA:0,(anonymous_2)
FNDA:0,(anonymous_3)
DA:19,0
DA:28,0
DA:30,0
DA:34,0
DA:35,0
DA:39,0
DA:40,0
DA:41,0
DA:53,0
DA:54,0
DA:56,0
DA:61,0
DA:65,0
LF:13
LH:0
BRDA:40,0,0,0
BRDA:40,0,1,0
BRDA:43,1,0,0
BRDA:43,1,1,0
BRDA:44,2,0,0
BRDA:44,2,1,0
BRDA:44,2,2,0
BRDA:53,3,0,0
BRDA:53,3,1,0
BRF:9
BRH:0
end_of_record
TN:
SF:pages/Project/constants.js
FN:74,(anonymous_0)
FN:94,(anonymous_1)
FN:112,(anonymous_2)
FN:141,(anonymous_3)
FN:142,(anonymous_4)
FN:149,(anonymous_5)
FN:150,(anonymous_6)
FN:175,(anonymous_7)
FN:176,(anonymous_8)
FN:176,(anonymous_9)
FN:182,(anonymous_10)
FN:189,(anonymous_11)
FN:196,(anonymous_12)
FN:226,(anonymous_13)
FN:232,(anonymous_14)
FN:232,(anonymous_15)
FN:239,(anonymous_16)
FN:239,(anonymous_17)
FN:252,(anonymous_18)
FN:254,(anonymous_19)
FN:255,(anonymous_20)
FN:259,(anonymous_21)
FN:259,(anonymous_22)
FN:261,(anonymous_23)
FN:263,(anonymous_24)
FN:264,(anonymous_25)
FN:268,(anonymous_26)
FN:269,(anonymous_27)
FN:271,(anonymous_28)
FN:272,(anonymous_29)
FN:273,(anonymous_30)
FN:274,(anonymous_31)
FN:278,(anonymous_32)
FN:278,(anonymous_33)
FN:296,(anonymous_34)
FN:308,(anonymous_35)
FN:311,(anonymous_36)
FN:322,(anonymous_37)
FN:328,(anonymous_38)
FN:329,(anonymous_39)
FN:338,(anonymous_40)
FN:353,(anonymous_41)
FN:360,(anonymous_42)
FN:360,(anonymous_43)
FN:365,(anonymous_44)
FN:365,(anonymous_45)
FN:370,(anonymous_46)
FN:370,(anonymous_47)
FN:377,(anonymous_48)
FN:377,(anonymous_49)
FN:384,(anonymous_50)
FN:384,(anonymous_51)
FN:389,(anonymous_52)
FN:389,(anonymous_53)
FN:389,(anonymous_54)
FN:390,(anonymous_55)
FN:396,(anonymous_56)
FN:396,(anonymous_57)
FN:398,(anonymous_58)
FN:399,(anonymous_59)
FN:401,(anonymous_60)
FN:407,(anonymous_61)
FN:407,(anonymous_62)
FN:412,(anonymous_63)
FN:412,(anonymous_64)
FN:418,(anonymous_65)
FN:421,(anonymous_66)
FN:423,(anonymous_67)
FN:424,(anonymous_68)
FN:424,(anonymous_69)
FN:429,(anonymous_70)
FN:429,(anonymous_71)
FN:431,(anonymous_72)
FN:432,(anonymous_73)
FN:479,(anonymous_74)
FN:498,(anonymous_75)
FN:518,(anonymous_76)
FN:518,(anonymous_77)
FN:519,(anonymous_78)
FN:519,(anonymous_79)
FN:520,(anonymous_80)
FNF:81
FNH:39
FNDA:600,(anonymous_0)
FNDA:660,(anonymous_1)
FNDA:780,(anonymous_2)
FNDA:24,(anonymous_3)
FNDA:24,(anonymous_4)
FNDA:660,(anonymous_5)
FNDA:24,(anonymous_6)
FNDA:780,(anonymous_7)
FNDA:24,(anonymous_8)
FNDA:8,(anonymous_9)
FNDA:420,(anonymous_10)
FNDA:24,(anonymous_11)
FNDA:24,(anonymous_12)
FNDA:24,(anonymous_13)
FNDA:24,(anonymous_14)
FNDA:4,(anonymous_15)
FNDA:24,(anonymous_16)
FNDA:0,(anonymous_17)
FNDA:2,(anonymous_18)
FNDA:6,(anonymous_19)
FNDA:6,(anonymous_20)
FNDA:540,(anonymous_21)
FNDA:2,(anonymous_22)
FNDA:2,(anonymous_23)
FNDA:0,(anonymous_24)
FNDA:0,(anonymous_25)
FNDA:1080,(anonymous_26)
FNDA:240,(anonymous_27)
FNDA:0,(anonymous_28)
FNDA:0,(anonymous_29)
FNDA:0,(anonymous_30)
FNDA:0,(anonymous_31)
FNDA:0,(anonymous_32)
FNDA:0,(anonymous_33)
FNDA:120,(anonymous_34)
FNDA:0,(anonymous_35)
FNDA:120,(anonymous_36)
FNDA:0,(anonymous_37)
FNDA:600,(anonymous_38)
FNDA:480,(anonymous_39)
FNDA:780,(anonymous_40)
FNDA:1020,(anonymous_41)
FNDA:1,(anonymous_42)
FNDA:2,(anonymous_43)
FNDA:0,(anonymous_44)
FNDA:0,(anonymous_45)
FNDA:0,(anonymous_46)
FNDA:0,(anonymous_47)
FNDA:0,(anonymous_48)
FNDA:0,(anonymous_49)
FNDA:0,(anonymous_50)
FNDA:0,(anonymous_51)
FNDA:0,(anonymous_52)
FNDA:0,(anonymous_53)
FNDA:0,(anonymous_54)
FNDA:0,(anonymous_55)
FNDA:0,(anonymous_56)
FNDA:0,(anonymous_57)
FNDA:0,(anonymous_58)
FNDA:0,(anonymous_59)
FNDA:0,(anonymous_60)
FNDA:180,(anonymous_61)
FNDA:720,(anonymous_62)
FNDA:0,(anonymous_63)
FNDA:0,(anonymous_64)
FNDA:0,(anonymous_65)
FNDA:0,(anonymous_66)
FNDA:0,(anonymous_67)
FNDA:0,(anonymous_68)
FNDA:0,(anonymous_69)
FNDA:4,(anonymous_70)
FNDA:0,(anonymous_71)
FNDA:180,(anonymous_72)
FNDA:840,(anonymous_73)
FNDA:1080,(anonymous_74)
FNDA:0,(anonymous_75)
FNDA:0,(anonymous_76)
FNDA:0,(anonymous_77)
FNDA:0,(anonymous_78)
FNDA:0,(anonymous_79)
FNDA:0,(anonymous_80)
DA:47,60
DA:49,60
DA:50,60
DA:51,60
DA:52,60
DA:53,60
DA:54,60
DA:55,60
DA:56,60
DA:57,60
DA:58,60
DA:60,60
DA:73,60
DA:74,600
DA:80,60
DA:94,660
DA:96,60
DA:111,60
DA:112,780
DA:115,60
DA:125,60
DA:127,60
DA:141,24
DA:142,24
DA:149,660
DA:150,24
DA:175,780
DA:176,24
DA:182,420
DA:189,24
DA:196,24
DA:226,24
DA:232,24
DA:239,24
DA:244,60
DA:245,60
DA:247,60
DA:248,60
DA:250,60
DA:252,60
DA:253,2
DA:254,6
DA:255,6
DA:256,2
DA:259,540
DA:261,2
DA:263,60
DA:264,0
DA:267,60
DA:268,1080
DA:269,240
DA:271,60
DA:272,0
DA:273,0
DA:274,0
DA:278,60
DA:279,60
DA:284,60
DA:290,60
DA:292,60
DA:296,120
DA:308,0
DA:311,120
DA:317,60
DA:322,0
DA:328,600
DA:329,480
DA:337,60
DA:338,780
DA:344,60
DA:345,60
DA:346,60
DA:347,60
DA:348,60
DA:349,60
DA:350,60
DA:352,60
DA:353,1020
DA:356,60
DA:360,2
DA:365,0
DA:370,0
DA:371,0
DA:377,0
DA:378,0
DA:384,0
DA:389,0
DA:390,0
DA:396,0
DA:397,0
DA:398,0
DA:399,0
DA:400,0
DA:401,0
DA:407,180
DA:408,720
DA:409,720
DA:412,60
DA:414,60
DA:418,0
DA:421,0
DA:423,0
DA:424,0
DA:429,4
DA:431,180
DA:432,840
DA:434,60
DA:438,60
DA:451,60
DA:460,60
DA:470,60
DA:477,60
DA:480,1080
DA:481,360
DA:483,720
DA:484,720
DA:488,60
DA:494,60
DA:496,60
DA:498,0
DA:504,60
DA:512,60
DA:514,60
DA:518,0
DA:519,0
DA:520,0
LF:126
LH:98
BRDA:141,0,0,24
BRDA:141,0,1,20
BRDA:142,1,0,24
BRDA:142,1,1,24
BRDA:176,2,0,24
BRDA:176,2,1,20
BRDA:189,3,0,24
BRDA:189,3,1,20
BRDA:196,4,0,24
BRDA:196,4,1,24
BRDA:226,5,0,24
BRDA:226,5,1,20
BRDA:232,6,0,24
BRDA:232,6,1,20
BRDA:232,7,0,4
BRDA:232,7,1,0
BRDA:239,8,0,24
BRDA:239,8,1,24
BRDA:239,9,0,0
BRDA:239,9,1,0
BRDA:254,10,0,6
BRDA:254,10,1,0
BRDA:256,11,0,2
BRDA:256,11,1,0
BRDA:269,12,0,60
BRDA:269,12,1,180
BRDA:273,13,0,0
BRDA:273,13,1,0
BRDA:273,14,0,0
BRDA:273,14,1,0
BRDA:274,15,0,0
BRDA:274,15,1,0
BRDA:322,16,0,0
BRDA:322,16,1,0
BRDA:328,17,0,600
BRDA:328,17,1,540
BRDA:371,18,0,0
BRDA:371,18,1,0
BRDA:378,19,0,0
BRDA:378,19,1,0
BRDA:384,20,0,0
BRDA:384,20,1,0
BRDA:389,21,0,0
BRDA:389,21,1,0
BRDA:398,22,0,0
BRDA:398,22,1,0
BRDA:400,23,0,0
BRDA:400,23,1,0
BRDA:401,24,0,0
BRDA:401,24,1,0
BRDA:402,25,0,0
BRDA:402,25,1,0
BRDA:408,26,0,540
BRDA:412,27,0,0
BRDA:412,27,1,0
BRDA:418,28,0,0
BRDA:418,28,1,0
BRDA:421,29,0,0
BRDA:421,29,1,0
BRDA:423,30,0,0
BRDA:423,30,1,0
BRDA:429,31,0,0
BRDA:429,31,1,0
BRDA:480,32,0,360
BRDA:480,32,1,720
BRDA:480,33,0,1080
BRDA:480,33,1,1020
BRDA:480,33,2,780
BRDA:483,34,0,720
BRDA:483,34,1,600
BRDA:518,35,0,0
BRDA:518,35,1,0
BRDA:519,36,0,0
BRDA:519,36,1,0
BRDA:520,37,0,0
BRDA:520,37,1,0
BRDA:520,38,0,0
BRDA:520,38,1,0
BRF:78
BRH:31
end_of_record
TN:
SF:pages/Project/fixtures.js
FNF:0
FNH:0
DA:3,34
DA:153,34
DA:1145,34
LF:3
LH:3
BRF:0
BRH:0
end_of_record
TN:
SF:pages/Project/reducers.js
FN:41,(anonymous_0)
FN:41,(anonymous_1)
FN:46,(anonymous_2)
FN:46,(anonymous_3)
FN:51,(anonymous_4)
FN:53,(anonymous_5)
FN:55,(anonymous_6)
FN:57,(anonymous_7)
FN:59,(anonymous_8)
FN:59,(anonymous_9)
FN:64,(anonymous_10)
FN:66,(anonymous_11)
FN:66,(anonymous_12)
FN:71,(anonymous_13)
FN:75,(anonymous_14)
FN:81,(anonymous_15)
FN:87,(anonymous_16)
FN:87,(anonymous_17)
FN:92,(anonymous_18)
FN:94,(anonymous_19)
FN:98,(anonymous_20)
FN:98,(anonymous_21)
FN:109,(anonymous_22)
FN:117,(anonymous_23)
FN:118,(anonymous_24)
FN:121,(anonymous_25)
FN:131,(anonymous_26)
FN:144,(anonymous_27)
FN:149,(anonymous_28)
FN:155,(anonymous_29)
FN:160,(anonymous_30)
FN:162,(anonymous_31)
FN:162,(anonymous_32)
FN:164,(anonymous_33)
FN:164,(anonymous_34)
FN:166,(anonymous_35)
FN:171,(anonymous_36)
FN:171,(anonymous_37)
FN:174,(anonymous_38)
FN:179,(anonymous_39)
FN:179,(anonymous_40)
FN:193,(anonymous_41)
FN:198,(anonymous_42)
FN:198,(anonymous_43)
FN:200,(anonymous_44)
FN:205,(anonymous_45)
FN:205,(anonymous_46)
FN:208,(anonymous_47)
FN:213,(anonymous_48)
FN:213,(anonymous_49)
FN:217,(anonymous_50)
FN:219,(anonymous_51)
FN:221,(anonymous_52)
FN:230,(anonymous_53)
FN:230,(anonymous_54)
FN:232,(anonymous_55)
FN:232,(anonymous_56)
FN:236,(anonymous_57)
FN:240,(anonymous_58)
FN:240,(anonymous_59)
FN:244,(anonymous_60)
FN:249,(anonymous_61)
FN:249,(anonymous_62)
FN:252,(anonymous_63)
FN:257,(anonymous_64)
FN:258,(anonymous_65)
FN:261,(anonymous_66)
FN:262,(anonymous_67)
FN:265,(anonymous_68)
FN:266,(anonymous_69)
FN:269,(anonymous_70)
FN:269,(anonymous_71)
FN:275,(anonymous_72)
FN:282,(anonymous_73)
FN:288,(anonymous_74)
FN:288,(anonymous_75)
FN:294,(anonymous_76)
FN:297,(anonymous_77)
FN:301,(anonymous_78)
FN:302,(anonymous_79)
FN:303,(anonymous_80)
FN:305,(anonymous_81)
FN:308,(anonymous_82)
FN:309,(anonymous_83)
FN:312,(anonymous_84)
FN:316,(anonymous_85)
FN:323,(anonymous_86)
FN:328,(anonymous_87)
FN:328,(anonymous_88)
FN:331,(anonymous_89)
FN:332,(anonymous_90)
FN:336,(anonymous_91)
FN:341,(anonymous_92)
FN:349,(anonymous_93)
FN:349,(anonymous_94)
FN:353,(anonymous_95)
FN:354,(anonymous_96)
FN:362,(anonymous_97)
FN:365,(anonymous_98)
FN:370,(anonymous_99)
FN:376,(anonymous_100)
FN:377,(anonymous_101)
FN:383,(anonymous_102)
FN:387,(anonymous_103)
FN:391,(anonymous_104)
FN:391,(anonymous_105)
FN:393,(anonymous_106)
FN:398,(anonymous_107)
FN:398,(anonymous_108)
FN:400,(anonymous_109)
FN:406,(anonymous_110)
FN:410,(anonymous_111)
FN:410,(anonymous_112)
FN:415,(anonymous_113)
FNF:114
FNH:0
FNDA:0,(anonymous_0)
FNDA:0,(anonymous_1)
FNDA:0,(anonymous_2)
FNDA:0,(anonymous_3)
FNDA:0,(anonymous_4)
FNDA:0,(anonymous_5)
FNDA:0,(anonymous_6)
FNDA:0,(anonymous_7)
FNDA:0,(anonymous_8)
FNDA:0,(anonymous_9)
FNDA:0,(anonymous_10)
FNDA:0,(anonymous_11)
FNDA:0,(anonymous_12)
FNDA:0,(anonymous_13)
FNDA:0,(anonymous_14)
FNDA:0,(anonymous_15)
FNDA:0,(anonymous_16)
FNDA:0,(anonymous_17)
FNDA:0,(anonymous_18)
FNDA:0,(anonymous_19)
FNDA:0,(anonymous_20)
FNDA:0,(anonymous_21)
FNDA:0,(anonymous_22)
FNDA:0,(anonymous_23)
FNDA:0,(anonymous_24)
FNDA:0,(anonymous_25)
FNDA:0,(anonymous_26)
FNDA:0,(anonymous_27)
FNDA:0,(anonymous_28)
FNDA:0,(anonymous_29)
FNDA:0,(anonymous_30)
FNDA:0,(anonymous_31)
FNDA:0,(anonymous_32)
FNDA:0,(anonymous_33)
FNDA:0,(anonymous_34)
FNDA:0,(anonymous_35)
FNDA:0,(anonymous_36)
FNDA:0,(anonymous_37)
FNDA:0,(anonymous_38)
FNDA:0,(anonymous_39)
FNDA:0,(anonymous_40)
FNDA:0,(anonymous_41)
FNDA:0,(anonymous_42)
FNDA:0,(anonymous_43)
FNDA:0,(anonymous_44)
FNDA:0,(anonymous_45)
FNDA:0,(anonymous_46)
FNDA:0,(anonymous_47)
FNDA:0,(anonymous_48)
FNDA:0,(anonymous_49)
FNDA:0,(anonymous_50)
FNDA:0,(anonymous_51)
FNDA:0,(anonymous_52)
FNDA:0,(anonymous_53)
FNDA:0,(anonymous_54)
FNDA:0,(anonymous_55)
FNDA:0,(anonymous_56)
FNDA:0,(anonymous_57)
FNDA:0,(anonymous_58)
FNDA:0,(anonymous_59)
FNDA:0,(anonymous_60)
FNDA:0,(anonymous_61)
FNDA:0,(anonymous_62)
FNDA:0,(anonymous_63)
FNDA:0,(anonymous_64)
FNDA:0,(anonymous_65)
FNDA:0,(anonymous_66)
FNDA:0,(anonymous_67)
FNDA:0,(anonymous_68)
FNDA:0,(anonymous_69)
FNDA:0,(anonymous_70)
FNDA:0,(anonymous_71)
FNDA:0,(anonymous_72)
FNDA:0,(anonymous_73)
FNDA:0,(anonymous_74)
FNDA:0,(anonymous_75)
FNDA:0,(anonymous_76)
FNDA:0,(anonymous_77)
FNDA:0,(anonymous_78)
FNDA:0,(anonymous_79)
FNDA:0,(anonymous_80)
FNDA:0,(anonymous_81)
FNDA:0,(anonymous_82)
FNDA:0,(anonymous_83)
FNDA:0,(anonymous_84)
FNDA:0,(anonymous_85)
FNDA:0,(anonymous_86)
FNDA:0,(anonymous_87)
FNDA:0,(anonymous_88)
FNDA:0,(anonymous_89)
FNDA:0,(anonymous_90)
FNDA:0,(anonymous_91)
FNDA:0,(anonymous_92)
FNDA:0,(anonymous_93)
FNDA:0,(anonymous_94)
FNDA:0,(anonymous_95)
FNDA:0,(anonymous_96)
FNDA:0,(anonymous_97)
FNDA:0,(anonymous_98)
FNDA:0,(anonymous_99)
FNDA:0,(anonymous_100)
FNDA:0,(anonymous_101)
FNDA:0,(anonymous_102)
FNDA:0,(anonymous_103)
FNDA:0,(anonymous_104)
FNDA:0,(anonymous_105)
FNDA:0,(anonymous_106)
FNDA:0,(anonymous_107)
FNDA:0,(anonymous_108)
FNDA:0,(anonymous_109)
FNDA:0,(anonymous_110)
FNDA:0,(anonymous_111)
FNDA:0,(anonymous_112)
FNDA:0,(anonymous_113)
DA:15,56
DA:16,56
DA:17,56
DA:18,56
DA:19,56
DA:20,56
DA:21,56
DA:22,56
DA:23,56
DA:24,56
DA:25,56
DA:26,56
DA:27,56
DA:28,56
DA:29,56
DA:30,56
DA:31,56
DA:32,56
DA:33,56
DA:34,56
DA:35,56
DA:36,56
DA:37,56
DA:41,56
DA:42,0
DA:43,0
DA:46,56
DA:47,0
DA:48,0
DA:51,56
DA:53,56
DA:55,56
DA:57,56
DA:59,56
DA:64,56
DA:66,56
DA:67,0
DA:68,0
DA:69,0
DA:70,0
DA:72,0
DA:73,0
DA:76,0
DA:81,56
DA:82,0
DA:87,56
DA:88,0
DA:89,0
DA:92,56
DA:94,56
DA:98,56
DA:99,0
DA:100,0
DA:102,0
DA:104,0
DA:108,0
DA:109,0
DA:110,0
DA:112,0
DA:114,0
DA:115,0
DA:116,0
DA:117,0
DA:118,0
DA:121,0
DA:122,0
DA:123,0
DA:125,0
DA:129,0
DA:131,0
DA:136,0
DA:137,0
DA:138,0
DA:139,0
DA:142,0
DA:143,0
DA:145,0
DA:146,0
DA:149,0
DA:153,0
DA:156,0
DA:160,56
DA:162,56
DA:164,56
DA:167,0
DA:171,56
DA:172,0
DA:173,0
DA:175,0
DA:179,56
DA:180,0
DA:181,0
DA:183,0
DA:184,0
DA:186,0
DA:187,0
DA:189,0
DA:192,0
DA:194,0
DA:198,56
DA:201,0
DA:205,56
DA:206,0
DA:208,0
DA:213,56
DA:214,0
DA:216,0
DA:217,0
DA:219,0
DA:222,0
DA:223,0
DA:224,0
DA:225,0
DA:230,56
DA:232,0
DA:236,0
DA:240,56
DA:241,0
DA:242,0
DA:243,0
DA:245,0
DA:249,56
DA:250,0
DA:251,0
DA:253,0
DA:257,56
DA:258,0
DA:261,56
DA:262,0
DA:265,56
DA:266,0
DA:269,56
DA:270,0
DA:271,0
DA:272,0
DA:273,0
DA:274,0
DA:276,0
DA:280,0
DA:283,0
DA:288,56
DA:289,0
DA:290,0
DA:291,0
DA:293,0
DA:295,0
DA:298,0
DA:299,0
DA:301,0
DA:303,0
DA:306,0
DA:308,0
DA:310,0
DA:313,0
DA:314,0
DA:317,0
DA:324,0
DA:328,56
DA:329,0
DA:331,0
DA:332,0
DA:334,0
DA:335,0
DA:337,0
DA:342,0
DA:347,56
DA:349,56
DA:350,0
DA:351,0
DA:352,0
DA:354,0
DA:362,0
DA:363,0
DA:364,0
DA:366,0
DA:371,0
DA:376,56
DA:377,0
DA:378,0
DA:380,0
DA:383,56
DA:387,56
DA:391,56
DA:394,0
DA:398,56
DA:401,0
DA:406,56
DA:407,0
DA:410,56
DA:411,0
DA:412,0
DA:415,56
DA:419,56
DA:457,56
LF:194
LH:66
BRDA:68,0,0,0
BRDA:68,0,1,0
BRDA:82,1,0,0
BRDA:82,1,1,0
BRDA:104,2,0,0
BRDA:104,2,1,0
BRDA:108,3,0,0
BRDA:108,3,1,0
BRDA:109,4,0,0
BRDA:109,4,1,0
BRDA:115,5,0,0
BRDA:115,5,1,0
BRDA:115,6,0,0
BRDA:115,6,1,0
BRDA:121,7,0,0
BRDA:121,7,1,0
BRDA:121,8,0,0
BRDA:121,8,1,0
BRDA:121,9,0,0
BRDA:121,9,1,0
BRDA:122,10,0,0
BRDA:122,10,1,0
BRDA:123,11,0,0
BRDA:123,11,1,0
BRDA:123,11,2,0
BRDA:130,12,0,0
BRDA:130,12,1,0
BRDA:130,13,0,0
BRDA:130,13,1,0
BRDA:136,14,0,0
BRDA:136,14,1,0
BRDA:138,15,0,0
BRDA:138,15,1,0
BRDA:145,16,0,0
BRDA:145,16,1,0
BRDA:145,17,0,0
BRDA:145,17,1,0
BRDA:148,18,0,0
BRDA:148,18,1,0
BRDA:172,19,0,0
BRDA:172,19,1,0
BRDA:181,20,0,0
BRDA:181,20,1,0
BRDA:184,21,0,0
BRDA:184,21,1,0
BRDA:187,22,0,0
BRDA:187,22,1,0
BRDA:219,23,0,0
BRDA:219,23,1,0
BRDA:219,24,0,0
BRDA:219,24,1,0
BRDA:222,25,0,0
BRDA:222,25,1,0
BRDA:242,26,0,0
BRDA:242,26,1,0
BRDA:266,27,0,0
BRDA:266,27,1,0
BRDA:272,28,0,0
BRDA:272,28,1,0
BRDA:272,29,0,0
BRDA:272,29,1,0
BRDA:329,30,0,0
BRDA:329,30,1,0
BRDA:331,31,0,0
BRDA:331,31,1,0
BRDA:331,32,0,0
BRDA:331,32,1,0
BRDA:331,32,2,0
BRDA:331,32,3,0
BRDA:352,33,0,0
BRDA:352,33,1,0
BRDA:356,34,0,0
BRDA:356,34,1,0
BRDA:362,35,0,0
BRDA:362,35,1,0
BRDA:377,36,0,0
BRDA:377,36,1,0
BRDA:407,37,0,0
BRDA:407,37,1,0
BRF:79
BRH:0
end_of_record
TN:
SF:pages/Project/selectors.js
FN:45,(anonymous_0)
FN:53,(anonymous_1)
FN:54,(anonymous_2)
FN:55,(anonymous_3)
FN:56,(anonymous_4)
FN:57,(anonymous_5)
FN:58,(anonymous_6)
FN:59,(anonymous_7)
FN:60,(anonymous_8)
FN:61,(anonymous_9)
FN:62,(anonymous_10)
FN:63,(anonymous_11)
FN:64,(anonymous_12)
FN:65,(anonymous_13)
FN:66,(anonymous_14)
FN:67,(anonymous_15)
FN:68,(anonymous_16)
FN:69,(anonymous_17)
FN:70,(anonymous_18)
FN:71,(anonymous_19)
FN:74,(anonymous_20)
FN:78,(anonymous_21)
FN:85,(anonymous_22)
FN:94,(anonymous_23)
FN:100,(anonymous_24)
FN:105,(anonymous_25)
FN:110,(anonymous_26)
FN:110,(anonymous_27)
FN:112,(anonymous_28)
FN:115,(anonymous_29)
FN:124,(anonymous_30)
FN:138,(anonymous_31)
FN:138,(anonymous_32)
FN:147,(anonymous_33)
FN:147,(anonymous_34)
FN:148,(anonymous_35)
FN:150,(anonymous_36)
FN:166,(anonymous_37)
FN:172,(anonymous_38)
FN:172,(anonymous_39)
FN:174,(anonymous_40)
FN:185,(anonymous_41)
FN:187,(anonymous_42)
FN:194,(anonymous_43)
FN:206,(anonymous_44)
FN:207,(anonymous_45)
FN:207,(anonymous_46)
FN:209,(anonymous_47)
FN:212,(anonymous_48)
FN:221,(anonymous_49)
FN:222,(anonymous_50)
FN:224,(anonymous_51)
FN:227,(anonymous_52)
FN:234,(anonymous_53)
FN:245,(anonymous_54)
FN:246,(anonymous_55)
FN:247,(anonymous_56)
FN:249,(anonymous_57)
FN:250,(anonymous_58)
FN:251,(anonymous_59)
FN:263,(anonymous_60)
FN:263,(anonymous_61)
FN:265,(anonymous_62)
FN:276,(anonymous_63)
FN:277,(anonymous_64)
FN:279,(anonymous_65)
FN:284,(anonymous_66)
FN:299,(anonymous_67)
FN:300,(anonymous_68)
FN:302,(anonymous_69)
FN:311,(anonymous_70)
FN:312,(anonymous_71)
FN:312,(anonymous_72)
FN:320,(anonymous_73)
FN:320,(anonymous_74)
FN:323,(anonymous_75)
FN:328,(anonymous_76)
FN:329,(anonymous_77)
FN:331,(anonymous_78)
FN:336,(anonymous_79)
FN:336,(anonymous_80)
FN:348,(anonymous_81)
FN:349,(anonymous_82)
FN:356,(anonymous_83)
FN:359,(anonymous_84)
FN:361,(anonymous_85)
FN:363,(anonymous_86)
FN:364,(anonymous_87)
FN:367,(anonymous_88)
FN:373,(anonymous_89)
FN:374,(anonymous_90)
FN:379,(anonymous_91)
FN:383,(anonymous_92)
FN:387,(anonymous_93)
FN:392,(anonymous_94)
FN:395,(anonymous_95)
FN:397,(anonymous_96)
FN:403,(anonymous_97)
FN:408,(anonymous_98)
FN:415,(anonymous_99)
FN:416,(anonymous_100)
FN:416,(anonymous_101)
FN:422,(anonymous_102)
FN:426,(anonymous_103)
FN:434,(anonymous_104)
FN:438,(anonymous_105)
FN:439,(anonymous_106)
FN:445,(anonymous_107)
FN:447,(anonymous_108)
FN:454,(anonymous_109)
FN:468,(anonymous_110)
FN:470,(anonymous_111)
FN:471,(anonymous_112)
FN:473,(anonymous_113)
FN:475,(anonymous_114)
FN:492,(anonymous_115)
FN:494,(anonymous_116)
FN:499,(anonymous_117)
FN:503,(anonymous_118)
FN:505,(anonymous_119)
FN:506,(anonymous_120)
FN:506,(anonymous_121)
FN:516,(anonymous_122)
FN:516,(anonymous_123)
FN:518,(anonymous_124)
FN:528,(anonymous_125)
FN:528,(anonymous_126)
FN:529,(anonymous_127)
FN:540,(anonymous_128)
FN:540,(anonymous_129)
FN:541,(anonymous_130)
FN:542,(anonymous_131)
FN:551,(anonymous_132)
FN:552,(anonymous_133)
FN:554,(anonymous_134)
FN:560,(anonymous_135)
FN:570,(anonymous_136)
FN:580,(anonymous_137)
FN:590,(anonymous_138)
FN:591,(anonymous_139)
FN:596,(anonymous_140)
FN:602,(anonymous_141)
FN:603,(anonymous_142)
FN:608,(anonymous_143)
FN:615,(anonymous_144)
FN:616,(anonymous_145)
FN:627,(anonymous_146)
FN:627,(anonymous_147)
FN:648,(anonymous_148)
FN:649,(anonymous_149)
FN:656,(anonymous_150)
FN:659,(anonymous_151)
FN:660,(anonymous_152)
FN:663,(anonymous_153)
FN:668,(anonymous_154)
FN:669,(anonymous_155)
FN:678,(anonymous_156)
FN:678,(anonymous_157)
FN:684,(anonymous_158)
FN:691,(anonymous_159)
FN:695,(anonymous_160)
FN:695,(anonymous_161)
FN:697,(anonymous_162)
FN:700,(anonymous_163)
FN:701,(anonymous_164)
FN:710,(anonymous_165)
FN:711,(anonymous_166)
FN:717,(anonymous_167)
FN:718,(anonymous_168)
FN:723,(anonymous_169)
FN:724,(anonymous_170)
FN:732,(anonymous_171)
FN:733,(anonymous_172)
FN:734,(anonymous_173)
FN:787,(anonymous_174)
FN:801,(anonymous_175)
FN:804,(anonymous_176)
FN:818,(anonymous_177)
FN:844,(anonymous_178)
FN:845,(anonymous_179)
FN:847,(anonymous_180)
FN:849,(anonymous_181)
FN:850,(anonymous_182)
FN:861,(anonymous_183)
FN:863,(anonymous_184)
FN:866,(anonymous_185)
FN:870,(anonymous_186)
FN:872,(anonymous_187)
FN:883,(anonymous_188)
FN:884,(anonymous_189)
FN:886,(anonymous_190)
FNF:191
FNH:132
FNDA:217,(anonymous_0)
FNDA:60,(anonymous_1)
FNDA:0,(anonymous_2)
FNDA:1,(anonymous_3)
FNDA:2,(anonymous_4)
FNDA:0,(anonymous_5)
FNDA:0,(anonymous_6)
FNDA:2,(anonymous_7)
FNDA:1,(anonymous_8)
FNDA:0,(anonymous_9)
FNDA:0,(anonymous_10)
FNDA:4,(anonymous_11)
FNDA:0,(anonymous_12)
FNDA:0,(anonymous_13)
FNDA:0,(anonymous_14)
FNDA:4,(anonymous_15)
FNDA:4,(anonymous_16)
FNDA:2,(anonymous_17)
FNDA:0,(anonymous_18)
FNDA:4,(anonymous_19)
FNDA:17,(anonymous_20)
FNDA:20,(anonymous_21)
FNDA:5,(anonymous_22)
FNDA:4,(anonymous_23)
FNDA:9,(anonymous_24)
FNDA:2,(anonymous_25)
FNDA:2,(anonymous_26)
FNDA:3,(anonymous_27)
FNDA:0,(anonymous_28)
FNDA:0,(anonymous_29)
FNDA:0,(anonymous_30)
FNDA:1,(anonymous_31)
FNDA:2,(anonymous_32)
FNDA:1,(anonymous_33)
FNDA:2,(anonymous_34)
FNDA:1,(anonymous_35)
FNDA:0,(anonymous_36)
FNDA:2,(anonymous_37)
FNDA:4,(anonymous_38)
FNDA:7,(anonymous_39)
FNDA:21,(anonymous_40)
FNDA:1,(anonymous_41)
FNDA:1,(anonymous_42)
FNDA:0,(anonymous_43)
FNDA:1,(anonymous_44)
FNDA:0,(anonymous_45)
FNDA:0,(anonymous_46)
FNDA:0,(anonymous_47)
FNDA:0,(anonymous_48)
FNDA:0,(anonymous_49)
FNDA:0,(anonymous_50)
FNDA:0,(anonymous_51)
FNDA:0,(anonymous_52)
FNDA:0,(anonymous_53)
FNDA:2,(anonymous_54)
FNDA:10,(anonymous_55)
FNDA:8,(anonymous_56)
FNDA:10,(anonymous_57)
FNDA:4,(anonymous_58)
FNDA:8,(anonymous_59)
FNDA:0,(anonymous_60)
FNDA:0,(anonymous_61)
FNDA:0,(anonymous_62)
FNDA:1,(anonymous_63)
FNDA:2,(anonymous_64)
FNDA:4,(anonymous_65)
FNDA:5,(anonymous_66)
FNDA:1,(anonymous_67)
FNDA:4,(anonymous_68)
FNDA:5,(anonymous_69)
FNDA:0,(anonymous_70)
FNDA:0,(anonymous_71)
FNDA:0,(anonymous_72)
FNDA:1,(anonymous_73)
FNDA:3,(anonymous_74)
FNDA:2,(anonymous_75)
FNDA:1,(anonymous_76)
FNDA:1,(anonymous_77)
FNDA:2,(anonymous_78)
FNDA:2,(anonymous_79)
FNDA:2,(anonymous_80)
FNDA:0,(anonymous_81)
FNDA:0,(anonymous_82)
FNDA:0,(anonymous_83)
FNDA:0,(anonymous_84)
FNDA:0,(anonymous_85)
FNDA:0,(anonymous_86)
FNDA:0,(anonymous_87)
FNDA:0,(anonymous_88)
FNDA:5,(anonymous_89)
FNDA:4,(anonymous_90)
FNDA:3,(anonymous_91)
FNDA:1,(anonymous_92)
FNDA:2,(anonymous_93)
FNDA:1,(anonymous_94)
FNDA:0,(anonymous_95)
FNDA:0,(anonymous_96)
FNDA:1,(anonymous_97)
FNDA:0,(anonymous_98)
FNDA:1,(anonymous_99)
FNDA:2,(anonymous_100)
FNDA:0,(anonymous_101)
FNDA:0,(anonymous_102)
FNDA:0,(anonymous_103)
FNDA:1,(anonymous_104)
FNDA:4,(anonymous_105)
FNDA:4,(anonymous_106)
FNDA:3,(anonymous_107)
FNDA:6,(anonymous_108)
FNDA:0,(anonymous_109)
FNDA:3,(anonymous_110)
FNDA:0,(anonymous_111)
FNDA:0,(anonymous_112)
FNDA:6,(anonymous_113)
FNDA:18,(anonymous_114)
FNDA:1,(anonymous_115)
FNDA:2,(anonymous_116)
FNDA:1,(anonymous_117)
FNDA:13,(anonymous_118)
FNDA:153,(anonymous_119)
FNDA:44,(anonymous_120)
FNDA:680,(anonymous_121)
FNDA:1,(anonymous_122)
FNDA:2,(anonymous_123)
FNDA:6,(anonymous_124)
FNDA:1,(anonymous_125)
FNDA:2,(anonymous_126)
FNDA:6,(anonymous_127)
FNDA:0,(anonymous_128)
FNDA:0,(anonymous_129)
FNDA:0,(anonymous_130)
FNDA:0,(anonymous_131)
FNDA:1,(anonymous_132)
FNDA:1,(anonymous_133)
FNDA:1,(anonymous_134)
FNDA:1,(anonymous_135)
FNDA:1,(anonymous_136)
FNDA:0,(anonymous_137)
FNDA:2,(anonymous_138)
FNDA:12,(anonymous_139)
FNDA:20,(anonymous_140)
FNDA:1,(anonymous_141)
FNDA:2,(anonymous_142)
FNDA:17,(anonymous_143)
FNDA:1,(anonymous_144)
FNDA:2,(anonymous_145)
FNDA:1,(anonymous_146)
FNDA:2,(anonymous_147)
FNDA:1,(anonymous_148)
FNDA:1,(anonymous_149)
FNDA:2,(anonymous_150)
FNDA:1,(anonymous_151)
FNDA:1,(anonymous_152)
FNDA:2,(anonymous_153)
FNDA:3,(anonymous_154)
FNDA:2,(anonymous_155)
FNDA:2,(anonymous_156)
FNDA:2,(anonymous_157)
FNDA:3,(anonymous_158)
FNDA:0,(anonymous_159)
FNDA:0,(anonymous_160)
FNDA:0,(anonymous_161)
FNDA:0,(anonymous_162)
FNDA:0,(anonymous_163)
FNDA:0,(anonymous_164)
FNDA:0,(anonymous_165)
FNDA:0,(anonymous_166)
FNDA:1,(anonymous_167)
FNDA:1,(anonymous_168)
FNDA:1,(anonymous_169)
FNDA:1,(anonymous_170)
FNDA:1,(anonymous_171)
FNDA:1,(anonymous_172)
FNDA:1,(anonymous_173)
FNDA:1,(anonymous_174)
FNDA:1,(anonymous_175)
FNDA:1,(anonymous_176)
FNDA:2,(anonymous_177)
FNDA:2,(anonymous_178)
FNDA:2,(anonymous_179)
FNDA:2,(anonymous_180)
FNDA:2,(anonymous_181)
FNDA:2,(anonymous_182)
FNDA:2,(anonymous_183)
FNDA:2,(anonymous_184)
FNDA:3,(anonymous_185)
FNDA:2,(anonymous_186)
FNDA:3,(anonymous_187)
FNDA:2,(anonymous_188)
FNDA:2,(anonymous_189)
FNDA:4,(anonymous_190)
DA:44,31
DA:45,217
DA:53,60
DA:54,31
DA:55,31
DA:56,31
DA:57,31
DA:58,31
DA:59,31
DA:60,31
DA:61,31
DA:62,31
DA:63,31
DA:64,31
DA:65,31
DA:66,31
DA:67,31
DA:68,31
DA:69,31
DA:70,31
DA:71,31
DA:73,31
DA:74,17
DA:78,31
DA:79,31
DA:82,31
DA:85,5
DA:91,31
DA:94,4
DA:97,31
DA:101,9
DA:102,7
DA:104,2
DA:105,2
DA:110,31
DA:111,3
DA:113,0
DA:114,0
DA:115,0
DA:118,0
DA:119,0
DA:122,3
DA:123,3
DA:124,3
DA:125,3
DA:126,3
DA:127,0
DA:128,3
DA:129,0
DA:130,3
DA:131,0
DA:133,3
DA:136,31
DA:138,2
DA:144,31
DA:147,1
DA:148,2
DA:149,2
DA:151,0
DA:152,0
DA:153,0
DA:154,0
DA:159,0
DA:162,2
DA:166,2
DA:169,31
DA:172,7
DA:175,21
DA:180,31
DA:185,1
DA:188,1
DA:189,1
DA:190,1
DA:192,1
DA:193,1
DA:194,0
DA:196,1
DA:197,1
DA:199,1
DA:203,31
DA:206,1
DA:207,0
DA:210,0
DA:212,0
DA:216,31
DA:222,0
DA:224,0
DA:227,0
DA:228,0
DA:229,0
DA:234,0
DA:241,31
DA:245,2
DA:246,10
DA:248,8
DA:249,10
DA:250,8
DA:251,8
DA:252,8
DA:253,4
DA:255,8
DA:257,8
DA:261,31
DA:263,0
DA:266,0
DA:267,0
DA:268,0
DA:269,0
DA:274,31
DA:276,1
DA:277,2
DA:280,4
DA:281,4
DA:282,0
DA:284,4
DA:285,5
DA:286,5
DA:288,5
DA:290,4
DA:296,31
DA:299,1
DA:300,4
DA:302,5
DA:308,31
DA:311,0
DA:312,0
DA:313,0
DA:318,31
DA:320,3
DA:323,31
DA:325,31
DA:328,1
DA:330,1
DA:331,1
DA:332,2
DA:336,2
DA:345,31
DA:348,0
DA:349,0
DA:353,31
DA:356,0
DA:359,0
DA:361,0
DA:363,0
DA:364,0
DA:367,0
DA:372,31
DA:373,5
DA:374,4
DA:377,31
DA:379,3
DA:381,31
DA:383,1
DA:385,31
DA:387,2
DA:390,31
DA:392,1
DA:395,31
DA:397,0
DA:400,31
DA:404,1
DA:405,1
DA:408,0
DA:409,0
DA:413,31
DA:415,1
DA:416,2
DA:420,31
DA:422,0
DA:426,0
DA:431,31
DA:434,1
DA:437,31
DA:438,4
DA:439,4
DA:447,3
DA:448,6
DA:449,2
DA:452,4
DA:453,4
DA:454,0
DA:456,0
DA:458,4
DA:462,31
DA:469,3
DA:470,0
DA:471,0
DA:472,3
DA:473,6
DA:475,18
DA:486,31
DA:493,1
DA:494,2
DA:495,0
DA:498,1
DA:499,1
DA:503,31
DA:505,153
DA:506,44
DA:507,680
DA:508,680
DA:512,31
DA:516,2
DA:519,6
DA:524,31
DA:528,2
DA:529,6
DA:536,31
DA:540,0
DA:541,0
DA:542,0
DA:550,31
DA:551,1
DA:552,1
DA:555,1
DA:556,1
DA:557,1
DA:560,1
DA:570,1
DA:580,0
DA:587,31
DA:591,2
DA:592,12
DA:596,20
DA:600,31
DA:603,2
DA:607,1
DA:608,17
DA:613,31
DA:615,1
DA:617,2
DA:624,31
DA:627,1
DA:628,2
DA:629,2
DA:630,1
DA:632,2
DA:633,2
DA:634,1
DA:636,1
DA:638,2
DA:642,31
DA:648,1
DA:650,1
DA:653,1
DA:655,1
DA:656,2
DA:659,1
DA:660,1
DA:663,1
DA:664,2
DA:667,1
DA:668,3
DA:669,2
DA:670,1
DA:671,1
DA:672,0
DA:674,1
DA:676,1
DA:678,2
DA:681,1
DA:684,3
DA:691,31
DA:693,31
DA:695,0
DA:697,0
DA:700,0
DA:701,0
DA:708,31
DA:710,0
DA:711,0
DA:715,31
DA:717,1
DA:718,1
DA:721,31
DA:723,1
DA:724,1
DA:727,31
DA:732,1
DA:733,1
DA:735,1
DA:736,0
DA:739,1
DA:740,0
DA:742,1
DA:743,0
DA:747,0
DA:748,0
DA:749,0
DA:750,0
DA:751,0
DA:753,0
DA:756,0
DA:758,1
DA:759,0
DA:761,1
DA:762,0
DA:763,0
DA:764,0
DA:765,0
DA:766,0
DA:767,0
DA:768,0
DA:769,0
DA:770,0
DA:772,0
DA:773,0
DA:774,0
DA:775,0
DA:777,0
DA:778,0
DA:780,0
DA:783,1
DA:787,31
DA:788,1
DA:789,0
DA:791,1
DA:792,0
DA:794,1
DA:797,31
DA:801,1
DA:805,1
DA:806,0
DA:809,1
DA:810,1
DA:811,0
DA:812,1
DA:813,0
DA:816,1
DA:817,1
DA:818,2
DA:820,1
DA:829,1
DA:830,0
DA:836,1
DA:840,31
DA:845,2
DA:847,2
DA:849,2
DA:851,2
DA:859,31
DA:862,2
DA:863,2
DA:866,3
DA:870,2
DA:872,3
DA:881,31
DA:883,2
DA:884,2
DA:886,4
LF:350
LH:256
BRDA:78,0,0,20
BRDA:78,0,1,5
BRDA:101,1,0,7
BRDA:101,1,1,2
BRDA:113,2,0,0
BRDA:113,2,1,0
BRDA:113,3,0,0
BRDA:113,3,1,0
BRDA:114,4,0,0
BRDA:114,4,1,0
BRDA:122,5,0,3
BRDA:122,5,1,2
BRDA:124,6,0,0
BRDA:124,6,1,0
BRDA:125,7,0,0
BRDA:125,7,1,3
BRDA:126,8,0,0
BRDA:126,8,1,3
BRDA:128,9,0,0
BRDA:128,9,1,3
BRDA:130,10,0,0
BRDA:130,10,1,3
BRDA:139,11,0,2
BRDA:139,11,1,0
BRDA:140,12,0,2
BRDA:140,12,1,2
BRDA:148,13,0,2
BRDA:148,13,1,0
BRDA:149,14,0,2
BRDA:149,14,1,2
BRDA:153,15,0,0
BRDA:153,15,1,0
BRDA:153,16,0,0
BRDA:153,16,1,0
BRDA:153,16,2,0
BRDA:155,17,0,0
BRDA:155,17,1,0
BRDA:156,18,0,0
BRDA:156,18,1,0
BRDA:186,19,0,1
BRDA:186,19,1,0
BRDA:189,20,0,1
BRDA:189,20,1,0
BRDA:192,21,0,1
BRDA:192,21,1,0
BRDA:192,22,0,1
BRDA:192,22,1,0
BRDA:193,23,0,1
BRDA:193,23,1,0
BRDA:196,24,0,1
BRDA:196,24,1,0
BRDA:206,25,0,1
BRDA:206,25,1,1
BRDA:210,26,0,0
BRDA:210,26,1,0
BRDA:210,27,0,0
BRDA:210,27,1,0
BRDA:229,28,0,0
BRDA:229,28,1,0
BRDA:230,29,0,0
BRDA:230,29,1,0
BRDA:234,30,0,0
BRDA:234,30,1,0
BRDA:234,31,0,0
BRDA:234,31,1,0
BRDA:234,32,0,0
BRDA:234,32,1,0
BRDA:250,33,0,8
BRDA:250,33,1,4
BRDA:252,34,0,4
BRDA:252,34,1,4
BRDA:267,35,0,0
BRDA:267,35,1,0
BRDA:279,36,0,4
BRDA:281,37,0,0
BRDA:281,37,1,4
BRDA:282,38,0,0
BRDA:282,38,1,0
BRDA:285,39,0,5
BRDA:285,39,1,0
BRDA:286,40,0,5
BRDA:286,40,1,3
BRDA:300,41,0,4
BRDA:300,41,1,3
BRDA:302,42,0,5
BRDA:311,43,0,0
BRDA:311,43,1,0
BRDA:312,44,0,0
BRDA:312,44,1,0
BRDA:313,45,0,0
BRDA:313,45,1,0
BRDA:323,46,0,2
BRDA:323,46,1,0
BRDA:331,47,0,1
BRDA:331,47,1,0
BRDA:333,48,0,2
BRDA:333,48,1,0
BRDA:361,49,0,0
BRDA:361,49,1,0
BRDA:363,50,0,0
BRDA:363,50,1,0
BRDA:364,51,0,0
BRDA:364,51,1,0
BRDA:373,52,0,5
BRDA:373,52,1,4
BRDA:373,53,0,5
BRDA:373,53,1,1
BRDA:379,54,0,3
BRDA:379,54,1,3
BRDA:383,55,0,1
BRDA:383,55,1,0
BRDA:387,56,0,2
BRDA:387,56,1,0
BRDA:396,57,0,0
BRDA:396,57,1,0
BRDA:396,58,0,0
BRDA:396,58,1,0
BRDA:404,59,0,1
BRDA:404,59,1,0
BRDA:416,60,0,2
BRDA:416,60,1,0
BRDA:434,61,0,1
BRDA:434,61,1,0
BRDA:448,62,0,2
BRDA:448,62,1,4
BRDA:452,63,0,4
BRDA:452,63,1,4
BRDA:453,64,0,0
BRDA:453,64,1,4
BRDA:453,65,0,4
BRDA:453,65,1,0
BRDA:454,66,0,0
BRDA:454,66,1,0
BRDA:469,67,0,0
BRDA:469,67,1,3
BRDA:472,68,0,3
BRDA:472,68,1,0
BRDA:493,69,0,0
BRDA:493,69,1,1
BRDA:493,70,0,1
BRDA:493,70,1,1
BRDA:493,70,2,1
BRDA:504,71,0,0
BRDA:504,71,1,13
BRDA:508,72,0,336
BRDA:508,72,1,344
BRDA:519,73,0,6
BRDA:519,73,1,3
BRDA:520,74,0,2
BRDA:520,74,1,0
BRDA:529,75,0,2
BRDA:529,75,1,0
BRDA:532,76,0,6
BRDA:532,76,1,5
BRDA:541,77,0,0
BRDA:541,77,1,0
BRDA:542,78,0,0
BRDA:542,78,1,0
BRDA:552,79,0,1
BRDA:552,79,1,0
BRDA:565,80,0,0
BRDA:565,80,1,1
BRDA:575,81,0,0
BRDA:575,81,1,1
BRDA:592,82,0,12
BRDA:592,82,1,0
BRDA:593,83,0,12
BRDA:593,83,1,4
BRDA:596,84,0,20
BRDA:596,84,1,16
BRDA:604,85,0,2
BRDA:604,85,1,1
BRDA:608,86,0,17
BRDA:608,86,1,17
BRDA:617,87,0,2
BRDA:617,87,1,1
BRDA:629,88,0,1
BRDA:629,88,1,1
BRDA:633,89,0,1
BRDA:633,89,1,1
BRDA:633,90,0,2
BRDA:633,90,1,1
BRDA:655,91,0,1
BRDA:655,91,1,0
BRDA:656,92,0,2
BRDA:656,92,1,0
BRDA:659,93,0,1
BRDA:659,93,1,0
BRDA:659,94,0,1
BRDA:659,94,1,0
BRDA:660,95,0,1
BRDA:660,95,1,1
BRDA:663,96,0,1
BRDA:663,96,1,0
BRDA:667,97,0,1
BRDA:667,97,1,0
BRDA:668,98,0,3
BRDA:668,98,1,2
BRDA:671,99,0,0
BRDA:671,99,1,1
BRDA:674,100,0,1
BRDA:674,100,1,0
BRDA:685,101,0,1
BRDA:685,101,1,0
BRDA:686,102,0,0
BRDA:686,102,1,1
BRDA:686,103,0,1
BRDA:686,103,1,0
BRDA:686,104,0,1
BRDA:686,104,1,0
BRDA:700,105,0,0
BRDA:700,105,1,0
BRDA:701,106,0,0
BRDA:701,106,1,0
BRDA:718,107,0,1
BRDA:718,107,1,1
BRDA:724,108,0,1
BRDA:724,108,1,1
BRDA:732,109,0,1
BRDA:732,109,1,1
BRDA:735,110,0,0
BRDA:735,110,1,1
BRDA:739,111,0,0
BRDA:739,111,1,1
BRDA:742,112,0,0
BRDA:742,112,1,1
BRDA:744,113,0,0
BRDA:744,113,1,0
BRDA:748,114,0,0
BRDA:748,114,1,0
BRDA:749,115,0,0
BRDA:749,115,1,0
BRDA:750,116,0,0
BRDA:750,116,1,0
BRDA:758,117,0,0
BRDA:758,117,1,1
BRDA:759,118,0,0
BRDA:759,118,1,0
BRDA:761,119,0,0
BRDA:761,119,1,1
BRDA:765,120,0,0
BRDA:765,120,1,0
BRDA:767,121,0,0
BRDA:767,121,1,0
BRDA:768,122,0,0
BRDA:768,122,1,0
BRDA:769,123,0,0
BRDA:769,123,1,0
BRDA:772,124,0,0
BRDA:772,124,1,0
BRDA:773,125,0,0
BRDA:773,125,1,0
BRDA:774,126,0,0
BRDA:774,126,1,0
BRDA:777,127,0,0
BRDA:777,127,1,0
BRDA:788,128,0,0
BRDA:788,128,1,1
BRDA:788,129,0,1
BRDA:788,129,1,1
BRDA:791,130,0,0
BRDA:791,130,1,1
BRDA:791,131,0,1
BRDA:791,131,1,1
BRDA:805,132,0,0
BRDA:805,132,1,1
BRDA:810,133,0,0
BRDA:810,133,1,1
BRDA:812,134,0,0
BRDA:812,134,1,1
BRDA:816,135,0,0
BRDA:816,135,1,1
BRDA:821,136,0,0
BRDA:821,136,1,1
BRDA:824,137,0,0
BRDA:824,137,1,1
BRDA:825,138,0,0
BRDA:825,138,1,0
BRDA:829,139,0,0
BRDA:829,139,1,1
BRDA:845,140,0,2
BRDA:845,140,1,0
BRDA:862,141,0,2
BRDA:862,141,1,0
BRDA:865,142,0,2
BRDA:865,142,1,0
BRDA:875,143,0,3
BRDA:875,143,1,3
BRDA:875,144,0,3
BRDA:875,144,1,3
BRF:290
BRH:138
end_of_record
TN:
SF:pages/Project/components/AnalysisGroupButtons.jsx
FN:33,(anonymous_0)
FN:38,(anonymous_1)
FN:38,(anonymous_2)
FN:45,(anonymous_3)
FN:47,(anonymous_4)
FN:47,(anonymous_5)
FN:52,(anonymous_6)
FN:52,(anonymous_7)
FN:65,(anonymous_8)
FN:80,(anonymous_9)
FN:84,(anonymous_10)
FN:101,(anonymous_11)
FN:102,(anonymous_12)
FN:102,(anonymous_13)
FN:103,(anonymous_14)
FN:103,(anonymous_15)
FN:109,(anonymous_16)
FN:119,(anonymous_17)
FN:126,(anonymous_18)
FN:134,(anonymous_19)
FN:141,(anonymous_20)
FN:147,(anonymous_21)
FN:159,(anonymous_22)
FN:191,(anonymous_23)
FN:202,(anonymous_24)
FN:202,(anonymous_25)
FN:204,(anonymous_26)
FN:231,(anonymous_27)
FNF:28
FNH:7
FNDA:0,(anonymous_0)
FNDA:0,(anonymous_1)
FNDA:0,(anonymous_2)
FNDA:0,(anonymous_3)
FNDA:0,(anonymous_4)
FNDA:0,(anonymous_5)
FNDA:0,(anonymous_6)
FNDA:0,(anonymous_7)
FNDA:0,(anonymous_8)
FNDA:0,(anonymous_9)
FNDA:0,(anonymous_10)
FNDA:0,(anonymous_11)
FNDA:0,(anonymous_12)
FNDA:0,(anonymous_13)
FNDA:0,(anonymous_14)
FNDA:0,(anonymous_15)
FNDA:10,(anonymous_16)
FNDA:15,(anonymous_17)
FNDA:0,(anonymous_18)
FNDA:0,(anonymous_19)
FNDA:4,(anonymous_20)
FNDA:2,(anonymous_21)
FNDA:0,(anonymous_22)
FNDA:4,(anonymous_23)
FNDA:0,(anonymous_24)
FNDA:0,(anonymous_25)
FNDA:2,(anonymous_26)
FNDA:2,(anonymous_27)
DA:27,5
DA:33,0
DA:38,5
DA:39,0
DA:40,0
DA:43,0
DA:44,0
DA:45,0
DA:47,0
DA:49,0
DA:50,0
DA:51,0
DA:52,0
DA:53,0
DA:55,0
DA:59,0
DA:62,5
DA:63,5
DA:65,5
DA:66,0
DA:75,5
DA:80,5
DA:84,5
DA:86,5
DA:101,0
DA:102,0
DA:103,0
DA:107,5
DA:109,10
DA:117,5
DA:119,15
DA:126,0
DA:130,5
DA:134,0
DA:141,5
DA:142,4
DA:147,5
DA:148,2
DA:149,2
DA:151,0
DA:152,0
DA:153,0
DA:155,0
DA:156,0
DA:157,0
DA:158,0
DA:159,0
DA:161,0
DA:164,0
DA:182,5
DA:191,5
DA:196,5
DA:200,5
DA:202,5
DA:204,5
DA:205,2
DA:222,5
DA:231,5
DA:235,5
LF:59
LH:29
BRDA:39,0,0,0
BRDA:39,0,1,0
BRDA:43,1,0,0
BRDA:43,1,1,0
BRDA:49,2,0,0
BRDA:49,2,1,0
BRDA:51,3,0,0
BRDA:51,3,1,0
BRDA:84,4,0,0
BRDA:84,4,1,0
BRDA:101,5,0,0
BRDA:101,5,1,0
BRDA:101,6,0,0
BRDA:101,6,1,0
BRDA:102,7,0,0
BRDA:102,7,1,0
BRDA:126,8,0,5
BRDA:126,8,1,10
BRDA:126,9,0,0
BRDA:126,9,1,0
BRDA:135,10,0,0
BRDA:135,10,1,0
BRDA:135,11,0,0
BRDA:135,11,1,0
BRDA:142,12,0,4
BRDA:142,12,1,4
BRDA:142,12,2,4
BRDA:142,12,3,4
BRDA:142,12,4,4
BRDA:148,13,0,2
BRDA:148,13,1,0
BRDA:151,14,0,0
BRDA:151,14,1,0
BRDA:152,15,0,0
BRDA:152,15,1,0
BRDA:152,16,0,0
BRDA:152,16,1,0
BRDA:153,17,0,0
BRDA:153,17,1,0
BRDA:156,18,0,0
BRDA:156,18,1,0
BRDA:158,19,0,0
BRDA:158,19,1,0
BRDA:158,20,0,0
BRDA:158,20,1,0
BRDA:158,20,2,0
BRDA:168,21,0,0
BRDA:168,21,1,0
BRDA:171,22,0,0
BRDA:171,22,1,0
BRDA:172,23,0,0
BRDA:172,23,1,0
BRDA:177,24,0,0
BRDA:177,24,1,0
BRDA:205,25,0,0
BRDA:205,25,1,2
BRDA:215,26,0,0
BRDA:215,26,1,0
BRF:58
BRH:9
end_of_record
TN:
SF:pages/Project/components/AnalysisGroups.jsx
FN:17,(anonymous_0)
FN:19,(anonymous_1)
FN:26,(anonymous_2)
FN:67,(anonymous_3)
FNF:4
FNH:3
FNDA:2,(anonymous_0)
FNDA:2,(anonymous_1)
FNDA:0,(anonymous_2)
FNDA:2,(anonymous_3)
DA:17,2
DA:18,2
DA:20,2
DA:27,0
DA:59,2
DA:67,2
DA:73,2
LF:7
LH:6
BRDA:19,0,0,1
BRDA:19,0,1,1
BRDA:21,1,0,2
BRDA:21,1,1,0
BRDA:26,2,0,0
BRDA:26,2,1,2
BRDA:40,3,0,2
BRDA:40,3,1,2
BRF:8
BRH:6
end_of_record
TN:
SF:pages/Project/components/CaseReview.jsx
FN:26,(anonymous_0)
FN:40,(anonymous_1)
FNF:2
FNH:1
FNDA:0,(anonymous_0)
FNDA:1,(anonymous_1)
DA:17,1
DA:26,1
DA:27,0
DA:36,1
DA:40,1
LF:5
LH:4
BRF:0
BRH:0
end_of_record
TN:
SF:pages/Project/components/CreateVariantButton.jsx
FN:19,(anonymous_0)
FN:29,(anonymous_1)
FN:33,(anonymous_2)
FN:55,(anonymous_3)
FN:59,(anonymous_4)
FN:63,(anonymous_5)
FN:69,(anonymous_6)
FN:71,(anonymous_7)
FN:102,(anonymous_8)
FN:128,(anonymous_9)
FN:135,(anonymous_10)
FN:161,(anonymous_11)
FN:162,(anonymous_12)
FN:189,(anonymous_13)
FN:190,(anonymous_14)
FN:197,(anonymous_15)
FN:222,(anonymous_16)
FN:227,(anonymous_17)
FN:228,(anonymous_18)
FN:233,(anonymous_19)
FNF:20
FNH:7
FNDA:156,(anonymous_0)
FNDA:0,(anonymous_1)
FNDA:0,(anonymous_2)
FNDA:0,(anonymous_3)
FNDA:0,(anonymous_4)
FNDA:0,(anonymous_5)
FNDA:0,(anonymous_6)
FNDA:0,(anonymous_7)
FNDA:150,(anonymous_8)
FNDA:0,(anonymous_9)
FNDA:126,(anonymous_10)
FNDA:0,(anonymous_11)
FNDA:0,(anonymous_12)
FNDA:0,(anonymous_13)
FNDA:0,(anonymous_14)
FNDA:6,(anonymous_15)
FNDA:6,(anonymous_16)
FNDA:6,(anonymous_17)
FNDA:0,(anonymous_18)
FNDA:4,(anonymous_19)
DA:19,156
DA:20,6
DA:22,6
DA:23,6
DA:24,6
DA:25,6
DA:26,6
DA:27,6
DA:29,6
DA:30,0
DA:34,0
DA:47,6
DA:55,6
DA:59,6
DA:63,6
DA:69,6
DA:71,6
DA:72,0
DA:73,0
DA:79,6
DA:81,6
DA:86,6
DA:88,6
DA:93,6
DA:98,6
DA:102,150
DA:107,6
DA:110,6
DA:111,6
DA:113,6
DA:122,6
DA:128,6
DA:129,0
DA:130,0
DA:132,0
DA:135,6
DA:136,126
DA:137,126
DA:138,78
DA:140,126
DA:143,6
DA:161,0
DA:162,0
DA:167,6
DA:189,0
DA:190,0
DA:197,6
DA:198,6
DA:213,6
DA:222,6
DA:227,6
DA:228,0
DA:231,6
DA:233,6
DA:238,6
LF:55
LH:43
BRDA:74,0,0,0
BRDA:74,0,1,0
BRDA:74,1,0,0
BRDA:74,1,1,0
BRDA:129,2,0,0
BRDA:129,2,1,0
BRDA:132,3,0,0
BRDA:132,3,1,0
BRDA:137,4,0,78
BRDA:137,4,1,48
BRDA:137,5,0,126
BRDA:137,5,1,90
BRDA:162,6,0,0
BRDA:162,6,1,0
BRDA:190,7,0,0
BRDA:190,7,1,0
BRDA:198,8,0,4
BRDA:198,8,1,2
BRDA:198,9,0,2
BRDA:198,9,1,4
BRDA:202,10,0,4
BRDA:202,10,1,0
BRF:22
BRH:9
end_of_record
TN:
SF:pages/Project/components/EditDatasetsButton.jsx
FN:29,(anonymous_0)
FN:48,(anonymous_1)
FN:49,(anonymous_2)
FN:54,(anonymous_3)
FN:72,(anonymous_4)
FN:79,(anonymous_5)
FN:85,(anonymous_6)
FN:102,(anonymous_7)
FN:114,(anonymous_8)
FN:124,(anonymous_9)
FN:139,(anonymous_10)
FN:150,(anonymous_11)
FN:156,(anonymous_12)
FNF:13
FNH:3
FNDA:0,(anonymous_0)
FNDA:0,(anonymous_1)
FNDA:0,(anonymous_2)
FNDA:0,(anonymous_3)
FNDA:24,(anonymous_4)
FNDA:12,(anonymous_5)
FNDA:0,(anonymous_6)
FNDA:0,(anonymous_7)
FNDA:0,(anonymous_8)
FNDA:0,(anonymous_9)
FNDA:0,(anonymous_10)
FNDA:0,(anonymous_11)
FNDA:6,(anonymous_12)
DA:19,4
DA:21,4
DA:22,4
DA:24,4
DA:29,4
DA:30,0
DA:41,4
DA:48,4
DA:49,0
DA:52,4
DA:54,4
DA:58,4
DA:66,4
DA:72,24
DA:79,12
DA:85,4
DA:86,0
DA:97,4
DA:102,4
DA:106,4
DA:110,4
DA:112,4
DA:115,0
DA:121,4
DA:125,0
DA:136,4
DA:140,0
DA:150,4
DA:154,4
DA:156,4
DA:157,6
DA:158,6
DA:159,6
DA:160,2
DA:161,4
DA:162,2
DA:164,6
DA:176,4
LF:38
LH:32
BRDA:92,0,0,0
BRDA:92,0,1,0
BRDA:93,1,0,0
BRDA:93,1,1,0
BRDA:157,2,0,6
BRDA:157,2,1,4
BRDA:159,3,0,2
BRDA:159,3,1,4
BRDA:161,4,0,2
BRDA:161,4,1,2
BRDA:164,5,0,6
BRDA:164,5,1,4
BRDA:167,6,0,2
BRDA:167,6,1,2
BRDA:169,7,0,2
BRDA:169,7,1,2
BRF:16
BRH:12
end_of_record
TN:
SF:pages/Project/components/FamilyPage.jsx
FN:32,(anonymous_0)
FN:42,(anonymous_1)
FN:44,(anonymous_2)
FN:45,(anonymous_3)
FN:59,(anonymous_4)
FN:112,(anonymous_5)
FN:126,(anonymous_6)
FN:138,(anonymous_7)
FN:142,(anonymous_8)
FN:162,(anonymous_9)
FN:173,(anonymous_10)
FN:197,(anonymous_11)
FN:204,(anonymous_12)
FN:216,(anonymous_13)
FN:216,(anonymous_14)
FN:218,(anonymous_15)
FN:235,(anonymous_16)
FNF:17
FNH:1
FNDA:0,(anonymous_0)
FNDA:0,(anonymous_1)
FNDA:0,(anonymous_2)
FNDA:0,(anonymous_3)
FNDA:0,(anonymous_4)
FNDA:0,(anonymous_5)
FNDA:0,(anonymous_6)
FNDA:0,(anonymous_7)
FNDA:0,(anonymous_8)
FNDA:0,(anonymous_9)
FNDA:0,(anonymous_10)
FNDA:0,(anonymous_11)
FNDA:0,(anonymous_12)
FNDA:0,(anonymous_13)
FNDA:0,(anonymous_14)
FNDA:0,(anonymous_15)
FNDA:1,(anonymous_16)
DA:32,4
DA:33,0
DA:36,4
DA:42,4
DA:43,0
DA:44,0
DA:45,0
DA:46,0
DA:54,4
DA:59,4
DA:62,0
DA:101,4
DA:112,4
DA:120,4
DA:124,4
DA:126,4
DA:127,0
DA:133,4
DA:138,4
DA:139,0
DA:143,0
DA:152,4
DA:162,4
DA:167,4
DA:171,4
DA:173,4
DA:175,0
DA:182,0
DA:183,0
DA:185,0
DA:188,4
DA:197,4
DA:202,4
DA:204,4
DA:205,0
DA:212,4
DA:216,4
DA:218,4
DA:219,0
DA:228,4
DA:235,4
DA:240,4
LF:42
LH:27
BRDA:43,0,0,0
BRDA:43,0,1,0
BRDA:44,1,0,0
BRDA:44,1,1,0
BRDA:46,2,0,0
BRDA:46,2,1,0
BRDA:75,3,0,0
BRDA:75,3,1,0
BRDA:82,4,0,0
BRDA:82,4,1,0
BRDA:85,5,0,0
BRDA:85,5,1,0
BRDA:91,6,0,0
BRDA:91,6,1,0
BRDA:117,7,0,0
BRDA:117,7,1,0
BRDA:139,8,0,0
BRDA:139,8,1,0
BRDA:142,9,0,0
BRDA:142,9,1,0
BRDA:178,10,0,0
BRDA:178,10,1,0
BRDA:182,11,0,0
BRDA:182,11,1,0
BRF:24
BRH:0
end_of_record
TN:
SF:pages/Project/components/GeneLists.jsx
FN:31,(anonymous_0)
FN:76,(anonymous_1)
FN:80,(anonymous_2)
FN:81,(anonymous_3)
FN:98,(anonymous_4)
FN:103,(anonymous_5)
FN:107,(anonymous_6)
FN:118,(anonymous_7)
FN:129,(anonymous_8)
FN:146,(anonymous_9)
FN:146,(anonymous_10)
FN:147,(anonymous_11)
FN:147,(anonymous_12)
FN:150,(anonymous_13)
FN:163,(anonymous_14)
FN:184,(anonymous_15)
FNF:16
FNH:7
FNDA:1,(anonymous_0)
FNDA:1,(anonymous_1)
FNDA:1,(anonymous_2)
FNDA:0,(anonymous_3)
FNDA:2,(anonymous_4)
FNDA:0,(anonymous_5)
FNDA:2,(anonymous_6)
FNDA:1,(anonymous_7)
FNDA:2,(anonymous_8)
FNDA:0,(anonymous_9)
FNDA:0,(anonymous_10)
FNDA:0,(anonymous_11)
FNDA:0,(anonymous_12)
FNDA:0,(anonymous_13)
FNDA:0,(anonymous_14)
FNDA:0,(anonymous_15)
DA:20,2
DA:31,2
DA:32,1
DA:69,2
DA:76,2
DA:80,2
DA:81,0
DA:84,2
DA:88,2
DA:96,2
DA:99,2
DA:100,2
DA:103,2
DA:104,0
DA:108,2
DA:109,2
DA:111,2
DA:112,1
DA:115,1
DA:117,1
DA:119,1
DA:129,2
DA:130,2
DA:131,2
DA:134,2
DA:138,2
DA:140,2
DA:146,0
DA:147,0
DA:150,2
DA:151,0
DA:158,2
DA:163,2
DA:164,0
DA:178,2
DA:184,2
DA:185,0
DA:186,0
DA:189,2
DA:191,2
LF:40
LH:32
BRDA:53,0,0,1
BRDA:53,0,1,1
BRDA:108,1,0,0
BRDA:111,2,0,1
BRDA:111,2,1,1
BRDA:115,3,0,0
BRDA:115,3,1,1
BRDA:121,4,0,0
BRDA:121,4,1,1
BRDA:146,5,0,0
BRDA:146,5,1,0
BRDA:147,6,0,0
BRDA:147,6,1,0
BRF:13
BRH:6
end_of_record
TN:
SF:pages/Project/components/HpoTerms.jsx
FN:29,(anonymous_0)
FN:30,(anonymous_1)
FN:31,(anonymous_2)
FN:32,(anonymous_3)
FN:73,(anonymous_4)
FN:73,(anonymous_5)
FN:75,(anonymous_6)
FN:78,(anonymous_7)
FN:86,(anonymous_8)
FN:99,(anonymous_9)
FN:99,(anonymous_10)
FN:100,(anonymous_11)
FN:100,(anonymous_12)
FN:102,(anonymous_13)
FN:144,(anonymous_14)
FN:148,(anonymous_15)
FN:150,(anonymous_16)
FN:153,(anonymous_17)
FN:157,(anonymous_18)
FN:171,(anonymous_19)
FN:187,(anonymous_20)
FN:188,(anonymous_21)
FN:191,(anonymous_22)
FN:193,(anonymous_23)
FN:195,(anonymous_24)
FN:197,(anonymous_25)
FN:226,(anonymous_26)
FN:226,(anonymous_27)
FN:228,(anonymous_28)
FN:233,(anonymous_29)
FN:235,(anonymous_30)
FN:240,(anonymous_31)
FN:242,(anonymous_32)
FN:248,(anonymous_33)
FN:251,(anonymous_34)
FN:254,(anonymous_35)
FN:261,(anonymous_36)
FN:284,(anonymous_37)
FN:291,(anonymous_38)
FN:297,(anonymous_39)
FN:304,(anonymous_40)
FNF:41
FNH:13
FNDA:0,(anonymous_0)
FNDA:0,(anonymous_1)
FNDA:0,(anonymous_2)
FNDA:0,(anonymous_3)
FNDA:12,(anonymous_4)
FNDA:0,(anonymous_5)
FNDA:2,(anonymous_6)
FNDA:12,(anonymous_7)
FNDA:66,(anonymous_8)
FNDA:12,(anonymous_9)
FNDA:0,(anonymous_10)
FNDA:0,(anonymous_11)
FNDA:0,(anonymous_12)
FNDA:10,(anonymous_13)
FNDA:0,(anonymous_14)
FNDA:0,(anonymous_15)
FNDA:0,(anonymous_16)
FNDA:0,(anonymous_17)
FNDA:0,(anonymous_18)
FNDA:0,(anonymous_19)
FNDA:0,(anonymous_20)
FNDA:0,(anonymous_21)
FNDA:0,(anonymous_22)
FNDA:0,(anonymous_23)
FNDA:0,(anonymous_24)
FNDA:0,(anonymous_25)
FNDA:10,(anonymous_26)
FNDA:1,(anonymous_27)
FNDA:1,(anonymous_28)
FNDA:0,(anonymous_29)
FNDA:0,(anonymous_30)
FNDA:0,(anonymous_31)
FNDA:0,(anonymous_32)
FNDA:1,(anonymous_33)
FNDA:2,(anonymous_34)
FNDA:5,(anonymous_35)
FNDA:10,(anonymous_36)
FNDA:0,(anonymous_37)
FNDA:0,(anonymous_38)
FNDA:0,(anonymous_39)
FNDA:0,(anonymous_40)
DA:19,6
DA:29,6
DA:30,0
DA:31,0
DA:32,0
DA:34,6
DA:73,12
DA:75,6
DA:76,2
DA:78,12
DA:86,66
DA:95,6
DA:99,12
DA:100,6
DA:102,6
DA:103,10
DA:134,6
DA:142,6
DA:144,6
DA:148,0
DA:150,0
DA:153,6
DA:154,0
DA:158,0
DA:165,6
DA:171,6
DA:172,0
DA:173,0
DA:179,6
DA:183,6
DA:185,6
DA:187,6
DA:188,0
DA:191,0
DA:193,0
DA:195,6
DA:197,6
DA:198,0
DA:210,6
DA:216,6
DA:224,3
DA:226,10
DA:227,1
DA:228,1
DA:233,3
DA:234,0
DA:235,0
DA:240,3
DA:241,0
DA:242,0
DA:243,0
DA:245,0
DA:248,3
DA:249,1
DA:250,1
DA:251,2
DA:255,5
DA:256,5
DA:257,5
DA:262,10
DA:280,6
DA:284,0
DA:291,0
DA:297,0
DA:304,0
LF:65
LH:42
BRDA:30,0,0,0
BRDA:30,0,1,0
BRDA:31,1,0,0
BRDA:31,1,1,0
BRDA:99,2,0,12
BRDA:99,2,1,12
BRDA:100,3,0,0
BRDA:100,3,1,0
BRDA:104,4,0,0
BRDA:104,4,1,10
BRDA:108,5,0,10
BRDA:108,5,1,0
BRDA:115,6,0,2
BRDA:115,6,1,8
BRDA:119,7,0,10
BRDA:119,7,1,2
BRDA:155,8,0,0
BRDA:155,8,1,0
BRDA:155,9,0,0
BRDA:155,9,1,0
BRDA:175,10,0,0
BRDA:175,10,1,0
BRDA:242,11,0,0
BRDA:242,11,1,0
BRDA:259,12,0,5
BRDA:259,12,1,0
BRDA:260,13,0,5
BRDA:260,13,1,0
BRDA:271,14,0,5
BRDA:271,14,1,5
BRDA:271,15,0,0
BRDA:271,15,1,5
BRDA:273,16,0,5
BRDA:273,16,1,5
BRF:34
BRH:15
end_of_record
TN:
SF:pages/Project/components/Matchmaker.jsx
FN:70,(anonymous_0)
FN:74,(anonymous_1)
FN:75,(anonymous_2)
FN:80,(anonymous_3)
FN:81,(anonymous_4)
FN:86,(anonymous_5)
FN:104,(anonymous_6)
FN:104,(anonymous_7)
FN:105,(anonymous_8)
FN:105,(anonymous_9)
FN:108,(anonymous_10)
FN:125,(anonymous_11)
FN:131,(anonymous_12)
FN:145,(anonymous_13)
FN:161,(anonymous_14)
FN:161,(anonymous_15)
FN:162,(anonymous_16)
FN:163,(anonymous_17)
FN:169,(anonymous_18)
FN:169,(anonymous_19)
FN:170,(anonymous_20)
FN:175,(anonymous_21)
FN:181,(anonymous_22)
FN:190,(anonymous_23)
FN:197,(anonymous_24)
FN:207,(anonymous_25)
FN:233,(anonymous_26)
FN:254,(anonymous_27)
FN:265,(anonymous_28)
FN:273,(anonymous_29)
FN:274,(anonymous_30)
FN:297,(anonymous_31)
FN:300,(anonymous_32)
FN:312,(anonymous_33)
FN:319,(anonymous_34)
FN:341,(anonymous_35)
FN:352,(anonymous_36)
FN:362,(anonymous_37)
FN:368,(anonymous_38)
FN:386,(anonymous_39)
FN:507,(anonymous_40)
FN:514,(anonymous_41)
FN:515,(anonymous_42)
FN:516,(anonymous_43)
FN:517,(anonymous_44)
FN:528,(anonymous_45)
FN:532,(anonymous_46)
FN:533,(anonymous_47)
FN:546,(anonymous_48)
FNF:49
FNH:1
FNDA:0,(anonymous_0)
FNDA:0,(anonymous_1)
FNDA:0,(anonymous_2)
FNDA:0,(anonymous_3)
FNDA:0,(anonymous_4)
FNDA:0,(anonymous_5)
FNDA:0,(anonymous_6)
FNDA:0,(anonymous_7)
FNDA:0,(anonymous_8)
FNDA:0,(anonymous_9)
FNDA:0,(anonymous_10)
FNDA:0,(anonymous_11)
FNDA:0,(anonymous_12)
FNDA:0,(anonymous_13)
FNDA:0,(anonymous_14)
FNDA:0,(anonymous_15)
FNDA:0,(anonymous_16)
FNDA:0,(anonymous_17)
FNDA:0,(anonymous_18)
FNDA:0,(anonymous_19)
FNDA:0,(anonymous_20)
FNDA:0,(anonymous_21)
FNDA:0,(anonymous_22)
FNDA:0,(anonymous_23)
FNDA:0,(anonymous_24)
FNDA:0,(anonymous_25)
FNDA:0,(anonymous_26)
FNDA:0,(anonymous_27)
FNDA:0,(anonymous_28)
FNDA:0,(anonymous_29)
FNDA:0,(anonymous_30)
FNDA:0,(anonymous_31)
FNDA:0,(anonymous_32)
FNDA:0,(anonymous_33)
FNDA:0,(anonymous_34)
FNDA:0,(anonymous_35)
FNDA:0,(anonymous_36)
FNDA:0,(anonymous_37)
FNDA:0,(anonymous_38)
FNDA:0,(anonymous_39)
FNDA:0,(anonymous_40)
FNDA:0,(anonymous_41)
FNDA:0,(anonymous_42)
FNDA:0,(anonymous_43)
FNDA:0,(anonymous_44)
FNDA:0,(anonymous_45)
FNDA:0,(anonymous_46)
FNDA:0,(anonymous_47)
FNDA:1,(anonymous_48)
DA:51,1
DA:55,1
DA:59,1
DA:61,1
DA:70,1
DA:72,1
DA:74,0
DA:75,0
DA:80,0
DA:81,0
DA:86,1
DA:87,0
DA:88,0
DA:89,0
DA:95,1
DA:97,1
DA:102,1
DA:104,1
DA:105,0
DA:108,1
DA:109,0
DA:119,1
DA:125,1
DA:129,1
DA:131,1
DA:132,0
DA:139,1
DA:145,1
DA:147,1
DA:161,0
DA:162,0
DA:163,0
DA:169,0
DA:170,0
DA:175,1
DA:181,0
DA:184,1
DA:188,1
DA:190,1
DA:191,0
DA:192,0
DA:194,0
DA:197,1
DA:198,0
DA:207,1
DA:208,0
DA:222,1
DA:227,1
DA:231,1
DA:233,1
DA:234,0
DA:247,1
DA:254,1
DA:259,1
DA:263,1
DA:265,1
DA:267,1
DA:274,0
DA:275,0
DA:276,0
DA:277,0
DA:278,0
DA:280,0
DA:281,0
DA:283,0
DA:284,0
DA:285,0
DA:287,0
DA:298,0
DA:300,0
DA:312,0
DA:319,0
DA:342,0
DA:353,0
DA:363,0
DA:368,1
DA:369,0
DA:381,1
DA:386,1
DA:389,0
DA:496,1
DA:507,1
DA:514,1
DA:515,0
DA:516,0
DA:517,0
DA:524,1
DA:526,1
DA:528,1
DA:529,0
DA:532,0
DA:533,0
DA:538,1
DA:546,1
DA:552,1
LF:95
LH:47
BRDA:70,0,0,0
BRDA:70,0,1,0
BRDA:113,1,0,0
BRDA:113,1,1,0
BRDA:134,2,0,0
BRDA:134,2,1,0
BRDA:145,3,0,0
BRDA:145,3,1,0
BRDA:145,4,0,0
BRDA:145,4,1,0
BRDA:161,5,0,0
BRDA:161,5,1,0
BRDA:162,6,0,0
BRDA:162,6,1,0
BRDA:170,7,0,0
BRDA:170,7,1,0
BRDA:170,8,0,0
BRDA:170,8,1,0
BRDA:170,8,2,0
BRDA:170,8,3,0
BRDA:191,9,0,0
BRDA:191,9,1,0
BRDA:194,10,0,0
BRDA:194,10,1,0
BRDA:199,11,0,0
BRDA:199,11,1,0
BRDA:199,12,0,0
BRDA:199,12,1,0
BRDA:200,13,0,0
BRDA:200,13,1,0
BRDA:201,14,0,0
BRDA:201,14,1,0
BRDA:239,15,0,0
BRDA:239,15,1,0
BRDA:256,16,0,0
BRDA:256,16,1,0
BRDA:265,17,0,0
BRDA:265,17,1,0
BRDA:274,18,0,0
BRDA:274,18,1,0
BRDA:276,19,0,0
BRDA:276,19,1,0
BRDA:280,20,0,0
BRDA:280,20,1,0
BRDA:283,21,0,0
BRDA:283,21,1,0
BRDA:287,22,0,0
BRDA:287,22,1,0
BRDA:300,23,0,0
BRDA:300,23,1,0
BRDA:319,24,0,0
BRDA:319,24,1,0
BRDA:319,25,0,0
BRDA:319,25,1,0
BRDA:320,26,0,0
BRDA:320,26,1,0
BRDA:324,27,0,0
BRDA:324,27,1,0
BRDA:342,28,0,0
BRDA:342,28,1,0
BRDA:353,29,0,0
BRDA:353,29,1,0
BRDA:363,30,0,0
BRDA:363,30,1,0
BRDA:374,31,0,0
BRDA:374,31,1,0
BRDA:392,32,0,0
BRDA:392,32,1,0
BRDA:392,33,0,0
BRDA:392,33,1,0
BRDA:397,34,0,0
BRDA:397,34,1,0
BRDA:397,35,0,0
BRDA:397,35,1,0
BRDA:409,36,0,0
BRDA:409,36,1,0
BRDA:409,37,0,0
BRDA:409,37,1,0
BRDA:436,38,0,0
BRDA:436,38,1,0
BRDA:436,38,2,0
BRDA:476,39,0,0
BRDA:476,39,1,0
BRDA:476,39,2,0
BRDA:476,39,3,0
BRDA:532,40,0,0
BRDA:532,40,1,0
BRF:87
BRH:0
end_of_record
TN:
SF:pages/Project/components/PageHeader.jsx
FN:21,(anonymous_0)
FN:91,(anonymous_1)
FNF:2
FNH:1
FNDA:0,(anonymous_0)
FNDA:1,(anonymous_1)
DA:21,2
DA:24,0
DA:25,0
DA:28,0
DA:29,0
DA:30,0
DA:31,0
DA:32,0
DA:33,0
DA:44,0
DA:45,0
DA:46,0
DA:47,0
DA:49,0
DA:51,0
DA:52,0
DA:53,0
DA:62,0
DA:64,0
DA:80,2
DA:91,2
LF:21
LH:3
BRDA:24,0,0,0
BRDA:24,0,1,0
BRDA:30,1,0,0
BRDA:30,1,1,0
BRDA:32,2,0,0
BRDA:32,2,1,0
BRDA:32,3,0,0
BRDA:32,3,1,0
BRDA:44,4,0,0
BRDA:44,4,1,0
BRDA:46,5,0,0
BRDA:46,5,1,0
BRDA:46,6,0,0
BRDA:46,6,1,0
BRDA:51,7,0,0
BRDA:51,7,1,0
BRDA:62,8,0,0
BRDA:62,8,1,0
BRF:18
BRH:0
end_of_record
TN:
SF:pages/Project/components/PhenotypePrioritizedGenes.jsx
FN:18,(anonymous_0)
FN:36,(anonymous_1)
FN:49,(anonymous_2)
FN:49,(anonymous_3)
FN:59,(anonymous_4)
FN:66,(anonymous_5)
FN:89,(anonymous_6)
FNF:7
FNH:7
FNDA:1,(anonymous_0)
FNDA:1,(anonymous_1)
FNDA:1,(anonymous_2)
FNDA:2,(anonymous_3)
FNDA:1,(anonymous_4)
FNDA:1,(anonymous_5)
FNDA:1,(anonymous_6)
DA:13,1
DA:19,1
DA:37,1
DA:49,1
DA:50,2
DA:59,1
DA:62,1
DA:66,1
DA:81,1
DA:89,1
DA:94,1
LF:11
LH:11
BRDA:66,0,0,1
BRDA:66,0,1,0
BRF:2
BRH:1
end_of_record
TN:
SF:pages/Project/components/ProjectCollaborators.jsx
FN:22,(anonymous_0)
FN:35,(anonymous_1)
FN:49,(anonymous_2)
FN:50,(anonymous_3)
FN:51,(anonymous_4)
FN:55,(anonymous_5)
FN:85,(anonymous_6)
FN:88,(anonymous_7)
FN:156,(anonymous_8)
FN:163,(anonymous_9)
FN:165,(anonymous_10)
FN:228,(anonymous_11)
FN:248,(anonymous_12)
FNF:13
FNH:2
FNDA:0,(anonymous_0)
FNDA:0,(anonymous_1)
FNDA:0,(anonymous_2)
FNDA:0,(anonymous_3)
FNDA:0,(anonymous_4)
FNDA:4,(anonymous_5)
FNDA:0,(anonymous_6)
FNDA:0,(anonymous_7)
FNDA:0,(anonymous_8)
FNDA:0,(anonymous_9)
FNDA:0,(anonymous_10)
FNDA:1,(anonymous_11)
FNDA:0,(anonymous_12)
DA:22,2
DA:23,0
DA:28,2
DA:35,2
DA:40,2
DA:44,2
DA:49,0
DA:50,0
DA:51,0
DA:55,4
DA:58,2
DA:67,2
DA:81,2
DA:85,2
DA:87,0
DA:89,0
DA:143,2
DA:156,2
DA:157,0
DA:163,2
DA:165,2
DA:169,0
DA:170,0
DA:171,0
DA:213,2
DA:228,2
DA:229,1
DA:232,1
DA:233,1
DA:244,2
DA:248,0
LF:31
LH:20
BRDA:49,0,0,0
BRDA:49,0,1,0
BRDA:49,1,0,0
BRDA:49,1,1,0
BRDA:50,2,0,0
BRDA:50,2,1,0
BRDA:51,3,0,0
BRDA:51,3,1,0
BRDA:88,4,0,0
BRDA:88,4,1,0
BRDA:90,5,0,0
BRDA:90,5,1,0
BRDA:95,6,0,0
BRDA:95,6,1,0
BRDA:110,7,0,0
BRDA:110,7,1,0
BRDA:120,8,0,0
BRDA:120,8,1,0
BRDA:121,9,0,0
BRDA:121,9,1,0
BRDA:127,10,0,0
BRDA:127,10,1,0
BRDA:158,11,0,0
BRDA:158,11,1,0
BRDA:169,12,0,0
BRDA:169,12,1,0
BRDA:170,13,0,0
BRDA:170,13,1,0
BRDA:185,14,0,0
BRDA:185,14,1,0
BRDA:196,15,0,0
BRDA:196,15,1,0
BRDA:196,15,2,0
BRDA:199,16,0,0
BRDA:199,16,1,0
BRDA:232,17,0,1
BRDA:232,17,1,1
BRDA:237,18,0,0
BRDA:237,18,1,1
BRF:39
BRH:3
end_of_record
TN:
SF:pages/Project/components/ProjectNotifications.jsx
FN:10,(anonymous_0)
FN:10,(anonymous_1)
FN:12,(anonymous_2)
FN:25,(anonymous_3)
FN:56,(anonymous_4)
FN:60,(anonymous_5)
FN:62,(anonymous_6)
FNF:7
FNH:6
FNDA:2,(anonymous_0)
FNDA:0,(anonymous_1)
FNDA:2,(anonymous_2)
FNDA:1,(anonymous_3)
FNDA:2,(anonymous_4)
FNDA:2,(anonymous_5)
FNDA:2,(anonymous_6)
DA:10,2
DA:12,2
DA:15,2
DA:16,2
DA:18,2
DA:19,1
DA:20,1
DA:21,0
DA:23,2
DA:26,1
DA:48,2
DA:56,2
DA:60,2
DA:62,2
DA:63,2
DA:64,2
DA:75,2
LF:17
LH:16
BRDA:16,0,0,1
BRDA:16,0,1,1
BRDA:18,1,0,1
BRDA:18,1,1,1
BRDA:20,2,0,0
BRDA:20,2,1,1
BRDA:20,3,0,1
BRDA:20,3,1,0
BRDA:25,4,0,1
BRDA:25,4,1,1
BRDA:30,5,0,2
BRDA:30,5,1,1
BRDA:39,6,0,2
BRDA:39,6,1,1
BRF:14
BRH:12
end_of_record
TN:
SF:pages/Project/components/ProjectOverview.jsx
FN:63,(anonymous_0)
FN:69,(anonymous_1)
FN:93,(anonymous_2)
FN:100,(anonymous_3)
FN:101,(anonymous_4)
FN:102,(anonymous_5)
FN:103,(anonymous_6)
FN:103,(anonymous_7)
FN:114,(anonymous_8)
FN:149,(anonymous_9)
FN:165,(anonymous_10)
FN:166,(anonymous_11)
FN:167,(anonymous_12)
FN:168,(anonymous_13)
FN:199,(anonymous_14)
FN:206,(anonymous_15)
FN:206,(anonymous_16)
FN:232,(anonymous_17)
FN:237,(anonymous_18)
FN:246,(anonymous_19)
FN:281,(anonymous_20)
FN:285,(anonymous_21)
FN:288,(anonymous_22)
FN:308,(anonymous_23)
FN:309,(anonymous_24)
FN:316,(anonymous_25)
FN:320,(anonymous_26)
FN:352,(anonymous_27)
FN:373,(anonymous_28)
FN:381,(anonymous_29)
FN:387,(anonymous_30)
FN:416,(anonymous_31)
FN:434,(anonymous_32)
FN:445,(anonymous_33)
FN:451,(anonymous_34)
FN:460,(anonymous_35)
FN:525,(anonymous_36)
FNF:37
FNH:24
FNDA:4,(anonymous_0)
FNDA:6,(anonymous_1)
FNDA:0,(anonymous_2)
FNDA:0,(anonymous_3)
FNDA:0,(anonymous_4)
FNDA:0,(anonymous_5)
FNDA:0,(anonymous_6)
FNDA:0,(anonymous_7)
FNDA:0,(anonymous_8)
FNDA:0,(anonymous_9)
FNDA:2,(anonymous_10)
FNDA:2,(anonymous_11)
FNDA:2,(anonymous_12)
FNDA:2,(anonymous_13)
FNDA:2,(anonymous_14)
FNDA:6,(anonymous_15)
FNDA:0,(anonymous_16)
FNDA:1,(anonymous_17)
FNDA:1,(anonymous_18)
FNDA:1,(anonymous_19)
FNDA:0,(anonymous_20)
FNDA:1,(anonymous_21)
FNDA:1,(anonymous_22)
FNDA:1,(anonymous_23)
FNDA:1,(anonymous_24)
FNDA:0,(anonymous_25)
FNDA:0,(anonymous_26)
FNDA:1,(anonymous_27)
FNDA:1,(anonymous_28)
FNDA:0,(anonymous_29)
FNDA:1,(anonymous_30)
FNDA:1,(anonymous_31)
FNDA:1,(anonymous_32)
FNDA:1,(anonymous_33)
FNDA:5,(anonymous_34)
FNDA:1,(anonymous_35)
FNDA:1,(anonymous_36)
DA:41,2
DA:45,2
DA:50,2
DA:56,2
DA:62,2
DA:63,4
DA:69,2
DA:70,6
DA:82,2
DA:88,2
DA:94,0
DA:100,0
DA:101,0
DA:102,0
DA:103,0
DA:106,2
DA:114,2
DA:115,0
DA:141,2
DA:149,2
DA:154,2
DA:159,2
DA:163,2
DA:165,2
DA:166,2
DA:167,2
DA:168,2
DA:169,2
DA:170,2
DA:172,0
DA:173,0
DA:175,0
DA:176,0
DA:177,0
DA:178,0
DA:179,0
DA:182,2
DA:183,2
DA:184,0
DA:185,2
DA:186,1
DA:189,2
DA:200,2
DA:206,6
DA:207,0
DA:224,2
DA:232,2
DA:237,2
DA:242,2
DA:244,2
DA:246,2
DA:247,1
DA:266,2
DA:275,2
DA:279,1
DA:281,1
DA:282,0
DA:286,1
DA:287,1
DA:288,1
DA:289,1
DA:294,1
DA:295,1
DA:296,1
DA:299,0
DA:308,2
DA:309,1
DA:310,1
DA:311,1
DA:316,0
DA:320,0
DA:322,1
DA:323,1
DA:324,0
DA:352,1
DA:353,1
DA:365,2
DA:373,2
DA:379,2
DA:381,2
DA:385,2
DA:387,2
DA:388,1
DA:409,2
DA:416,2
DA:417,1
DA:420,1
DA:421,1
DA:428,2
DA:432,2
DA:434,2
DA:435,1
DA:441,2
DA:445,2
DA:449,2
DA:451,2
DA:452,5
DA:455,2
DA:460,2
DA:464,1
DA:511,2
DA:525,2
DA:535,1
DA:536,1
LF:104
LH:84
BRDA:73,0,0,6
BRDA:73,0,1,2
BRDA:100,1,0,0
BRDA:100,1,1,0
BRDA:101,2,0,0
BRDA:101,2,1,0
BRDA:102,3,0,0
BRDA:102,3,1,0
BRDA:103,4,0,0
BRDA:103,4,1,0
BRDA:116,5,0,0
BRDA:116,5,1,0
BRDA:169,6,0,2
BRDA:169,6,1,0
BRDA:172,7,0,0
BRDA:172,7,1,0
BRDA:183,8,0,0
BRDA:183,8,1,2
BRDA:183,9,0,2
BRDA:183,9,1,1
BRDA:183,9,2,1
BRDA:183,9,3,0
BRDA:185,10,0,1
BRDA:185,10,1,1
BRDA:185,11,0,2
BRDA:185,11,1,1
BRDA:193,12,0,2
BRDA:193,12,1,1
BRDA:195,13,0,2
BRDA:195,13,1,1
BRDA:201,14,0,1
BRDA:201,14,1,1
BRDA:201,15,0,2
BRDA:201,15,1,2
BRDA:201,16,0,1
BRDA:201,16,1,1
BRDA:211,17,0,0
BRDA:211,17,1,0
BRDA:249,18,0,0
BRDA:249,18,1,1
BRDA:260,19,0,0
BRDA:260,19,1,0
BRDA:295,20,0,1
BRDA:295,20,1,0
BRDA:295,21,0,1
BRDA:295,21,1,0
BRDA:313,22,0,1
BRDA:313,22,1,0
BRDA:313,23,0,1
BRDA:313,23,1,1
BRDA:323,24,0,0
BRDA:323,24,1,1
BRDA:329,25,0,0
BRDA:329,25,1,0
BRDA:355,26,0,1
BRDA:355,26,1,0
BRDA:357,27,0,1
BRDA:357,27,1,1
BRDA:388,28,0,1
BRDA:388,28,1,0
BRDA:388,28,2,1
BRDA:388,28,3,0
BRDA:391,29,0,0
BRDA:391,29,1,0
BRDA:396,30,0,0
BRDA:396,30,1,0
BRDA:420,31,0,0
BRDA:420,31,1,1
BRDA:452,32,0,0
BRDA:452,32,1,5
BRDA:474,33,0,1
BRDA:474,33,1,1
BRDA:495,34,0,1
BRDA:495,34,1,1
BRDA:495,34,2,1
BRF:75
BRH:40
end_of_record
TN:
SF:pages/Project/components/ProjectPageUI.jsx
FN:29,(anonymous_0)
FN:34,(anonymous_1)
FN:67,(anonymous_2)
FN:81,(anonymous_3)
FN:141,(anonymous_4)
FN:153,(anonymous_5)
FNF:6
FNH:1
FNDA:0,(anonymous_0)
FNDA:0,(anonymous_1)
FNDA:0,(anonymous_2)
FNDA:1,(anonymous_3)
FNDA:0,(anonymous_4)
FNDA:0,(anonymous_5)
DA:29,1
DA:34,1
DA:36,0
DA:56,1
DA:67,1
DA:72,1
DA:74,1
DA:81,1
DA:82,1
DA:134,1
DA:141,1
DA:146,1
DA:153,0
LF:13
LH:11
BRDA:39,0,0,0
BRDA:39,0,1,0
BRDA:41,1,0,0
BRDA:41,1,1,0
BRDA:41,2,0,0
BRDA:41,2,1,0
BRDA:41,2,2,0
BRDA:47,3,0,0
BRDA:47,3,1,0
BRDA:69,4,0,0
BRDA:69,4,1,0
BRDA:86,5,0,0
BRDA:86,5,1,1
BRDA:86,6,0,1
BRDA:86,6,1,1
BRDA:103,7,0,0
BRDA:103,7,1,1
BRDA:108,8,0,1
BRDA:108,8,1,1
BRF:19
BRH:6
end_of_record
TN:
SF:pages/Project/components/RnaSeqOutliers.jsx
FN:26,(anonymous_0)
FN:30,(anonymous_1)
FN:38,(anonymous_2)
FN:41,(anonymous_3)
FN:42,(anonymous_4)
FN:46,(anonymous_5)
FN:47,(anonymous_6)
FN:47,(anonymous_7)
FN:56,(anonymous_8)
FN:57,(anonymous_9)
FN:60,(anonymous_10)
FN:63,(anonymous_11)
FN:64,(anonymous_12)
FN:65,(anonymous_13)
FN:69,(anonymous_14)
FN:74,(anonymous_15)
FN:78,(anonymous_16)
FN:86,(anonymous_17)
FN:92,(anonymous_18)
FNF:19
FNH:2
FNDA:0,(anonymous_0)
FNDA:0,(anonymous_1)
FNDA:0,(anonymous_2)
FNDA:0,(anonymous_3)
FNDA:0,(anonymous_4)
FNDA:0,(anonymous_5)
FNDA:0,(anonymous_6)
FNDA:0,(anonymous_7)
FNDA:0,(anonymous_8)
FNDA:0,(anonymous_9)
FNDA:0,(anonymous_10)
FNDA:0,(anonymous_11)
FNDA:0,(anonymous_12)
FNDA:0,(anonymous_13)
FNDA:0,(anonymous_14)
FNDA:0,(anonymous_15)
FNDA:0,(anonymous_16)
FNDA:2,(anonymous_17)
FNDA:3,(anonymous_18)
DA:13,1
DA:14,1
DA:15,1
DA:19,1
DA:27,0
DA:31,0
DA:32,0
DA:33,0
DA:34,0
DA:38,0
DA:39,0
DA:41,0
DA:42,0
DA:44,0
DA:46,0
DA:47,0
DA:52,0
DA:55,0
DA:56,0
DA:57,0
DA:60,0
DA:62,0
DA:63,0
DA:64,0
DA:66,0
DA:67,0
DA:69,0
DA:74,0
DA:75,0
DA:79,0
DA:86,1
DA:87,2
DA:92,3
DA:100,1
LF:34
LH:8
BRDA:32,0,0,0
BRDA:32,0,1,0
BRDA:39,1,0,0
BRDA:60,2,0,0
BRDA:60,2,1,0
BRDA:63,3,0,0
BRDA:63,3,1,0
BRDA:63,4,0,0
BRDA:63,4,1,0
BRDA:64,5,0,0
BRDA:64,5,1,0
BRDA:67,6,0,0
BRDA:67,6,1,0
[...]
FN:1589,(anonymous_119)
FN:1590,(anonymous_120)
FN:1594,(anonymous_121)
FN:1600,(anonymous_122)
FN:1617,(anonymous_123)
FN:1619,(anonymous_124)
FN:1662,(anonymous_125)
FN:1665,(anonymous_126)
FN:1665,(anonymous_127)
FN:1675,(anonymous_128)
FN:1677,(anonymous_129)
FN:1679,(anonymous_130)
FN:1683,(anonymous_131)
FN:1699,(anonymous_132)
FN:1699,(anonymous_133)
FN:1704,(anonymous_134)
FN:1715,(anonymous_135)
FN:1716,(anonymous_136)
FN:1721,(anonymous_137)
FN:1722,(anonymous_138)
FN:1723,(anonymous_139)
FN:1724,(anonymous_140)
FN:1725,(anonymous_141)
FN:1726,(anonymous_142)
FN:1727,(anonymous_143)
FN:1728,(anonymous_144)
FN:1729,(anonymous_145)
FN:1730,(anonymous_146)
FN:1731,(anonymous_147)
FN:1732,(anonymous_148)
FN:1733,(anonymous_149)
FN:1736,(anonymous_150)
FN:1736,(anonymous_151)
FN:1737,(anonymous_152)
FN:1740,(anonymous_153)
FN:1740,(anonymous_154)
FN:1809,(anonymous_155)
FN:1810,(anonymous_156)
FN:1839,(anonymous_157)
FN:2072,(anonymous_158)
FN:2090,(anonymous_159)
FNF:160
FNH:60
FNDA:0,(anonymous_0)
FNDA:170,(anonymous_1)
FNDA:255,(anonymous_2)
FNDA:255,(anonymous_3)
FNDA:0,(anonymous_4)
FNDA:0,(anonymous_5)
FNDA:0,(anonymous_6)
FNDA:0,(anonymous_7)
FNDA:0,(anonymous_8)
FNDA:1445,(anonymous_9)
FNDA:510,(anonymous_10)
FNDA:510,(anonymous_11)
FNDA:0,(anonymous_12)
FNDA:1360,(anonymous_13)
FNDA:255,(anonymous_14)
FNDA:4,(anonymous_15)
FNDA:4,(anonymous_16)
FNDA:0,(anonymous_17)
FNDA:1360,(anonymous_18)
FNDA:16,(anonymous_19)
FNDA:0,(anonymous_20)
FNDA:0,(anonymous_21)
FNDA:0,(anonymous_22)
FNDA:425,(anonymous_23)
FNDA:0,(anonymous_24)
FNDA:0,(anonymous_25)
FNDA:4,(anonymous_26)
FNDA:0,(anonymous_27)
FNDA:170,(anonymous_28)
FNDA:0,(anonymous_29)
FNDA:0,(anonymous_30)
FNDA:170,(anonymous_31)
FNDA:170,(anonymous_32)
FNDA:255,(anonymous_33)
FNDA:255,(anonymous_34)
FNDA:595,(anonymous_35)
FNDA:255,(anonymous_36)
FNDA:1785,(anonymous_37)
FNDA:510,(anonymous_38)
FNDA:1615,(anonymous_39)
FNDA:12,(anonymous_40)
FNDA:12,(anonymous_41)
FNDA:1785,(anonymous_42)
FNDA:0,(anonymous_43)
FNDA:510,(anonymous_44)
FNDA:0,(anonymous_45)
FNDA:1615,(anonymous_46)
FNDA:0,(anonymous_47)
FNDA:0,(anonymous_48)
FNDA:24,(anonymous_49)
FNDA:4,(anonymous_50)
FNDA:24,(anonymous_51)
FNDA:4,(anonymous_52)
FNDA:350,(anonymous_53)
FNDA:1795,(anonymous_54)
FNDA:0,(anonymous_55)
FNDA:0,(anonymous_56)
FNDA:0,(anonymous_57)
FNDA:0,(anonymous_58)
FNDA:0,(anonymous_59)
FNDA:0,(anonymous_60)
FNDA:0,(anonymous_61)
FNDA:0,(anonymous_62)
FNDA:0,(anonymous_63)
FNDA:0,(anonymous_64)
FNDA:1445,(anonymous_65)
FNDA:0,(anonymous_66)
FNDA:0,(anonymous_67)
FNDA:0,(anonymous_68)
FNDA:0,(anonymous_69)
FNDA:0,(anonymous_70)
FNDA:0,(anonymous_71)
FNDA:0,(anonymous_72)
FNDA:0,(anonymous_73)
FNDA:850,(anonymous_74)
FNDA:1020,(anonymous_75)
FNDA:4590,(anonymous_76)
FNDA:4590,(anonymous_77)
FNDA:850,(anonymous_78)
FNDA:0,(anonymous_79)
FNDA:0,(anonymous_80)
FNDA:0,(anonymous_81)
FNDA:0,(anonymous_82)
FNDA:0,(anonymous_83)
FNDA:0,(anonymous_84)
FNDA:170,(anonymous_85)
FNDA:0,(anonymous_86)
FNDA:510,(anonymous_87)
FNDA:0,(anonymous_88)
FNDA:0,(anonymous_89)
FNDA:0,(anonymous_90)
FNDA:0,(anonymous_91)
FNDA:0,(anonymous_92)
FNDA:0,(anonymous_93)
FNDA:0,(anonymous_94)
FNDA:0,(anonymous_95)
FNDA:0,(anonymous_96)
FNDA:0,(anonymous_97)
FNDA:0,(anonymous_98)
FNDA:1,(anonymous_99)
FNDA:0,(anonymous_100)
FNDA:0,(anonymous_101)
FNDA:0,(anonymous_102)
FNDA:0,(anonymous_103)
FNDA:0,(anonymous_104)
FNDA:0,(anonymous_105)
FNDA:0,(anonymous_106)
FNDA:0,(anonymous_107)
FNDA:0,(anonymous_108)
FNDA:0,(anonymous_109)
FNDA:0,(anonymous_110)
FNDA:0,(anonymous_111)
FNDA:0,(anonymous_112)
FNDA:0,(anonymous_113)
FNDA:0,(anonymous_114)
FNDA:0,(anonymous_115)
FNDA:1615,(anonymous_116)
FNDA:0,(anonymous_117)
FNDA:0,(anonymous_118)
FNDA:146,(anonymous_119)
FNDA:0,(anonymous_120)
FNDA:0,(anonymous_121)
FNDA:0,(anonymous_122)
FNDA:38,(anonymous_123)
FNDA:228,(anonymous_124)
FNDA:2,(anonymous_125)
FNDA:1,(anonymous_126)
FNDA:1,(anonymous_127)
FNDA:1,(anonymous_128)
FNDA:0,(anonymous_129)
FNDA:2,(anonymous_130)
FNDA:4,(anonymous_131)
FNDA:340,(anonymous_132)
FNDA:0,(anonymous_133)
FNDA:0,(anonymous_134)
FNDA:0,(anonymous_135)
FNDA:0,(anonymous_136)
FNDA:0,(anonymous_137)
FNDA:0,(anonymous_138)
FNDA:0,(anonymous_139)
FNDA:0,(anonymous_140)
FNDA:0,(anonymous_141)
FNDA:0,(anonymous_142)
FNDA:0,(anonymous_143)
FNDA:0,(anonymous_144)
FNDA:0,(anonymous_145)
FNDA:0,(anonymous_146)
FNDA:0,(anonymous_147)
FNDA:0,(anonymous_148)
FNDA:0,(anonymous_149)
FNDA:0,(anonymous_150)
FNDA:0,(anonymous_151)
FNDA:0,(anonymous_152)
FNDA:0,(anonymous_153)
FNDA:0,(anonymous_154)
FNDA:595,(anonymous_155)
FNDA:510,(anonymous_156)
FNDA:425,(anonymous_157)
FNDA:4,(anonymous_158)
FNDA:2,(anonymous_159)
DA:20,85
DA:21,85
DA:23,85
DA:25,85
DA:26,0
DA:35,85
DA:36,85
DA:37,85
DA:41,85
DA:42,170
DA:44,85
DA:48,85
DA:57,85
DA:59,85
DA:60,255
DA:61,85
DA:62,255
DA:64,85
DA:71,85
DA:78,0
DA:90,85
DA:95,85
DA:100,85
DA:119,85
DA:131,85
DA:132,85
DA:133,85
DA:134,85
DA:136,0
DA:137,0
DA:138,0
DA:143,85
DA:144,85
DA:145,85
DA:147,85
DA:148,85
DA:149,85
DA:152,85
DA:165,85
DA:197,85
DA:206,85
DA:207,85
DA:209,85
DA:216,85
DA:217,85
DA:218,85
DA:219,85
DA:220,85
DA:221,85
DA:222,85
DA:223,85
DA:224,85
DA:225,85
DA:226,85
DA:227,85
DA:228,85
DA:229,85
DA:230,85
DA:231,85
DA:232,85
DA:234,85
DA:237,85
DA:255,85
DA:259,85
DA:260,1445
DA:263,85
DA:268,85
DA:269,85
DA:277,85
DA:286,85
DA:287,510
DA:292,85
DA:293,85
DA:294,85
DA:295,85
DA:296,85
DA:297,85
DA:299,85
DA:308,85
DA:309,510
DA:312,85
DA:313,0
DA:321,85
DA:322,85
DA:323,85
DA:324,85
DA:325,85
DA:326,85
DA:327,85
DA:328,85
DA:329,85
DA:330,85
DA:331,85
DA:332,85
DA:333,85
DA:334,85
DA:335,85
DA:336,85
DA:337,85
DA:338,85
DA:339,85
DA:340,85
DA:341,85
DA:342,85
DA:343,85
DA:344,85
DA:346,85
DA:352,85
DA:359,85
DA:373,85
DA:374,1360
DA:387,85
DA:388,85
DA:389,85
DA:390,85
DA:391,85
DA:393,255
DA:394,4
DA:395,4
DA:398,85
DA:402,0
DA:405,85
DA:407,1360
DA:409,16
DA:417,0
DA:422,0
DA:428,0
DA:430,425
DA:434,0
DA:442,0
DA:450,4
DA:455,0
DA:457,170
DA:461,0
DA:467,0
DA:473,85
DA:474,85
DA:475,85
DA:476,85
DA:477,85
DA:478,85
DA:482,170
DA:483,170
DA:486,85
DA:487,255
DA:488,255
DA:492,85
DA:493,595
DA:499,85
DA:500,85
DA:501,85
DA:502,85
DA:508,85
DA:509,255
DA:515,85
DA:539,85
DA:540,1785
DA:546,85
DA:555,85
DA:556,510
DA:562,85
DA:584,85
DA:585,1615
DA:591,85
DA:592,85
DA:593,85
DA:594,85
DA:595,85
DA:596,85
DA:597,85
DA:598,85
DA:599,85
DA:600,85
DA:601,85
DA:602,85
DA:603,85
DA:604,85
DA:606,85
DA:613,12
DA:620,12
DA:629,1785
DA:630,0
DA:635,510
DA:636,0
DA:641,1615
DA:642,0
DA:648,0
DA:652,85
DA:656,24
DA:662,24
DA:667,350
DA:668,1795
DA:669,1795
DA:672,85
DA:673,85
DA:677,85
DA:680,0
DA:683,85
DA:691,85
DA:696,85
DA:703,85
DA:704,0
DA:705,0
DA:708,85
DA:710,0
DA:711,0
DA:721,0
DA:722,0
DA:732,0
DA:733,0
DA:743,0
DA:744,0
DA:753,85
DA:754,85
DA:755,85
DA:756,85
DA:774,1445
DA:776,85
DA:787,85
DA:788,85
DA:789,85
DA:790,85
DA:791,85
DA:792,85
DA:793,85
DA:795,85
DA:800,0
DA:809,0
DA:817,0
DA:823,0
DA:832,0
DA:838,85
DA:842,0
DA:846,0
DA:855,0
DA:867,85
DA:868,85
DA:869,85
DA:870,85
DA:871,85
DA:872,85
DA:873,85
DA:874,85
DA:875,85
DA:876,85
DA:877,85
DA:879,85
DA:921,85
DA:935,85
DA:937,85
DA:1003,85
DA:1011,85
DA:1046,850
DA:1047,1020
DA:1224,85
DA:1225,4590
DA:1226,4590
DA:1227,4590
DA:1230,85
DA:1231,4590
DA:1234,850
DA:1236,85
DA:1261,85
DA:1267,85
DA:1268,85
DA:1269,85
DA:1270,85
DA:1271,85
DA:1272,85
DA:1273,85
DA:1274,85
DA:1276,85
DA:1277,85
DA:1278,85
DA:1279,85
DA:1280,85
DA:1281,85
DA:1282,85
DA:1283,85
DA:1284,85
DA:1285,85
DA:1286,85
DA:1287,85
DA:1288,85
DA:1289,85
DA:1290,85
DA:1291,85
DA:1292,85
DA:1293,85
DA:1294,85
DA:1296,85
DA:1298,0
DA:1301,85
DA:1302,0
DA:1303,0
DA:1304,0
DA:1306,0
DA:1307,0
DA:1309,0
DA:1310,0
DA:1312,0
DA:1315,85
DA:1316,0
DA:1317,0
DA:1318,0
DA:1319,0
DA:1320,0
DA:1321,0
DA:1324,85
DA:1325,85
DA:1327,85
DA:1329,85
DA:1331,85
DA:1332,0
DA:1333,0
DA:1335,0
DA:1336,0
DA:1337,0
DA:1339,0
DA:1343,170
DA:1346,510
DA:1348,85
DA:1349,0
DA:1352,85
DA:1353,0
DA:1355,0
DA:1359,85
DA:1360,0
DA:1363,85
DA:1366,0
DA:1369,0
DA:1373,85
DA:1374,1
DA:1375,0
DA:1380,0
DA:1381,0
DA:1383,0
DA:1389,0
DA:1393,0
DA:1403,0
DA:1409,0
DA:1416,0
DA:1417,0
DA:1419,0
DA:1426,0
DA:1433,0
DA:1438,0
DA:1439,0
DA:1441,0
DA:1445,85
DA:1447,85
DA:1448,1615
DA:1454,85
DA:1462,85
DA:1463,85
DA:1464,85
DA:1470,85
DA:1476,85
DA:1482,85
DA:1491,85
DA:1498,0
DA:1500,85
DA:1509,85
DA:1516,85
DA:1523,85
DA:1524,85
DA:1525,85
DA:1526,85
DA:1527,85
DA:1528,85
DA:1529,85
DA:1531,85
DA:1532,85
DA:1533,85
DA:1535,85
DA:1548,0
DA:1589,146
DA:1590,85
DA:1591,0
DA:1592,0
DA:1593,0
DA:1594,0
DA:1598,0
DA:1600,85
DA:1603,0
DA:1604,0
DA:1605,0
DA:1608,0
DA:1609,0
DA:1610,0
DA:1615,0
DA:1617,85
DA:1618,38
DA:1620,228
DA:1622,228
DA:1623,112
DA:1624,74
DA:1626,38
DA:1627,38
DA:1628,2
DA:1630,116
DA:1631,38
DA:1632,78
DA:1633,8
DA:1635,70
DA:1636,70
DA:1637,2
DA:1640,146
DA:1641,6
DA:1643,146
DA:1662,85
DA:1663,2
DA:1664,1
DA:1665,1
DA:1668,1
DA:1669,1
DA:1670,0
DA:1672,1
DA:1675,85
DA:1677,0
DA:1679,85
DA:1680,2
DA:1681,2
DA:1682,2
DA:1683,4
DA:1684,2
DA:1685,2
DA:1686,2
DA:1687,2
DA:1688,2
DA:1689,2
DA:1690,1
DA:1691,1
DA:1692,1
DA:1695,2
DA:1696,2
DA:1699,340
DA:1700,0
DA:1701,0
DA:1704,85
DA:1705,0
DA:1706,0
DA:1709,85
DA:1715,0
DA:1716,0
DA:1721,0
DA:1722,0
DA:1723,0
DA:1724,0
DA:1725,0
DA:1726,0
DA:1727,0
DA:1728,0
DA:1729,0
DA:1730,0
DA:1731,0
DA:1732,0
DA:1733,0
DA:1736,0
DA:1737,0
DA:1740,0
DA:1741,0
DA:1742,0
DA:1747,85
DA:1749,85
DA:1750,85
DA:1751,85
DA:1752,85
DA:1780,85
DA:1788,85
DA:1789,85
DA:1790,85
DA:1806,85
DA:1808,85
DA:1809,595
DA:1810,510
DA:1816,85
DA:1822,85
DA:1830,85
DA:1838,85
DA:1839,425
DA:1842,85
DA:1843,85
DA:1844,85
DA:1845,85
DA:1846,85
DA:1848,85
DA:1871,85
DA:1887,85
DA:1927,85
DA:1932,85
DA:1955,85
DA:1963,85
DA:1977,85
DA:1983,85
DA:2001,85
DA:2054,85
DA:2072,4
DA:2080,85
DA:2090,2
DA:2099,85
DA:2108,85
DA:2114,85
DA:2116,85
DA:2117,85
DA:2118,85
DA:2119,85
DA:2120,85
DA:2121,85
LF:509
LH:388
BRDA:28,0,0,0
BRDA:28,0,1,0
BRDA:78,1,0,0
BRDA:78,1,1,0
BRDA:137,2,0,0
BRDA:137,2,1,0
BRDA:138,3,0,0
BRDA:138,3,1,0
BRDA:394,4,0,4
BRDA:394,4,1,4
BRDA:394,4,2,0
BRDA:402,5,0,0
BRDA:402,5,1,0
BRDA:417,6,0,0
BRDA:417,6,1,0
BRDA:495,7,0,85
BRDA:495,7,1,510
BRDA:511,8,0,85
BRDA:511,8,1,170
BRDA:648,9,0,0
BRDA:648,9,1,0
BRDA:656,10,0,4
BRDA:656,10,1,20
BRDA:662,11,0,4
BRDA:662,11,1,20
BRDA:680,12,0,0
BRDA:680,12,1,0
BRDA:716,13,0,0
BRDA:716,13,1,0
BRDA:727,14,0,0
BRDA:727,14,1,0
BRDA:800,15,0,0
BRDA:800,15,1,0
BRDA:809,16,0,0
BRDA:809,16,1,0
BRDA:832,17,0,0
BRDA:832,17,1,0
BRDA:846,18,0,0
BRDA:846,18,1,0
BRDA:855,19,0,0
BRDA:855,19,1,0
BRDA:855,20,0,0
BRDA:855,20,1,0
BRDA:855,21,0,0
BRDA:855,21,1,0
BRDA:1225,22,0,4590
BRDA:1225,22,1,1190
BRDA:1226,23,0,4590
BRDA:1226,23,1,850
BRDA:1296,24,0,0
BRDA:1296,24,1,0
BRDA:1296,24,2,0
BRDA:1296,24,3,0
BRDA:1297,25,0,0
BRDA:1297,25,1,0
BRDA:1303,26,0,0
BRDA:1303,26,1,0
BRDA:1306,27,0,0
BRDA:1306,27,1,0
BRDA:1309,28,0,0
BRDA:1309,28,1,0
BRDA:1316,29,0,0
BRDA:1316,29,1,0
BRDA:1318,30,0,0
BRDA:1318,30,1,0
BRDA:1318,31,0,0
BRDA:1318,31,1,0
BRDA:1319,32,0,0
BRDA:1319,32,1,0
BRDA:1320,33,0,0
BRDA:1320,33,1,0
BRDA:1332,34,0,0
BRDA:1332,34,1,0
BRDA:1332,35,0,0
BRDA:1332,35,1,0
BRDA:1335,36,0,0
BRDA:1335,36,1,0
BRDA:1336,37,0,0
BRDA:1336,37,1,0
BRDA:1343,38,0,0
BRDA:1343,38,1,0
BRDA:1343,39,0,0
BRDA:1343,39,1,0
BRDA:1343,40,0,0
BRDA:1343,40,1,0
BRDA:1343,41,0,0
BRDA:1343,41,1,0
BRDA:1346,42,0,0
BRDA:1346,42,1,0
BRDA:1346,43,0,0
BRDA:1346,43,1,0
BRDA:1346,44,0,0
BRDA:1346,44,1,0
BRDA:1346,45,0,0
BRDA:1346,45,1,0
BRDA:1349,46,0,0
BRDA:1349,46,1,0
BRDA:1353,47,0,0
BRDA:1353,47,1,0
BRDA:1364,48,0,0
BRDA:1364,48,1,0
BRDA:1366,49,0,0
BRDA:1366,49,1,0
BRDA:1366,50,0,0
BRDA:1366,50,1,0
BRDA:1368,51,0,0
BRDA:1368,51,1,0
BRDA:1380,52,0,0
BRDA:1380,52,1,0
BRDA:1381,53,0,0
BRDA:1381,53,1,0
BRDA:1382,54,0,0
BRDA:1382,54,1,0
BRDA:1383,55,0,0
BRDA:1383,55,1,0
BRDA:1416,56,0,0
BRDA:1416,56,1,0
BRDA:1417,57,0,0
BRDA:1417,57,1,0
BRDA:1418,58,0,0
BRDA:1418,58,1,0
BRDA:1419,59,0,0
BRDA:1419,59,1,0
BRDA:1439,60,0,0
BRDA:1439,60,1,0
BRDA:1439,61,0,0
BRDA:1439,61,1,0
BRDA:1441,62,0,0
BRDA:1441,62,1,0
BRDA:1441,63,0,0
BRDA:1441,63,1,0
BRDA:1589,64,0,8
BRDA:1589,64,1,138
BRDA:1591,65,0,0
BRDA:1591,66,0,0
BRDA:1592,67,0,0
BRDA:1592,67,1,0
BRDA:1593,68,0,0
BRDA:1593,68,1,0
BRDA:1593,69,0,0
BRDA:1593,69,1,0
BRDA:1594,70,0,0
BRDA:1594,70,1,0
BRDA:1594,70,2,0
BRDA:1594,70,3,0
BRDA:1594,70,4,0
BRDA:1594,70,5,0
BRDA:1598,71,0,0
BRDA:1598,71,1,0
BRDA:1603,72,0,0
BRDA:1603,72,1,0
BRDA:1604,73,0,0
BRDA:1604,73,1,0
BRDA:1604,74,0,0
BRDA:1604,74,1,0
BRDA:1605,75,0,0
BRDA:1605,75,1,0
BRDA:1609,76,0,0
BRDA:1609,76,1,0
BRDA:1609,77,0,0
BRDA:1609,77,1,0
BRDA:1615,78,0,0
BRDA:1615,78,1,0
BRDA:1619,79,0,4
BRDA:1619,79,1,34
BRDA:1622,80,0,112
BRDA:1622,80,1,116
BRDA:1623,81,0,74
BRDA:1623,81,1,38
BRDA:1627,82,0,2
BRDA:1627,82,1,36
BRDA:1630,83,0,38
BRDA:1630,83,1,78
BRDA:1632,84,0,8
BRDA:1632,84,1,70
BRDA:1636,85,0,2
BRDA:1636,85,1,68
BRDA:1640,86,0,6
BRDA:1640,86,1,140
BRDA:1650,87,0,38
BRDA:1650,87,1,24
BRDA:1652,88,0,24
BRDA:1652,88,1,0
BRDA:1653,89,0,24
BRDA:1653,89,1,0
BRDA:1654,90,0,24
BRDA:1654,90,1,0
BRDA:1662,91,0,0
BRDA:1663,92,0,1
BRDA:1663,92,1,1
BRDA:1663,93,0,2
BRDA:1663,93,1,2
BRDA:1664,94,0,1
BRDA:1664,94,1,0
BRDA:1665,95,0,1
BRDA:1665,95,1,1
BRDA:1669,96,0,0
BRDA:1669,96,1,1
BRDA:1669,97,0,1
BRDA:1669,97,1,0
BRDA:1669,97,2,0
BRDA:1675,98,0,1
BRDA:1675,99,0,1
BRDA:1675,99,1,1
BRDA:1677,100,0,0
BRDA:1677,100,1,0
BRDA:1681,101,0,2
BRDA:1681,101,1,1
BRDA:1682,102,0,2
BRDA:1682,102,1,1
BRDA:1683,103,0,2
BRDA:1683,103,1,1
BRDA:1683,104,0,2
BRDA:1683,104,1,1
BRDA:1684,105,0,2
BRDA:1684,105,1,0
BRDA:1686,106,0,2
BRDA:1686,106,1,0
BRDA:1687,107,0,2
BRDA:1687,107,1,0
BRDA:1687,108,0,2
BRDA:1687,108,1,0
BRDA:1688,109,0,0
BRDA:1688,109,1,2
BRDA:1689,110,0,1
BRDA:1689,110,1,1
BRDA:1691,111,0,1
BRDA:1691,111,1,0
BRDA:1695,112,0,1
BRDA:1695,112,1,1
BRDA:1696,113,0,2
BRDA:1696,113,1,0
BRDA:1696,114,0,2
BRDA:1696,114,1,0
BRDA:1700,115,0,0
BRDA:1700,115,1,0
BRDA:1701,116,0,0
BRDA:1701,116,1,0
BRDA:1706,117,0,0
BRDA:1706,117,1,0
BRDA:1721,118,0,0
BRDA:1721,118,1,0
BRDA:1722,119,0,0
BRDA:1722,119,1,0
BRDA:1723,120,0,0
BRDA:1723,120,1,0
BRDA:1724,121,0,0
BRDA:1724,121,1,0
BRDA:1725,122,0,0
BRDA:1725,122,1,0
BRDA:1726,123,0,0
BRDA:1726,123,1,0
BRDA:1727,124,0,0
BRDA:1727,124,1,0
BRDA:1727,125,0,0
BRDA:1727,125,1,0
BRDA:1728,126,0,0
BRDA:1728,126,1,0
BRDA:1732,127,0,0
BRDA:1732,127,1,0
BRDA:1733,128,0,0
BRDA:1733,128,1,0
BRDA:1737,129,0,0
BRDA:1737,129,1,0
BRDA:2072,130,0,4
BRDA:2072,130,1,4
BRF:266
BRH:71
end_of_record
TN:
SF:shared/utils/httpRequestHelper.ts
FN:4,(anonymous_0)
FN:6,(anonymous_1)
FN:7,(anonymous_2)
FN:9,(anonymous_3)
FN:41,(anonymous_4)
FN:61,(anonymous_5)
FN:77,(anonymous_6)
FN:94,(anonymous_7)
FN:94,(anonymous_8)
FN:96,(anonymous_9)
FN:103,(anonymous_10)
FN:111,(anonymous_11)
FN:119,(anonymous_12)
FN:130,(anonymous_13)
FN:140,(anonymous_14)
FN:148,(anonymous_15)
FN:149,(anonymous_16)
FN:152,(anonymous_17)
FN:156,(anonymous_18)
FN:162,(anonymous_19)
FN:162,(anonymous_20)
FN:166,(anonymous_21)
FN:169,(anonymous_22)
FN:173,(anonymous_23)
FN:175,(anonymous_24)
FN:177,(anonymous_25)
FN:184,(anonymous_26)
FNF:27
FNH:1
FNDA:0,(anonymous_0)
FNDA:0,(anonymous_1)
FNDA:0,(anonymous_2)
FNDA:0,(anonymous_3)
FNDA:0,(anonymous_4)
FNDA:0,(anonymous_5)
FNDA:0,(anonymous_6)
FNDA:0,(anonymous_7)
FNDA:0,(anonymous_8)
FNDA:0,(anonymous_9)
FNDA:0,(anonymous_10)
FNDA:0,(anonymous_11)
FNDA:0,(anonymous_12)
FNDA:0,(anonymous_13)
FNDA:0,(anonymous_14)
FNDA:0,(anonymous_15)
FNDA:0,(anonymous_16)
FNDA:0,(anonymous_17)
FNDA:82,(anonymous_18)
FNDA:0,(anonymous_19)
FNDA:0,(anonymous_20)
FNDA:0,(anonymous_21)
FNDA:0,(anonymous_22)
FNDA:0,(anonymous_23)
FNDA:0,(anonymous_24)
FNDA:0,(anonymous_25)
FNDA:0,(anonymous_26)
DA:4,65
DA:6,65
DA:7,0
DA:9,0
DA:48,0
DA:49,0
DA:50,0
DA:51,0
DA:52,0
DA:53,0
DA:61,0
DA:62,0
DA:64,0
DA:70,0
DA:77,0
DA:78,0
DA:79,0
DA:86,0
DA:94,0
DA:95,0
DA:96,0
DA:97,0
DA:98,0
DA:101,0
DA:103,0
DA:104,0
DA:105,0
DA:108,0
DA:109,0
DA:111,0
DA:113,0
DA:114,0
DA:116,0
DA:120,0
DA:121,0
DA:124,0
DA:125,0
DA:126,0
DA:128,0
DA:132,0
DA:133,0
DA:135,0
DA:138,0
DA:141,0
DA:142,0
DA:148,65
DA:149,0
DA:152,0
DA:156,65
DA:162,82
DA:163,0
DA:164,0
DA:167,0
DA:170,0
DA:171,0
DA:172,0
DA:173,0
DA:174,0
DA:175,0
DA:178,0
DA:183,0
DA:185,0
DA:186,0
LF:63
LH:5
BRDA:9,0,0,0
BRDA:9,0,1,0
BRDA:43,1,0,0
BRDA:44,2,0,0
BRDA:45,3,0,0
BRDA:46,4,0,0
BRDA:61,5,0,0
BRDA:61,6,0,0
BRDA:77,7,0,0
BRDA:95,8,0,0
BRDA:95,8,1,0
BRDA:95,9,0,0
BRDA:95,9,1,0
BRDA:101,10,0,0
BRDA:101,10,1,0
BRDA:104,11,0,0
BRDA:104,11,1,0
BRDA:104,11,2,0
BRDA:120,12,0,0
BRDA:120,12,1,0
BRDA:124,13,0,0
BRDA:124,13,1,0
BRDA:132,14,0,0
BRDA:132,14,1,0
BRDA:138,15,0,0
BRDA:138,15,1,0
BRDA:141,16,0,0
BRDA:141,16,1,0
BRDA:141,17,0,0
BRDA:141,17,1,0
BRDA:152,18,0,0
BRDA:152,18,1,0
BRDA:152,19,0,0
BRDA:152,19,1,0
BRDA:161,20,0,41
BRDA:174,21,0,0
BRDA:174,21,1,0
BRF:37
BRH:1
end_of_record
TN:
SF:shared/utils/localStorage.ts
FN:8,(anonymous_0)
FN:25,(anonymous_1)
FNF:2
FNH:0
FNDA:0,(anonymous_0)
FNDA:0,(anonymous_1)
DA:8,0
DA:9,0
DA:10,0
DA:11,0
DA:13,0
DA:15,0
DA:25,0
DA:26,0
DA:27,0
DA:28,0
DA:29,0
DA:31,0
DA:33,0
DA:34,0
LF:14
LH:0
BRDA:28,0,0,0
BRDA:28,0,1,0
BRF:2
BRH:0
end_of_record
TN:
SF:shared/utils/panelAppUtils.ts
FN:10,(anonymous_0)
FN:57,(anonymous_1)
FN:87,(anonymous_2)
FN:95,(anonymous_3)
FN:100,(anonymous_4)
FN:103,(anonymous_5)
FN:108,(anonymous_6)
FNF:7
FNH:6
FNDA:41,(anonymous_0)
FNDA:5,(anonymous_1)
FNDA:3,(anonymous_2)
FNDA:4,(anonymous_3)
FNDA:0,(anonymous_4)
FNDA:4,(anonymous_5)
FNDA:8,(anonymous_6)
DA:10,12
DA:11,41
DA:12,3
DA:15,38
DA:17,38
DA:18,12
DA:19,5
DA:21,7
DA:22,2
DA:24,5
DA:26,26
DA:27,5
DA:28,2
DA:30,3
DA:31,3
DA:34,21
DA:35,2
DA:37,19
DA:38,4
DA:41,15
DA:44,12
DA:57,12
DA:62,5
DA:63,0
DA:65,5
DA:67,5
DA:87,12
DA:91,3
DA:92,2
DA:95,1
DA:96,4
DA:97,4
DA:99,0
DA:100,0
DA:103,1
DA:104,4
DA:105,0
DA:107,4
DA:108,8
LF:39
LH:35
BRDA:10,0,0,33
BRDA:11,1,0,3
BRDA:11,1,1,38
BRDA:17,2,0,12
BRDA:17,2,1,26
BRDA:18,3,0,5
BRDA:18,3,1,7
BRDA:19,4,0,4
BRDA:19,4,1,1
BRDA:21,5,0,2
BRDA:21,5,1,5
BRDA:22,6,0,2
BRDA:22,6,1,0
BRDA:26,7,0,5
BRDA:26,7,1,21
BRDA:26,8,0,26
BRDA:26,8,1,22
BRDA:27,9,0,2
BRDA:27,9,1,3
BRDA:30,10,0,3
BRDA:30,10,1,0
BRDA:34,11,0,2
BRDA:34,11,1,19
BRDA:37,12,0,4
BRDA:37,12,1,15
BRDA:41,13,0,13
BRDA:41,13,1,2
BRDA:62,14,0,0
BRDA:62,14,1,5
BRDA:62,15,0,5
BRDA:62,15,1,5
BRDA:62,15,2,5
BRDA:91,16,0,2
BRDA:91,16,1,1
BRDA:96,17,0,4
BRDA:96,17,1,0
BRDA:96,18,0,4
BRDA:96,18,1,0
BRDA:104,19,0,0
BRDA:104,19,1,4
BRDA:107,20,0,4
BRDA:107,20,1,0
BRF:42
BRH:35
end_of_record
TN:
SF:shared/utils/sortUtils.ts
FN:14,(anonymous_0)
FN:45,(anonymous_1)
FN:45,(anonymous_2)
FNF:3
FNH:3
FNDA:27,(anonymous_0)
FNDA:16,(anonymous_1)
FNDA:6,(anonymous_2)
DA:14,81
DA:15,27
DA:16,17
DA:17,4
DA:18,13
DA:19,7
DA:21,6
DA:24,10
DA:25,3
DA:26,7
DA:27,4
DA:29,3
DA:45,81
DA:46,6
DA:47,6
DA:48,6
DA:49,6
DA:51,6
LF:18
LH:18
BRDA:15,0,0,17
BRDA:15,0,1,10
BRDA:15,1,0,27
BRDA:15,1,1,21
BRDA:15,1,2,20
BRDA:15,1,3,17
BRDA:16,2,0,4
BRDA:16,2,1,13
BRDA:18,3,0,7
BRDA:18,3,1,6
BRDA:24,4,0,3
BRDA:24,4,1,7
BRDA:24,5,0,10
BRDA:24,5,1,4
BRDA:26,6,0,4
BRDA:26,6,1,3
BRDA:26,7,0,7
BRDA:26,7,1,6
BRDA:48,8,0,5
BRDA:48,8,1,1
BRDA:49,9,0,6
BRDA:49,9,1,0
BRF:22
BRH:21
end_of_record
TN:
SF:shared/utils/stringUtils.ts
FN:14,(anonymous_0)
FN:14,(anonymous_1)
FN:26,(anonymous_2)
FN:38,(anonymous_3)
FN:50,(anonymous_4)
FN:51,(anonymous_5)
FN:64,(anonymous_6)
FN:76,(anonymous_7)
FN:78,(anonymous_8)
FN:78,(anonymous_9)
FNF:10
FNH:10
FNDA:95,(anonymous_0)
FNDA:194,(anonymous_1)
FNDA:1432,(anonymous_2)
FNDA:3,(anonymous_3)
FNDA:7,(anonymous_4)
FNDA:10,(anonymous_5)
FNDA:46,(anonymous_6)
FNDA:7,(anonymous_7)
FNDA:19,(anonymous_8)
FNDA:12,(anonymous_9)
DA:14,194
DA:26,1432
DA:38,87
DA:50,87
DA:51,10
DA:64,87
DA:76,87
DA:77,7
DA:78,19
DA:80,7
LF:10
LH:10
BRDA:14,0,0,94
BRDA:14,0,1,1
BRDA:26,1,0,1432
BRDA:26,1,1,0
BRDA:38,2,0,3
BRDA:38,2,1,1
BRDA:50,3,0,7
BRDA:50,3,1,5
BRDA:51,4,0,10
BRDA:51,4,1,5
BRDA:51,5,0,3
BRDA:51,5,1,2
BRDA:64,6,0,46
BRDA:64,6,1,45
BRF:14
BRH:13
end_of_record
